#
# A fatal error has been detected by the Java Runtime Environment:
#
#  EXCEPTION_ACCESS_VIOLATION (0xc0000005) at pc=0x04a51a9b, pid=4744, tid=1864
#
# JRE version: 7.0_13-b20
# Java VM: Java HotSpot(TM) Client VM (23.7-b01 mixed mode, sharing windows-x86 )
# Problematic frame:
# C  [jmddraw.dll+0x1a9b]  Java_com_sun_media_renderer_video_DDRenderer_dxDraw+0x1db
#
# Failed to write core dump. Minidumps are not enabled by default on client versions of Windows
#
# If you would like to submit a bug report, please visit:
#   http://bugreport.sun.com/bugreport/crash.jsp
# The crash happened outside the Java Virtual Machine in native code.
# See problematic frame for where to report the bug.
#

---------------  T H R E A D  ---------------

Current thread (0x04ca9c00):  JavaThread "Loop thread: com.sun.media.renderer.video.DDRenderer@1575b4" [_thread_in_native, id=1864, stack(0x0a640000,0x0a690000)]

siginfo: ExceptionCode=0xc0000005, writing address 0x00000000

Registers:
EAX=0x00000000, EBX=0x080f02e0, ECX=0x00000000, EDX=0x2cd8c480
ESP=0x0a68f628, EBP=0x0bb50020, ESI=0x04ca9d28, EDI=0x00000000
EIP=0x04a51a9b, EFLAGS=0x00010206

Top of Stack: (sp=0x0a68f628)
0x0a68f628:   04ca9c00 37341e50 0a68f778 37341e50
0x0a68f638:   0b3c0000 00000000 0bb50020 04e670d0
0x0a68f648:   00000000 2cd8c480 00000a00 00000004
0x0a68f658:   0265e1c0 00000006 04ca9c00 00000126
0x0a68f668:   04ca9cf8 00000002 00000000 00000000
0x0a68f678:   00000000 00000000 00000280 000001e0
0x0a68f688:   0260c368 0260c754 2cd8c480 06073b4e
0x0a68f698:   2cd8c480 04ca9c00 0a68f6c4 64aa3e69 

Instructions: (pc=0x04a51a9b)
0x04a51a7b:   85 c0 0f 84 31 01 00 00 83 f8 20 0f 84 28 01 00
0x04a51a8b:   00 50 e8 6b 07 00 00 8b 54 24 28 8b f8 83 c4 04
0x04a51a9b:   89 17 8b 43 1c 8d 54 24 24 8b 08 52 8d 54 24 38
0x04a51aab:   57 52 50 ff 51 0c 57 e8 17 07 00 00 83 c4 04 c7 


Register to memory mapping:

EAX=0x00000000 is an unknown value
EBX=0x080f02e0 is an unknown value
ECX=0x00000000 is an unknown value
EDX=0x2cd8c480 is an oop
com.sun.media.CircularBuffer 
 - klass: 'com/sun/media/CircularBuffer'
ESP=0x0a68f628 is pointing into the stack for thread: 0x04ca9c00
EBP=0x0bb50020 is an unknown value
ESI=0x04ca9d28 is an unknown value
EDI=0x00000000 is an unknown value


Stack: [0x0a640000,0x0a690000],  sp=0x0a68f628,  free space=317k
Native frames: (J=compiled Java code, j=interpreted, Vv=VM code, C=native code)
C  [jmddraw.dll+0x1a9b]  Java_com_sun_media_renderer_video_DDRenderer_dxDraw+0x1db

Java frames: (J=compiled Java code, j=interpreted, Vv=VM code)
j  com.sun.media.renderer.video.DDRenderer.dxDraw(Ljava/lang/Object;JII)Z+0
j  com.sun.media.renderer.video.DDRenderer.doProcess(Ljavax/media/Buffer;)I+217
j  com.sun.media.renderer.video.BasicVideoRenderer.process(Ljavax/media/Buffer;)I+18
j  com.sun.media.BasicRendererModule.processBuffer(Ljavax/media/Buffer;)I+357
j  com.sun.media.BasicRendererModule.scheduleBuffer(Ljavax/media/Buffer;)Z+164
j  com.sun.media.BasicRendererModule.doProcess()Z+330
j  com.sun.media.RenderThread.process()Z+4
j  com.sun.media.util.LoopThread.run()V+14
v  ~StubRoutines::call_stub

---------------  P R O C E S S  ---------------

Java Threads: ( => current thread )
  0x04caa800 JavaThread "Thread-0" daemon [_thread_in_native, id=2628, stack(0x0c480000,0x0c4d0000)]
=>0x04ca9c00 JavaThread "Loop thread: com.sun.media.renderer.video.DDRenderer@1575b4" [_thread_in_native, id=1864, stack(0x0a640000,0x0a690000)]
  0x04cab000 JavaThread "Loop thread: com.sun.media.parser.RawBufferParser$FrameTrack@161f9da" [_thread_blocked, id=3640, stack(0x0a5c0000,0x0a610000)]
  0x04caa400 JavaThread "Progress Slider thread" [_thread_blocked, id=4492, stack(0x0a4c0000,0x0a510000)]
  0x04ca9800 JavaThread "Loop thread" [_thread_blocked, id=3244, stack(0x0a3a0000,0x0a3f0000)]
  0x04ca9000 JavaThread "VFW TransferDataThread" [_thread_blocked, id=4468, stack(0x07420000,0x07470000)]
  0x04c77400 JavaThread "VFW VideoPollThread" [_thread_blocked, id=4792, stack(0x07e00000,0x07e50000)]
  0x04e32c00 JavaThread "JMF thread: SendEventQueue: com.sun.media.PlaybackEngine" [_thread_blocked, id=1556, stack(0x05ef0000,0x05f40000)]
  0x04e05400 JavaThread "JMF thread: SendEventQueue: com.sun.media.content.unknown.Handler" [_thread_blocked, id=3200, stack(0x073a0000,0x073f0000)]
  0x061c8c00 JavaThread "VFW Request Thread" [_thread_blocked, id=2144, stack(0x06d10000,0x06d60000)]
  0x04d96800 JavaThread "TimerQueue" daemon [_thread_blocked, id=4180, stack(0x05d20000,0x05d70000)]
  0x0029b400 JavaThread "DestroyJavaVM" [_thread_blocked, id=4728, stack(0x023d0000,0x02420000)]
  0x04d2d000 JavaThread "AWT-EventQueue-0" [_thread_blocked, id=232, stack(0x05730000,0x05780000)]
  0x04cf8800 JavaThread "AWT-Shutdown" [_thread_blocked, id=4556, stack(0x050a0000,0x050f0000)]
  0x04cf6000 JavaThread "Java2D Disposer" daemon [_thread_blocked, id=3304, stack(0x04980000,0x049d0000)]
  0x02606c00 JavaThread "Service Thread" daemon [_thread_blocked, id=3120, stack(0x04b00000,0x04b50000)]
  0x025fdc00 JavaThread "C1 CompilerThread0" daemon [_thread_blocked, id=3988, stack(0x04a90000,0x04ae0000)]
  0x025fcc00 JavaThread "Attach Listener" daemon [_thread_blocked, id=1064, stack(0x005c0000,0x00610000)]
  0x025f7800 JavaThread "Signal Dispatcher" daemon [_thread_blocked, id=4504, stack(0x024d0000,0x02520000)]
  0x025e3c00 JavaThread "Finalizer" daemon [_thread_blocked, id=4460, stack(0x047b0000,0x04800000)]
  0x025e2400 JavaThread "Reference Handler" daemon [_thread_blocked, id=4892, stack(0x02420000,0x02470000)]

Other Threads:
  0x025e0800 VMThread [stack: 0x00a80000,0x00ad0000] [id=2160]
  0x02619000 WatcherThread [stack: 0x04c20000,0x04c70000] [id=3972]

VM state:not at safepoint (normal execution)

VM Mutex/Monitor currently owned by a thread: None

Heap
 def new generation   total 6528K, used 5533K [0x27010000, 0x27720000, 0x2c560000)
  eden space 5824K,  84% used [0x27010000, 0x274e0678, 0x275c0000)
  from space 704K,  85% used [0x27670000, 0x27706e70, 0x27720000)
  to   space 704K,   0% used [0x275c0000, 0x275c0000, 0x27670000)
 tenured generation   total 14332K, used 13397K [0x2c560000, 0x2d35f000, 0x37010000)
   the space 14332K,  93% used [0x2c560000, 0x2d275678, 0x2d275800, 0x2d35f000)
 compacting perm gen  total 12288K, used 3489K [0x37010000, 0x37c10000, 0x3b010000)
   the space 12288K,  28% used [0x37010000, 0x37378708, 0x37378800, 0x37c10000)
    ro space 10240K,  45% used [0x3b010000, 0x3b496fa8, 0x3b497000, 0x3ba10000)
    rw space 12288K,  54% used [0x3ba10000, 0x3c09a9a0, 0x3c09aa00, 0x3c610000)

Card table byte_map: [0x022c0000,0x02370000] byte_map_base: 0x02187f80

Polling page: 0x001f0000

Code Cache  [0x02630000, 0x02778000, 0x04630000)
 total_blobs=698 nmethods=449 adapters=183 free_code_cache=31464Kb largest_free_block=32218496

Compilation events (10 events):
Event: 48.747 Thread 0x025fdc00  445             javax.swing.SwingUtilities::getWindowAncestor (31 bytes)
Event: 48.747 Thread 0x025fdc00 nmethod 445 0x02775488 code [0x027755a0, 0x027756b8]
Event: 49.032 Thread 0x025fdc00  446  s!         java.awt.Toolkit::getDefaultToolkit (39 bytes)
Event: 49.033 Thread 0x025fdc00 nmethod 446 0x026e0188 code [0x026e02c0, 0x026e055c]
Event: 50.956 Thread 0x025fdc00  447             java.util.WeakHashMap::indexFor (6 bytes)
Event: 50.956 Thread 0x025fdc00 nmethod 447 0x026dffc8 code [0x026e00c0, 0x026e0130]
Event: 55.347 Thread 0x025fdc00  450  s          com.sun.media.CircularBuffer::canRead (13 bytes)
Event: 55.348 Thread 0x025fdc00 nmethod 450 0x02775c88 code [0x02775d80, 0x02775f50]
Event: 55.640 Thread 0x025fdc00  451             java.awt.EventQueue::noEvents (29 bytes)
Event: 55.640 Thread 0x025fdc00 nmethod 451 0x02775fc8 code [0x027760d0, 0x027761b0]

GC Heap History (10 events):
Event: 1.824 GC heap before
{Heap before GC invocations=2 (full 0):
 def new generation   total 4928K, used 4885K [0x27010000, 0x27560000, 0x2c560000)
  eden space 4416K, 100% used [0x27010000, 0x27460000, 0x27460000)
  from space 512K,  91% used [0x27460000, 0x274d57a0, 0x274e0000)
  to   space 512K,   0% used [0x274e0000, 0x274e0000, 0x27560000)
 tenured generation   total 10944K, used 2331K [0x2c560000, 0x2d010000, 0x37010000)
   the space 10944K,  21% used [0x2c560000, 0x2c7a6e68, 0x2c7a7000, 0x2d010000)
 compacting perm gen  total 12288K, used 2272K [0x37010000, 0x37c10000, 0x3b010000)
   the space 12288K,  18% used [0x37010000, 0x37248398, 0x37248400, 0x37c10000)
    ro space 10240K,  45% used [0x3b010000, 0x3b496fa8, 0x3b497000, 0x3ba10000)
    rw space 12288K,  54% used [0x3ba10000, 0x3c09a9a0, 0x3c09aa00, 0x3c610000)
Event: 1.828 GC heap after
Heap after GC invocations=3 (full 0):
 def new generation   total 4928K, used 33K [0x27010000, 0x27560000, 0x2c560000)
  eden space 4416K,   0% used [0x27010000, 0x27010000, 0x27460000)
  from space 512K,   6% used [0x274e0000, 0x274e86c0, 0x27560000)
  to   space 512K,   0% used [0x27460000, 0x27460000, 0x274e0000)
 tenured generation   total 10944K, used 6566K [0x2c560000, 0x2d010000, 0x37010000)
   the space 10944K,  59% used [0x2c560000, 0x2cbc9980, 0x2cbc9a00, 0x2d010000)
 compacting perm gen  total 12288K, used 2272K [0x37010000, 0x37c10000, 0x3b010000)
   the space 12288K,  18% used [0x37010000, 0x37248398, 0x37248400, 0x37c10000)
    ro space 10240K,  45% used [0x3b010000, 0x3b496fa8, 0x3b497000, 0x3ba10000)
    rw space 12288K,  54% used [0x3ba10000, 0x3c09a9a0, 0x3c09aa00, 0x3c610000)
}
Event: 5.369 GC heap before
{Heap before GC invocations=3 (full 0):
 def new generation   total 4928K, used 4185K [0x27010000, 0x27560000, 0x2c560000)
  eden space 4416K,  94% used [0x27010000, 0x2741e110, 0x27460000)
  from space 512K,   6% used [0x274e0000, 0x274e86c0, 0x27560000)
  to   space 512K,   0% used [0x27460000, 0x27460000, 0x274e0000)
 tenured generation   total 10944K, used 6566K [0x2c560000, 0x2d010000, 0x37010000)
   the space 10944K,  59% used [0x2c560000, 0x2cbc9980, 0x2cbc9a00, 0x2d010000)
 compacting perm gen  total 12288K, used 2813K [0x37010000, 0x37c10000, 0x3b010000)
   the space 12288K,  22% used [0x37010000, 0x372cf620, 0x372cf800, 0x37c10000)
    ro space 10240K,  45% used [0x3b010000, 0x3b496fa8, 0x3b497000, 0x3ba10000)
    rw space 12288K,  54% used [0x3ba10000, 0x3c09a9a0, 0x3c09aa00, 0x3c610000)
Event: 5.376 GC heap after
Heap after GC invocations=4 (full 0):
 def new generation   total 4928K, used 512K [0x27010000, 0x27560000, 0x2c560000)
  eden space 4416K,   0% used [0x27010000, 0x27010000, 0x27460000)
  from space 512K, 100% used [0x27460000, 0x274e0000, 0x274e0000)
  to   space 512K,   0% used [0x274e0000, 0x274e0000, 0x27560000)
 tenured generation   total 10944K, used 7042K [0x2c560000, 0x2d010000, 0x37010000)
   the space 10944K,  64% used [0x2c560000, 0x2cc40920, 0x2cc40a00, 0x2d010000)
 compacting perm gen  total 12288K, used 2813K [0x37010000, 0x37c10000, 0x3b010000)
   the space 12288K,  22% used [0x37010000, 0x372cf620, 0x372cf800, 0x37c10000)
    ro space 10240K,  45% used [0x3b010000, 0x3b496fa8, 0x3b497000, 0x3ba10000)
    rw space 12288K,  54% used [0x3ba10000, 0x3c09a9a0, 0x3c09aa00, 0x3c610000)
}
Event: 5.624 GC heap before
{Heap before GC invocations=4 (full 0):
 def new generation   total 4928K, used 4928K [0x27010000, 0x27560000, 0x2c560000)
  eden space 4416K, 100% used [0x27010000, 0x27460000, 0x27460000)
  from space 512K, 100% used [0x27460000, 0x274e0000, 0x274e0000)
  to   space 512K,   0% used [0x274e0000, 0x274e0000, 0x27560000)
 tenured generation   total 10944K, used 7042K [0x2c560000, 0x2d010000, 0x37010000)
   the space 10944K,  64% used [0x2c560000, 0x2cc40920, 0x2cc40a00, 0x2d010000)
 compacting perm gen  total 12288K, used 3439K [0x37010000, 0x37c10000, 0x3b010000)
   the space 12288K,  27% used [0x37010000, 0x3736bf80, 0x3736c000, 0x37c10000)
    ro space 10240K,  45% used [0x3b010000, 0x3b496fa8, 0x3b497000, 0x3ba10000)
    rw space 12288K,  54% used [0x3ba10000, 0x3c09a9a0, 0x3c09aa00, 0x3c610000)
Event: 5.628 GC heap after
Heap after GC invocations=5 (full 0):
 def new generation   total 4928K, used 511K [0x27010000, 0x27560000, 0x2c560000)
  eden space 4416K,   0% used [0x27010000, 0x27010000, 0x27460000)
  from space 512K,  99% used [0x274e0000, 0x2755fff8, 0x27560000)
  to   space 512K,   0% used [0x27460000, 0x27460000, 0x274e0000)
 tenured generation   total 10944K, used 8665K [0x2c560000, 0x2d010000, 0x37010000)
   the space 10944K,  79% used [0x2c560000, 0x2cdd6470, 0x2cdd6600, 0x2d010000)
 compacting perm gen  total 12288K, used 3439K [0x37010000, 0x37c10000, 0x3b010000)
   the space 12288K,  27% used [0x37010000, 0x3736bf80, 0x3736c000, 0x37c10000)
    ro space 10240K,  45% used [0x3b010000, 0x3b496fa8, 0x3b497000, 0x3ba10000)
    rw space 12288K,  54% used [0x3ba10000, 0x3c09a9a0, 0x3c09aa00, 0x3c610000)
}
Event: 50.960 GC heap before
{Heap before GC invocations=5 (full 0):
 def new generation   total 4928K, used 4556K [0x27010000, 0x27560000, 0x2c560000)
  eden space 4416K,  91% used [0x27010000, 0x27403360, 0x27460000)
  from space 512K,  99% used [0x274e0000, 0x2755fff8, 0x27560000)
  to   space 512K,   0% used [0x27460000, 0x27460000, 0x274e0000)
 tenured generation   total 10944K, used 8665K [0x2c560000, 0x2d010000, 0x37010000)
   the space 10944K,  79% used [0x2c560000, 0x2cdd6470, 0x2cdd6600, 0x2d010000)
 compacting perm gen  total 12288K, used 3486K [0x37010000, 0x37c10000, 0x3b010000)
   the space 12288K,  28% used [0x37010000, 0x37377958, 0x37377a00, 0x37c10000)
    ro space 10240K,  45% used [0x3b010000, 0x3b496fa8, 0x3b497000, 0x3ba10000)
    rw space 12288K,  54% used [0x3ba10000, 0x3c09a9a0, 0x3c09aa00, 0x3c610000)
Event: 50.998 GC heap after
Heap after GC invocations=6 (full 1):
 def new generation   total 6528K, used 0K [0x27010000, 0x27720000, 0x2c560000)
  eden space 5824K,   0% used [0x27010000, 0x27010000, 0x275c0000)
  from space 704K,   0% used [0x275c0000, 0x275c0000, 0x27670000)
  to   space 704K,   0% used [0x27670000, 0x27670000, 0x27720000)
 tenured generation   total 14332K, used 8597K [0x2c560000, 0x2d35f000, 0x37010000)
   the space 14332K,  59% used [0x2c560000, 0x2cdc5628, 0x2cdc5800, 0x2d35f000)
 compacting perm gen  total 12288K, used 3486K [0x37010000, 0x37c10000, 0x3b010000)
   the space 12288K,  28% used [0x37010000, 0x37377958, 0x37377a00, 0x37c10000)
    ro space 10240K,  45% used [0x3b010000, 0x3b496fa8, 0x3b497000, 0x3ba10000)
    rw space 12288K,  54% used [0x3ba10000, 0x3c09a9a0, 0x3c09aa00, 0x3c610000)
}
Event: 51.058 GC heap before
{Heap before GC invocations=6 (full 1):
 def new generation   total 6528K, used 5459K [0x27010000, 0x27720000, 0x2c560000)
  eden space 5824K,  93% used [0x27010000, 0x27564ea8, 0x275c0000)
  from space 704K,   0% used [0x275c0000, 0x275c0000, 0x27670000)
  to   space 704K,   0% used [0x27670000, 0x27670000, 0x27720000)
 tenured generation   total 14332K, used 8597K [0x2c560000, 0x2d35f000, 0x37010000)
   the space 14332K,  59% used [0x2c560000, 0x2cdc5628, 0x2cdc5800, 0x2d35f000)
 compacting perm gen  total 12288K, used 3489K [0x37010000, 0x37c10000, 0x3b010000)
   the space 12288K,  28% used [0x37010000, 0x37378588, 0x37378600, 0x37c10000)
    ro space 10240K,  45% used [0x3b010000, 0x3b496fa8, 0x3b497000, 0x3ba10000)
    rw space 12288K,  54% used [0x3ba10000, 0x3c09a9a0, 0x3c09aa00, 0x3c610000)
Event: 51.062 GC heap after
Heap after GC invocations=7 (full 1):
 def new generation   total 6528K, used 603K [0x27010000, 0x27720000, 0x2c560000)
  eden space 5824K,   0% used [0x27010000, 0x27010000, 0x275c0000)
  from space 704K,  85% used [0x27670000, 0x27706e70, 0x27720000)
  to   space 704K,   0% used [0x275c0000, 0x275c0000, 0x27670000)
 tenured generation   total 14332K, used 13397K [0x2c560000, 0x2d35f000, 0x37010000)
   the space 14332K,  93% used [0x2c560000, 0x2d275678, 0x2d275800, 0x2d35f000)
 compacting perm gen  total 12288K, used 3489K [0x37010000, 0x37c10000, 0x3b010000)
   the space 12288K,  28% used [0x37010000, 0x37378588, 0x37378600, 0x37c10000)
    ro space 10240K,  45% used [0x3b010000, 0x3b496fa8, 0x3b497000, 0x3ba10000)
    rw space 12288K,  54% used [0x3ba10000, 0x3c09a9a0, 0x3c09aa00, 0x3c610000)
}

Deoptimization events (0 events):
No events

Internal exceptions (10 events):
Event: 5.614 Thread 0x04d2d000 Threw 0x273a0260 at C:\jdk7u2_32P\jdk7u13_2932_new\hotspot\src\share\vm\prims\jvm.cpp:1166
Event: 5.614 Thread 0x04d2d000 Threw 0x273a2a10 at C:\jdk7u2_32P\jdk7u13_2932_new\hotspot\src\share\vm\prims\jvm.cpp:1166
Event: 5.615 Thread 0x04d2d000 Threw 0x273a7960 at C:\jdk7u2_32P\jdk7u13_2932_new\hotspot\src\share\vm\prims\jvm.cpp:1166
Event: 5.616 Thread 0x04d2d000 Threw 0x273ac680 at C:\jdk7u2_32P\jdk7u13_2932_new\hotspot\src\share\vm\prims\jvm.cpp:1166
Event: 5.631 Thread 0x04d2d000 Threw 0x27014be8 at C:\jdk7u2_32P\jdk7u13_2932_new\hotspot\src\share\vm\prims\jvm.cpp:1166
Event: 5.637 Thread 0x04d2d000 Threw 0x2701e838 at C:\jdk7u2_32P\jdk7u13_2932_new\hotspot\src\share\vm\prims\jvm.cpp:1166
Event: 5.637 Thread 0x04d2d000 Threw 0x270200e8 at C:\jdk7u2_32P\jdk7u13_2932_new\hotspot\src\share\vm\prims\jvm.cpp:1166
Event: 5.657 Thread 0x04d2d000 Threw 0x270ae2e0 at C:\jdk7u2_32P\jdk7u13_2932_new\hotspot\src\share\vm\prims\jvm.cpp:1166
Event: 50.955 Thread 0x04ca9c00 Threw 0x273fe010 at C:\jdk7u2_32P\jdk7u13_2932_new\hotspot\src\share\vm\prims\jvm.cpp:1166
Event: 51.000 Thread 0x04ca9c00 Threw 0x270a6b08 at C:\jdk7u2_32P\jdk7u13_2932_new\hotspot\src\share\vm\prims\jvm.cpp:1166

Events (10 events):
Event: 54.643 Executing VM operation: RevokeBias
Event: 54.643 Executing VM operation: RevokeBias done
Event: 54.643 Executing VM operation: RevokeBias
Event: 54.644 Executing VM operation: RevokeBias done
Event: 55.641 Executing VM operation: RevokeBias
Event: 55.641 Executing VM operation: RevokeBias done
Event: 55.641 Executing VM operation: RevokeBias
Event: 55.641 Executing VM operation: RevokeBias done
Event: 56.388 Thread 0x04caa800 Thread added: 0x04caa800
Event: 56.388 Thread 0x04cab400 Thread added: 0x04cab400


Dynamic libraries:
0x00ae0000 - 0x00b0f000 	C:\Program Files (x86)\Java\jdk1.7.0_13\bin\java.exe
0x773b0000 - 0x77530000 	C:\Windows\SysWOW64\ntdll.dll
0x71080000 - 0x710bf000 	C:\Program Files\AVAST Software\Avast\snxhk.dll
0x75aa0000 - 0x75bb0000 	C:\Windows\syswow64\KERNEL32.dll
0x74af0000 - 0x74b37000 	C:\Windows\syswow64\KERNELBASE.dll
0x760e0000 - 0x76180000 	C:\Windows\syswow64\ADVAPI32.dll
0x759f0000 - 0x75a9c000 	C:\Windows\syswow64\msvcrt.dll
0x758e0000 - 0x758f9000 	C:\Windows\SysWOW64\sechost.dll
0x76180000 - 0x76270000 	C:\Windows\syswow64\RPCRT4.dll
0x74a90000 - 0x74af0000 	C:\Windows\syswow64\SspiCli.dll
0x74a80000 - 0x74a8c000 	C:\Windows\syswow64\CRYPTBASE.dll
0x75bb0000 - 0x75cb0000 	C:\Windows\syswow64\USER32.dll
0x75ea0000 - 0x75f30000 	C:\Windows\syswow64\GDI32.dll
0x75d30000 - 0x75d3a000 	C:\Windows\syswow64\LPK.dll
0x76a20000 - 0x76abe000 	C:\Windows\syswow64\USP10.dll
0x713a0000 - 0x7153e000 	C:\Windows\WinSxS\x86_microsoft.windows.common-controls_6595b64144ccf1df_6.0.7600.16661_none_420fe3fa2b8113bd\COMCTL32.dll
0x76080000 - 0x760d7000 	C:\Windows\syswow64\SHLWAPI.dll
0x76650000 - 0x766b0000 	C:\Windows\system32\IMM32.DLL
0x74b70000 - 0x74c3c000 	C:\Windows\syswow64\MSCTF.dll
0x71a10000 - 0x71a46000 	C:\Windows\SysWOW64\nvinit.dll
0x0f000000 - 0x0f006000 	C:\Program Files (x86)\NVIDIA Corporation\CoProcManager\_etoured.dll
0x70e20000 - 0x70e6c000 	C:\Program Files (x86)\NVIDIA Corporation\CoProcManager\nvd3d9wrap.dll
0x76390000 - 0x7652d000 	C:\Windows\syswow64\SETUPAPI.dll
0x76ac0000 - 0x76ae7000 	C:\Windows\syswow64\CFGMGR32.dll
0x76870000 - 0x768ff000 	C:\Windows\syswow64\OLEAUT32.dll
0x75d40000 - 0x75e9c000 	C:\Windows\syswow64\ole32.dll
0x74b50000 - 0x74b62000 	C:\Windows\syswow64\DEVOBJ.dll
0x70970000 - 0x709a3000 	C:\Program Files (x86)\NVIDIA Corporation\CoProcManager\nvdxgiwrap.dll
0x6ade0000 - 0x6ae9e000 	C:\Program Files (x86)\Java\jdk1.7.0_13\jre\bin\msvcr100.dll
0x64960000 - 0x64cad000 	C:\Program Files (x86)\Java\jdk1.7.0_13\jre\bin\client\jvm.dll
0x71f40000 - 0x71f47000 	C:\Windows\system32\WSOCK32.dll
0x758a0000 - 0x758d5000 	C:\Windows\syswow64\WS2_32.dll
0x74b40000 - 0x74b46000 	C:\Windows\syswow64\NSI.dll
0x70750000 - 0x70782000 	C:\Windows\system32\WINMM.dll
0x77380000 - 0x77385000 	C:\Windows\syswow64\PSAPI.DLL
0x710e0000 - 0x710ec000 	C:\Program Files (x86)\Java\jdk1.7.0_13\jre\bin\verify.dll
0x6e440000 - 0x6e460000 	C:\Program Files (x86)\Java\jdk1.7.0_13\jre\bin\java.dll
0x6e400000 - 0x6e413000 	C:\Program Files (x86)\Java\jdk1.7.0_13\jre\bin\zip.dll
0x68a10000 - 0x68b52000 	C:\Program Files (x86)\Java\jdk1.7.0_13\jre\bin\awt.dll
0x71320000 - 0x713a0000 	C:\Windows\system32\uxtheme.dll
0x705b0000 - 0x705c3000 	C:\Windows\system32\dwmapi.dll
0x74c40000 - 0x75889000 	C:\Windows\syswow64\SHELL32.dll
0x6c310000 - 0x6c33a000 	C:\Program Files (x86)\Java\jdk1.7.0_13\jre\bin\fontmanager.dll
0x6e420000 - 0x6e434000 	C:\Program Files (x86)\Java\jdk1.7.0_13\jre\bin\net.dll
0x6ff60000 - 0x6ff9c000 	C:\Windows\system32\mswsock.dll
0x73a20000 - 0x73a26000 	C:\Windows\System32\wship6.dll
0x710f0000 - 0x710fe000 	C:\Program Files (x86)\Java\jdk1.7.0_13\jre\bin\nio.dll
0x6c2d0000 - 0x6c301000 	C:\Program Files (x86)\Java\jdk1.7.0_13\jre\bin\t2k.dll
0x75960000 - 0x759e3000 	C:\Windows\syswow64\CLBCatQ.DLL
0x68910000 - 0x68a0b000 	C:\Windows\system32\WindowsCodecs.dll
0x71ed0000 - 0x71f1b000 	C:\Windows\system32\apphelp.dll
0x10000000 - 0x10022000 	C:\Users\francisco\AppData\Roaming\Dropbox\bin\DropboxExt.19.dll
0x71de0000 - 0x71ecb000 	C:\Windows\system32\dbghelp.dll
0x727b0000 - 0x7283e000 	C:\Windows\WinSxS\x86_microsoft.vc90.crt_1fc8b3b9a1e18e3b_9.0.30729.6161_none_50934f2ebcb7eb57\MSVCP90.dll
0x72840000 - 0x728e3000 	C:\Windows\WinSxS\x86_microsoft.vc90.crt_1fc8b3b9a1e18e3b_9.0.30729.6161_none_50934f2ebcb7eb57\MSVCR90.dll
0x6b670000 - 0x6b6a1000 	C:\Windows\system32\EhStorShell.dll
0x6b400000 - 0x6b4f5000 	C:\Windows\system32\PROPSYS.dll
0x67380000 - 0x673ef000 	C:\Windows\system32\ntshrui.dll
0x6fc60000 - 0x6fc79000 	C:\Windows\system32\srvcli.dll
0x705e0000 - 0x705eb000 	C:\Windows\system32\cscapi.dll
0x70e70000 - 0x70e7a000 	C:\Windows\system32\slc.dll
0x6b6c0000 - 0x6b6e4000 	C:\Program Files (x86)\Java\jdk1.7.0_13\jre\bin\dcpr.dll
0x04800000 - 0x04815000 	C:\Windows\System32\jmutil.dll
0x024b0000 - 0x024bd000 	C:\Windows\System32\jmvfw.dll
0x6e3e0000 - 0x6e3f3000 	C:\Windows\system32\AVICAP32.dll
0x71f30000 - 0x71f39000 	C:\Windows\system32\VERSION.dll
0x6b640000 - 0x6b661000 	C:\Windows\system32\MSVFW32.dll
0x6b900000 - 0x6b939000 	C:\Windows\system32\MMDevAPI.DLL
0x6b610000 - 0x6b640000 	C:\Windows\system32\wdmaud.drv
0x70f60000 - 0x70f64000 	C:\Windows\system32\ksuser.dll
0x710c0000 - 0x710c7000 	C:\Windows\system32\AVRT.dll
0x6b940000 - 0x6b976000 	C:\Windows\system32\AUDIOSES.DLL
0x6e7a0000 - 0x6e7a8000 	C:\Windows\system32\msacm32.drv
0x73620000 - 0x73634000 	C:\Windows\system32\MSACM32.dll
0x6fae0000 - 0x6fae7000 	C:\Windows\system32\midimap.dll
0x688d0000 - 0x688e4000 	C:\Windows\SysWOW64\devenum.dll
0x6fec0000 - 0x6fee1000 	C:\Windows\system32\ntmarta.dll
0x76270000 - 0x762b5000 	C:\Windows\syswow64\WLDAP32.dll
0x76050000 - 0x7607d000 	C:\Windows\syswow64\WINTRUST.dll
0x76530000 - 0x7664e000 	C:\Windows\syswow64\CRYPT32.dll
0x75890000 - 0x7589c000 	C:\Windows\syswow64\MSASN1.dll
0x6e320000 - 0x6e32b000 	C:\Windows\system32\msdmo.dll
0x68890000 - 0x688c3000 	C:\Windows\SysWOW64\ksproxy.ax
0x68e60000 - 0x69023000 	C:\Windows\SysWOW64\d3d9.dll
0x73650000 - 0x73656000 	C:\Windows\SysWOW64\d3d8thk.dll
0x6c2c0000 - 0x6c2c9000 	C:\Windows\SysWOW64\vidcap.ax
0x688f0000 - 0x6890d000 	C:\Windows\SysWOW64\kswdmcap.ax
0x68770000 - 0x6888c000 	C:\Windows\SysWOW64\MFC42.dll
0x686e0000 - 0x6876c000 	C:\Windows\SysWOW64\ODBC32.dll
0x686a0000 - 0x686d8000 	C:\Windows\SysWOW64\odbcint.dll
0x65710000 - 0x65742000 	C:\Windows\SysWOW64\qcap.dll
0x64660000 - 0x647d7000 	C:\Windows\SysWOW64\quartz.dll
0x6b6b0000 - 0x6b6b6000 	C:\Windows\system32\DCIMAN32.DLL
0x673f0000 - 0x67401000 	C:\Windows\system32\vfwwdm32.dll
0x6add0000 - 0x6add9000 	C:\Windows\system32\msyuv.dll
0x04a50000 - 0x04a58000 	C:\Windows\System32\jmddraw.dll
0x64870000 - 0x64957000 	C:\Windows\system32\DDRAW.dll
0x69fb0000 - 0x6a0a1000 	C:\Windows\system32\nvumdshim.dll
0x082f0000 - 0x088d8000 	C:\Windows\system32\igdumd32.dll
0x05180000 - 0x0518b000 	C:\Windows\System32\jmvcm.dll
0x710d0000 - 0x710d6000 	C:\Program Files (x86)\Java\jdk1.7.0_13\jre\bin\jawt.dll
0x04fc0000 - 0x04fc9000 	C:\Windows\System32\jmfjawt.dll

VM Arguments:
jvm_args: -Dfile.encoding=UTF-8 
java_command: proyectofinal.ProyectoFinal
Launcher Type: SUN_STANDARD

Environment Variables:
CLASSPATH=.;.;.;.;.;C:\PROGRA~2\JMF21~1.1E\lib\sound.jar;C:\PROGRA~2\JMF21~1.1E\lib\jmf.jar;C:\PROGRA~2\JMF21~1.1E\lib;
PATH=C:\Program Files (x86)\NVIDIA Corporation\PhysX\Common;C:\Windows\system32;C:\Windows;C:\Windows\System32\Wbem;C:\Windows\System32\WindowsPowerShell\v1.0\;C:\Program Files (x86)\Intel\OpenCL SDK\2.0\bin\x86;C:\Program Files (x86)\Intel\OpenCL SDK\2.0\bin\x64;C:\Users\francisco\AppData\Local\Smartbar\Application\;C:\Users\francisco\AppData\Local\Smartbar\Application\
USERNAME=francisco
OS=Windows_NT
PROCESSOR_IDENTIFIER=Intel64 Family 6 Model 58 Stepping 9, GenuineIntel



---------------  S Y S T E M  ---------------

OS: Windows 7 , 64 bit Build 7600 

CPU:total 4 (2 cores per cpu, 2 threads per core) family 6 model 58 stepping 9, cmov, cx8, fxsr, mmx, sse, sse2, sse3, ssse3, sse4.1, sse4.2, popcnt, ht, tsc, tscinvbit, tscinv

Memory: 4k page, physical 8202604k(5347332k free), swap 16403300k(13358288k free)

vm_info: Java HotSpot(TM) Client VM (23.7-b01) for windows-x86 JRE (1.7.0_13-b20), built on Jan 30 2013 10:03:58 by "java_re" with unknown MS VC++:1600

time: Mon Jun 17 16:05:01 2013
elapsed time: 56 seconds

