#
# A fatal error has been detected by the Java Runtime Environment:
#
#  EXCEPTION_ACCESS_VIOLATION (0xc0000005) at pc=0x02641a9b, pid=5904, tid=1432
#
# JRE version: 7.0_13-b20
# Java VM: Java HotSpot(TM) Client VM (23.7-b01 mixed mode, sharing windows-x86 )
# Problematic frame:
# C  [jmddraw.dll+0x1a9b]  Java_com_sun_media_renderer_video_DDRenderer_dxDraw+0x1db
#
# Failed to write core dump. Minidumps are not enabled by default on client versions of Windows
#
# If you would like to submit a bug report, please visit:
#   http://bugreport.sun.com/bugreport/crash.jsp
# The crash happened outside the Java Virtual Machine in native code.
# See problematic frame for where to report the bug.
#

---------------  T H R E A D  ---------------

Current thread (0x04d4a000):  JavaThread "Loop thread: com.sun.media.renderer.video.DDRenderer@64cc4d" [_thread_in_native, id=1432, stack(0x0a520000,0x0a570000)]

siginfo: ExceptionCode=0xc0000005, writing address 0x00000000

Registers:
EAX=0x00000000, EBX=0x081902e0, ECX=0x00000000, EDX=0x2cc31110
ESP=0x0a56f118, EBP=0x0bc00020, ESI=0x04d4a128, EDI=0x00000000
EIP=0x02641a9b, EFLAGS=0x00010206

Top of Stack: (sp=0x0a56f118)
0x0a56f118:   04d4a000 3736a5d0 0a56f268 3736a5d0
0x0a56f128:   0b470000 00000000 0bc00020 04d21050
0x0a56f138:   00000000 2cc31110 00000a00 00000004
0x0a56f148:   027493f0 00000006 04d4a000 00000126
0x0a56f158:   04d4a0f8 00000001 00000000 00000000
0x0a56f168:   00000000 00000000 00000280 000001e0
0x0a56f178:   00000000 0a56f1a8 2cc31110 04dd102e
0x0a56f188:   2cc31110 04d4a000 0a56f1b4 6db23e69 

Instructions: (pc=0x02641a9b)
0x02641a7b:   85 c0 0f 84 31 01 00 00 83 f8 20 0f 84 28 01 00
0x02641a8b:   00 50 e8 6b 07 00 00 8b 54 24 28 8b f8 83 c4 04
0x02641a9b:   89 17 8b 43 1c 8d 54 24 24 8b 08 52 8d 54 24 38
0x02641aab:   57 52 50 ff 51 0c 57 e8 17 07 00 00 83 c4 04 c7 


Register to memory mapping:

EAX=0x00000000 is an unknown value
EBX=0x081902e0 is an unknown value
ECX=0x00000000 is an unknown value
EDX=0x2cc31110 is an oop
com.sun.media.CircularBuffer 
 - klass: 'com/sun/media/CircularBuffer'
ESP=0x0a56f118 is pointing into the stack for thread: 0x04d4a000
EBP=0x0bc00020 is an unknown value
ESI=0x04d4a128 is an unknown value
EDI=0x00000000 is an unknown value


Stack: [0x0a520000,0x0a570000],  sp=0x0a56f118,  free space=316k
Native frames: (J=compiled Java code, j=interpreted, Vv=VM code, C=native code)
C  [jmddraw.dll+0x1a9b]  Java_com_sun_media_renderer_video_DDRenderer_dxDraw+0x1db

Java frames: (J=compiled Java code, j=interpreted, Vv=VM code)
j  com.sun.media.renderer.video.DDRenderer.dxDraw(Ljava/lang/Object;JII)Z+0
j  com.sun.media.renderer.video.DDRenderer.doProcess(Ljavax/media/Buffer;)I+217
j  com.sun.media.renderer.video.BasicVideoRenderer.process(Ljavax/media/Buffer;)I+18
j  com.sun.media.BasicRendererModule.processBuffer(Ljavax/media/Buffer;)I+357
j  com.sun.media.BasicRendererModule.scheduleBuffer(Ljavax/media/Buffer;)Z+164
j  com.sun.media.BasicRendererModule.doProcess()Z+330
j  com.sun.media.RenderThread.process()Z+4
j  com.sun.media.util.LoopThread.run()V+14
v  ~StubRoutines::call_stub

---------------  P R O C E S S  ---------------

Java Threads: ( => current thread )
  0x04d47400 JavaThread "Thread-0" daemon [_thread_in_native, id=864, stack(0x0c550000,0x0c5a0000)]
=>0x04d4a000 JavaThread "Loop thread: com.sun.media.renderer.video.DDRenderer@64cc4d" [_thread_in_native, id=1432, stack(0x0a520000,0x0a570000)]
  0x04d4ac00 JavaThread "Loop thread: com.sun.media.parser.RawBufferParser$FrameTrack@19f3760" [_thread_blocked, id=6124, stack(0x07fa0000,0x07ff0000)]
  0x04d48800 JavaThread "Progress Slider thread" [_thread_blocked, id=5584, stack(0x0a460000,0x0a4b0000)]
  0x04d49800 JavaThread "Loop thread" [_thread_blocked, id=2256, stack(0x0a360000,0x0a3b0000)]
  0x04d49400 JavaThread "VFW TransferDataThread" [_thread_blocked, id=4136, stack(0x07330000,0x07380000)]
  0x04d48c00 JavaThread "VFW VideoPollThread" [_thread_blocked, id=2196, stack(0x080f0000,0x08140000)]
  0x04d47800 JavaThread "JMF thread: SendEventQueue: com.sun.media.PlaybackEngine" [_thread_blocked, id=680, stack(0x07d70000,0x07dc0000)]
  0x04d46c00 JavaThread "JMF thread: SendEventQueue: com.sun.media.content.unknown.Handler" [_thread_blocked, id=3680, stack(0x050e0000,0x05130000)]
  0x04d48000 JavaThread "VFW Request Thread" [_thread_blocked, id=6128, stack(0x07270000,0x072c0000)]
  0x04d46800 JavaThread "TimerQueue" daemon [_thread_blocked, id=3748, stack(0x05d80000,0x05dd0000)]
  0x04d46000 JavaThread "DestroyJavaVM" [_thread_blocked, id=2800, stack(0x00f20000,0x00f70000)]
  0x04d45c00 JavaThread "AWT-EventQueue-0" [_thread_blocked, id=4276, stack(0x05820000,0x05870000)]
  0x04d44c00 JavaThread "AWT-Shutdown" [_thread_blocked, id=5832, stack(0x049f0000,0x04a40000)]
  0x04d44800 JavaThread "Java2D Disposer" daemon [_thread_blocked, id=5472, stack(0x04ff0000,0x05040000)]
  0x010a0c00 JavaThread "Service Thread" daemon [_thread_blocked, id=1924, stack(0x04be0000,0x04c30000)]
  0x0109c000 JavaThread "C1 CompilerThread0" daemon [_thread_blocked, id=2280, stack(0x04990000,0x049e0000)]
  0x0109a800 JavaThread "Attach Listener" daemon [_thread_blocked, id=5768, stack(0x04a70000,0x04ac0000)]
  0x01097400 JavaThread "Signal Dispatcher" daemon [_thread_blocked, id=6004, stack(0x027c0000,0x02810000)]
  0x01083c00 JavaThread "Finalizer" daemon [_thread_blocked, id=2484, stack(0x025e0000,0x02630000)]
  0x01082400 JavaThread "Reference Handler" daemon [_thread_blocked, id=2356, stack(0x026f0000,0x02740000)]

Other Threads:
  0x01080800 VMThread [stack: 0x010e0000,0x01130000] [id=5696]
  0x010b3400 WatcherThread [stack: 0x04c90000,0x04ce0000] [id=3428]

VM state:not at safepoint (normal execution)

VM Mutex/Monitor currently owned by a thread: None

Heap
 def new generation   total 9344K, used 8241K [0x27010000, 0x27a30000, 0x2c560000)
  eden space 8320K,  99% used [0x27010000, 0x2781c6c0, 0x27830000)
  from space 1024K,   0% used [0x27830000, 0x27830000, 0x27930000)
  to   space 1024K,   0% used [0x27930000, 0x27930000, 0x27a30000)
 tenured generation   total 20528K, used 12314K [0x2c560000, 0x2d96c000, 0x37010000)
   the space 20528K,  59% used [0x2c560000, 0x2d166a38, 0x2d166c00, 0x2d96c000)
 compacting perm gen  total 12288K, used 3655K [0x37010000, 0x37c10000, 0x3b010000)
   the space 12288K,  29% used [0x37010000, 0x373a1cc8, 0x373a1e00, 0x37c10000)
    ro space 10240K,  45% used [0x3b010000, 0x3b496fa8, 0x3b497000, 0x3ba10000)
    rw space 12288K,  54% used [0x3ba10000, 0x3c09a9a0, 0x3c09aa00, 0x3c610000)

Card table byte_map: [0x00e50000,0x00f00000] byte_map_base: 0x00d17f80

Polling page: 0x001f0000

Code Cache  [0x02970000, 0x02ac8000, 0x04970000)
 total_blobs=750 nmethods=501 adapters=183 free_code_cache=31407Kb largest_free_block=32160384

Compilation events (10 events):
Event: 15.752 Thread 0x0109c000  499             javax.media.Buffer::getFlags (5 bytes)
Event: 15.752 Thread 0x0109c000 nmethod 499 0x02ac3648 code [0x02ac3740, 0x02ac37c0]
Event: 15.832 Thread 0x0109c000  500             com.sun.media.BasicJMD::updateConnector (91 bytes)
Event: 15.832 Thread 0x0109c000 nmethod 500 0x02ac3808 code [0x02ac3970, 0x02ac3b38]
Event: 15.836 Thread 0x0109c000  501             sun.java2d.SunGraphics2D::setFont (105 bytes)
Event: 15.837 Thread 0x0109c000 nmethod 501 0x02ac3cc8 code [0x02ac3df0, 0x02ac40b8]
Event: 16.913 Thread 0x0109c000  502             javax.media.Buffer::getTimeStamp (5 bytes)
Event: 16.913 Thread 0x0109c000 nmethod 502 0x02ac4208 code [0x02ac4300, 0x02ac4380]
Event: 17.119 Thread 0x0109c000  503             com.sun.media.ExtBuffer::getNativeData (5 bytes)
Event: 17.119 Thread 0x0109c000 nmethod 503 0x02ac43c8 code [0x02ac44c0, 0x02ac4540]

GC Heap History (10 events):
Event: 1.473 GC heap before
{Heap before GC invocations=2 (full 0):
 def new generation   total 4928K, used 4798K [0x27010000, 0x27560000, 0x2c560000)
  eden space 4416K, 100% used [0x27010000, 0x27460000, 0x27460000)
  from space 512K,  74% used [0x27460000, 0x274bfa78, 0x274e0000)
  to   space 512K,   0% used [0x274e0000, 0x274e0000, 0x27560000)
 tenured generation   total 10944K, used 2612K [0x2c560000, 0x2d010000, 0x37010000)
   the space 10944K,  23% used [0x2c560000, 0x2c7ed168, 0x2c7ed200, 0x2d010000)
 compacting perm gen  total 12288K, used 2410K [0x37010000, 0x37c10000, 0x3b010000)
   the space 12288K,  19% used [0x37010000, 0x3726aa90, 0x3726ac00, 0x37c10000)
    ro space 10240K,  45% used [0x3b010000, 0x3b496fa8, 0x3b497000, 0x3ba10000)
    rw space 12288K,  54% used [0x3ba10000, 0x3c09a9a0, 0x3c09aa00, 0x3c610000)
Event: 1.478 GC heap after
Heap after GC invocations=3 (full 0):
 def new generation   total 4928K, used 34K [0x27010000, 0x27560000, 0x2c560000)
  eden space 4416K,   0% used [0x27010000, 0x27010000, 0x27460000)
  from space 512K,   6% used [0x274e0000, 0x274e8968, 0x27560000)
  to   space 512K,   0% used [0x27460000, 0x27460000, 0x274e0000)
 tenured generation   total 10944K, used 6753K [0x2c560000, 0x2d010000, 0x37010000)
   the space 10944K,  61% used [0x2c560000, 0x2cbf8540, 0x2cbf8600, 0x2d010000)
 compacting perm gen  total 12288K, used 2410K [0x37010000, 0x37c10000, 0x3b010000)
   the space 12288K,  19% used [0x37010000, 0x3726aa90, 0x3726ac00, 0x37c10000)
    ro space 10240K,  45% used [0x3b010000, 0x3b496fa8, 0x3b497000, 0x3ba10000)
    rw space 12288K,  54% used [0x3ba10000, 0x3c09a9a0, 0x3c09aa00, 0x3c610000)
}
Event: 5.657 GC heap before
{Heap before GC invocations=3 (full 0):
 def new generation   total 4928K, used 4450K [0x27010000, 0x27560000, 0x2c560000)
  eden space 4416K, 100% used [0x27010000, 0x27460000, 0x27460000)
  from space 512K,   6% used [0x274e0000, 0x274e8968, 0x27560000)
  to   space 512K,   0% used [0x27460000, 0x27460000, 0x274e0000)
 tenured generation   total 10944K, used 6753K [0x2c560000, 0x2d010000, 0x37010000)
   the space 10944K,  61% used [0x2c560000, 0x2cbf8540, 0x2cbf8600, 0x2d010000)
 compacting perm gen  total 12288K, used 3060K [0x37010000, 0x37c10000, 0x3b010000)
   the space 12288K,  24% used [0x37010000, 0x3730d0b8, 0x3730d200, 0x37c10000)
    ro space 10240K,  45% used [0x3b010000, 0x3b496fa8, 0x3b497000, 0x3ba10000)
    rw space 12288K,  54% used [0x3ba10000, 0x3c09a9a0, 0x3c09aa00, 0x3c610000)
Event: 5.661 GC heap after
Heap after GC invocations=4 (full 0):
 def new generation   total 4928K, used 512K [0x27010000, 0x27560000, 0x2c560000)
  eden space 4416K,   0% used [0x27010000, 0x27010000, 0x27460000)
  from space 512K, 100% used [0x27460000, 0x274e0000, 0x274e0000)
  to   space 512K,   0% used [0x274e0000, 0x274e0000, 0x27560000)
 tenured generation   total 10944K, used 7747K [0x2c560000, 0x2d010000, 0x37010000)
   the space 10944K,  70% used [0x2c560000, 0x2ccf0f60, 0x2ccf1000, 0x2d010000)
 compacting perm gen  total 12288K, used 3060K [0x37010000, 0x37c10000, 0x3b010000)
   the space 12288K,  24% used [0x37010000, 0x3730d0b8, 0x3730d200, 0x37c10000)
    ro space 10240K,  45% used [0x3b010000, 0x3b496fa8, 0x3b497000, 0x3ba10000)
    rw space 12288K,  54% used [0x3ba10000, 0x3c09a9a0, 0x3c09aa00, 0x3c610000)
}
Event: 6.843 GC heap before
{Heap before GC invocations=4 (full 0):
 def new generation   total 4928K, used 4928K [0x27010000, 0x27560000, 0x2c560000)
  eden space 4416K, 100% used [0x27010000, 0x27460000, 0x27460000)
  from space 512K, 100% used [0x27460000, 0x274e0000, 0x274e0000)
  to   space 512K,   0% used [0x274e0000, 0x274e0000, 0x27560000)
 tenured generation   total 10944K, used 7747K [0x2c560000, 0x2d010000, 0x37010000)
   the space 10944K,  70% used [0x2c560000, 0x2ccf0f60, 0x2ccf1000, 0x2d010000)
 compacting perm gen  total 12288K, used 3644K [0x37010000, 0x37c10000, 0x3b010000)
   the space 12288K,  29% used [0x37010000, 0x3739f318, 0x3739f400, 0x37c10000)
    ro space 10240K,  45% used [0x3b010000, 0x3b496fa8, 0x3b497000, 0x3ba10000)
    rw space 12288K,  54% used [0x3ba10000, 0x3c09a9a0, 0x3c09aa00, 0x3c610000)
Event: 6.852 GC heap after
Heap after GC invocations=5 (full 0):
 def new generation   total 4928K, used 512K [0x27010000, 0x27560000, 0x2c560000)
  eden space 4416K,   0% used [0x27010000, 0x27010000, 0x27460000)
  from space 512K, 100% used [0x274e0000, 0x27560000, 0x27560000)
  to   space 512K,   0% used [0x27460000, 0x27460000, 0x274e0000)
 tenured generation   total 10944K, used 8852K [0x2c560000, 0x2d010000, 0x37010000)
   the space 10944K,  80% used [0x2c560000, 0x2ce05270, 0x2ce05400, 0x2d010000)
 compacting perm gen  total 12288K, used 3644K [0x37010000, 0x37c10000, 0x3b010000)
   the space 12288K,  29% used [0x37010000, 0x3739f318, 0x3739f400, 0x37c10000)
    ro space 10240K,  45% used [0x3b010000, 0x3b496fa8, 0x3b497000, 0x3ba10000)
    rw space 12288K,  54% used [0x3ba10000, 0x3c09a9a0, 0x3c09aa00, 0x3c610000)
}
Event: 8.354 GC heap before
{Heap before GC invocations=5 (full 0):
 def new generation   total 4928K, used 3988K [0x27010000, 0x27560000, 0x2c560000)
  eden space 4416K,  78% used [0x27010000, 0x27375198, 0x27460000)
  from space 512K, 100% used [0x274e0000, 0x27560000, 0x27560000)
  to   space 512K,   0% used [0x27460000, 0x27460000, 0x274e0000)
 tenured generation   total 10944K, used 8852K [0x2c560000, 0x2d010000, 0x37010000)
   the space 10944K,  80% used [0x2c560000, 0x2ce05270, 0x2ce05400, 0x2d010000)
 compacting perm gen  total 12288K, used 3646K [0x37010000, 0x37c10000, 0x3b010000)
   the space 12288K,  29% used [0x37010000, 0x3739fbf8, 0x3739fc00, 0x37c10000)
    ro space 10240K,  45% used [0x3b010000, 0x3b496fa8, 0x3b497000, 0x3ba10000)
    rw space 12288K,  54% used [0x3ba10000, 0x3c09a9a0, 0x3c09aa00, 0x3c610000)
Event: 8.361 GC heap after
Heap after GC invocations=6 (full 0):
 def new generation   total 4928K, used 162K [0x27010000, 0x27560000, 0x2c560000)
  eden space 4416K,   0% used [0x27010000, 0x27010000, 0x27460000)
  from space 512K,  31% used [0x27460000, 0x27488ad8, 0x274e0000)
  to   space 512K,   0% used [0x274e0000, 0x274e0000, 0x27560000)
 tenured generation   total 10944K, used 10558K [0x2c560000, 0x2d010000, 0x37010000)
   the space 10944K,  96% used [0x2c560000, 0x2cfafbb8, 0x2cfafc00, 0x2d010000)
 compacting perm gen  total 12288K, used 3646K [0x37010000, 0x37c10000, 0x3b010000)
   the space 12288K,  29% used [0x37010000, 0x3739fbf8, 0x3739fc00, 0x37c10000)
    ro space 10240K,  45% used [0x3b010000, 0x3b496fa8, 0x3b497000, 0x3ba10000)
    rw space 12288K,  54% used [0x3ba10000, 0x3c09a9a0, 0x3c09aa00, 0x3c610000)
}
Event: 8.434 GC heap before
{Heap before GC invocations=6 (full 0):
 def new generation   total 4928K, used 3818K [0x27010000, 0x27560000, 0x2c560000)
  eden space 4416K,  82% used [0x27010000, 0x273a1e50, 0x27460000)
  from space 512K,  31% used [0x27460000, 0x27488ad8, 0x274e0000)
  to   space 512K,   0% used [0x274e0000, 0x274e0000, 0x27560000)
 tenured generation   total 10944K, used 10558K [0x2c560000, 0x2d010000, 0x37010000)
   the space 10944K,  96% used [0x2c560000, 0x2cfafbb8, 0x2cfafc00, 0x2d010000)
 compacting perm gen  total 12288K, used 3652K [0x37010000, 0x37c10000, 0x3b010000)
   the space 12288K,  29% used [0x37010000, 0x373a11e0, 0x373a1200, 0x37c10000)
    ro space 10240K,  45% used [0x3b010000, 0x3b496fa8, 0x3b497000, 0x3ba10000)
    rw space 12288K,  54% used [0x3ba10000, 0x3c09a9a0, 0x3c09aa00, 0x3c610000)
Event: 8.469 GC heap after
Heap after GC invocations=7 (full 1):
 def new generation   total 9344K, used 0K [0x27010000, 0x27a30000, 0x2c560000)
  eden space 8320K,   0% used [0x27010000, 0x27010000, 0x27830000)
  from space 1024K,   0% used [0x27830000, 0x27830000, 0x27930000)
  to   space 1024K,   0% used [0x27930000, 0x27930000, 0x27a30000)
 tenured generation   total 20528K, used 12314K [0x2c560000, 0x2d96c000, 0x37010000)
   the space 20528K,  59% used [0x2c560000, 0x2d166a38, 0x2d166c00, 0x2d96c000)
 compacting perm gen  total 12288K, used 3652K [0x37010000, 0x37c10000, 0x3b010000)
   the space 12288K,  29% used [0x37010000, 0x373a11e0, 0x373a1200, 0x37c10000)
    ro space 10240K,  45% used [0x3b010000, 0x3b496fa8, 0x3b497000, 0x3ba10000)
    rw space 12288K,  54% used [0x3ba10000, 0x3c09a9a0, 0x3c09aa00, 0x3c610000)
}

Deoptimization events (0 events):
No events

Internal exceptions (10 events):
Event: 5.818 Thread 0x04d45c00 Threw 0x272a5aa0 at C:\jdk7u2_32P\jdk7u13_2932_new\hotspot\src\share\vm\prims\jvm.cpp:1166
Event: 5.827 Thread 0x04d45c00 Threw 0x27305318 at C:\jdk7u2_32P\jdk7u13_2932_new\hotspot\src\share\vm\prims\jvm.cpp:1166
Event: 5.833 Thread 0x04d45c00 Threw 0x273885b8 at C:\jdk7u2_32P\jdk7u13_2932_new\hotspot\src\share\vm\prims\jvm.cpp:1166
Event: 5.833 Thread 0x04d45c00 Threw 0x27389e68 at C:\jdk7u2_32P\jdk7u13_2932_new\hotspot\src\share\vm\prims\jvm.cpp:1166
Event: 5.853 Thread 0x04d45c00 Threw 0x273e6378 at C:\jdk7u2_32P\jdk7u13_2932_new\hotspot\src\share\vm\prims\jvm.cpp:1166
Event: 8.366 Thread 0x04d4a000 Threw 0x271d8d70 at C:\jdk7u2_32P\jdk7u13_2932_new\hotspot\src\share\vm\prims\jvm.cpp:1166
Event: 8.375 Thread 0x04d4a000 Threw 0x271dc4d8 at C:\jdk7u2_32P\jdk7u13_2932_new\hotspot\src\share\vm\prims\jvm.cpp:1166
Event: 9.989 Thread 0x04d45c00 Threw 0x277c7088 at C:\jdk7u2_32P\jdk7u13_2932_new\hotspot\src\share\vm\interpreter\linkResolver.cpp:805
Event: 9.989 Thread 0x04d45c00 Threw 0x277c7088 at C:\jdk7u2_32P\jdk7u13_2932_new\hotspot\src\share\vm\prims\jvm.cpp:1170
Event: 9.989 Thread 0x04d45c00 Threw 0x277c7088 at C:\jdk7u2_32P\jdk7u13_2932_new\hotspot\src\share\vm\prims\jvm.cpp:1170

Events (10 events):
Event: 15.836 Executing VM operation: RevokeBias
Event: 15.836 Executing VM operation: RevokeBias done
Event: 16.835 Executing VM operation: RevokeBias
Event: 16.836 Executing VM operation: RevokeBias done
Event: 16.836 Executing VM operation: RevokeBias
Event: 16.836 Executing VM operation: RevokeBias done
Event: 17.083 Thread 0x04d47400 Thread added: 0x04d47400
Event: 17.083 Thread 0x04d4a400 Thread added: 0x04d4a400
Event: 17.084 Thread 0x04d4a400 Thread exited: 0x04d4a400
Event: 17.090 Thread 0x04d45400 Thread exited: 0x04d45400


Dynamic libraries:
0x01140000 - 0x0116f000 	C:\Program Files (x86)\Java\jdk1.7.0_13\bin\java.exe
0x77b00000 - 0x77c80000 	C:\Windows\SysWOW64\ntdll.dll
0x732f0000 - 0x7332f000 	C:\Program Files\AVAST Software\Avast\snxhk.dll
0x757d0000 - 0x758e0000 	C:\Windows\syswow64\KERNEL32.dll
0x76e80000 - 0x76ec7000 	C:\Windows\syswow64\KERNELBASE.dll
0x75580000 - 0x75620000 	C:\Windows\syswow64\ADVAPI32.dll
0x77190000 - 0x7723c000 	C:\Windows\syswow64\msvcrt.dll
0x75a30000 - 0x75a49000 	C:\Windows\SysWOW64\sechost.dll
0x76c50000 - 0x76d40000 	C:\Windows\syswow64\RPCRT4.dll
0x751e0000 - 0x75240000 	C:\Windows\syswow64\SspiCli.dll
0x751d0000 - 0x751dc000 	C:\Windows\syswow64\CRYPTBASE.dll
0x76d40000 - 0x76e40000 	C:\Windows\syswow64\USER32.dll
0x75240000 - 0x752d0000 	C:\Windows\syswow64\GDI32.dll
0x77ad0000 - 0x77ada000 	C:\Windows\syswow64\LPK.dll
0x75900000 - 0x7599e000 	C:\Windows\syswow64\USP10.dll
0x708b0000 - 0x70a4e000 	C:\Windows\WinSxS\x86_microsoft.windows.common-controls_6595b64144ccf1df_6.0.7600.16661_none_420fe3fa2b8113bd\COMCTL32.dll
0x75cd0000 - 0x75d27000 	C:\Windows\syswow64\SHLWAPI.dll
0x752d0000 - 0x75330000 	C:\Windows\system32\IMM32.DLL
0x76ed0000 - 0x76f9c000 	C:\Windows\syswow64\MSCTF.dll
0x721a0000 - 0x721d6000 	C:\Windows\SysWOW64\nvinit.dll
0x0f000000 - 0x0f006000 	C:\Program Files (x86)\NVIDIA Corporation\CoProcManager\_etoured.dll
0x70a50000 - 0x70a9c000 	C:\Program Files (x86)\NVIDIA Corporation\CoProcManager\nvd3d9wrap.dll
0x75340000 - 0x754dd000 	C:\Windows\syswow64\SETUPAPI.dll
0x75ca0000 - 0x75cc7000 	C:\Windows\syswow64\CFGMGR32.dll
0x75620000 - 0x756af000 	C:\Windows\syswow64\OLEAUT32.dll
0x75ab0000 - 0x75c0c000 	C:\Windows\syswow64\ole32.dll
0x758e0000 - 0x758f2000 	C:\Windows\syswow64\DEVOBJ.dll
0x704d0000 - 0x70503000 	C:\Program Files (x86)\NVIDIA Corporation\CoProcManager\nvdxgiwrap.dll
0x6dd30000 - 0x6ddee000 	C:\Program Files (x86)\Java\jdk1.7.0_13\jre\bin\msvcr100.dll
0x6d9e0000 - 0x6dd2d000 	C:\Program Files (x86)\Java\jdk1.7.0_13\jre\bin\client\jvm.dll
0x72e70000 - 0x72e77000 	C:\Windows\system32\WSOCK32.dll
0x76e40000 - 0x76e75000 	C:\Windows\syswow64\WS2_32.dll
0x75330000 - 0x75336000 	C:\Windows\syswow64\NSI.dll
0x71e30000 - 0x71e62000 	C:\Windows\system32\WINMM.dll
0x754e0000 - 0x754e5000 	C:\Windows\syswow64\PSAPI.DLL
0x73be0000 - 0x73bec000 	C:\Program Files (x86)\Java\jdk1.7.0_13\jre\bin\verify.dll
0x73bb0000 - 0x73bd0000 	C:\Program Files (x86)\Java\jdk1.7.0_13\jre\bin\java.dll
0x73270000 - 0x73283000 	C:\Program Files (x86)\Java\jdk1.7.0_13\jre\bin\zip.dll
0x6d890000 - 0x6d9d2000 	C:\Program Files (x86)\Java\jdk1.7.0_13\jre\bin\awt.dll
0x70f50000 - 0x70fd0000 	C:\Windows\system32\uxtheme.dll
0x6d220000 - 0x6d230000 	C:\ProgramData\RealNetworks\RealDownloader\BrowserPlugins\Chrome\Hook\rndlchrome10browserrecordhelper.dll
0x75d30000 - 0x76979000 	C:\Windows\syswow64\SHELL32.dll
0x6f510000 - 0x6f579000 	C:\Windows\system32\MSVCP100.dll
0x70550000 - 0x70563000 	C:\Windows\system32\dwmapi.dll
0x731c0000 - 0x731ea000 	C:\Program Files (x86)\Java\jdk1.7.0_13\jre\bin\fontmanager.dll
0x70b20000 - 0x70b34000 	C:\Program Files (x86)\Java\jdk1.7.0_13\jre\bin\net.dll
0x70090000 - 0x700cc000 	C:\Windows\system32\mswsock.dll
0x73a10000 - 0x73a16000 	C:\Windows\System32\wship6.dll
0x73200000 - 0x7320e000 	C:\Program Files (x86)\Java\jdk1.7.0_13\jre\bin\nio.dll
0x70aa0000 - 0x70ad1000 	C:\Program Files (x86)\Java\jdk1.7.0_13\jre\bin\t2k.dll
0x76980000 - 0x76a03000 	C:\Windows\syswow64\CLBCatQ.DLL
0x6eb10000 - 0x6ec0b000 	C:\Windows\system32\WindowsCodecs.dll
0x72c60000 - 0x72cab000 	C:\Windows\system32\apphelp.dll
0x10000000 - 0x10022000 	C:\Users\francisco\AppData\Roaming\Dropbox\bin\DropboxExt.19.dll
0x72ac0000 - 0x72bab000 	C:\Windows\system32\dbghelp.dll
0x72f00000 - 0x72f8e000 	C:\Windows\WinSxS\x86_microsoft.vc90.crt_1fc8b3b9a1e18e3b_9.0.30729.6161_none_50934f2ebcb7eb57\MSVCP90.dll
0x72f90000 - 0x73033000 	C:\Windows\WinSxS\x86_microsoft.vc90.crt_1fc8b3b9a1e18e3b_9.0.30729.6161_none_50934f2ebcb7eb57\MSVCR90.dll
0x6d850000 - 0x6d881000 	C:\Windows\system32\EhStorShell.dll
0x6f380000 - 0x6f475000 	C:\Windows\system32\PROPSYS.dll
0x6eaa0000 - 0x6eb0f000 	C:\Windows\system32\ntshrui.dll
0x71550000 - 0x71569000 	C:\Windows\system32\srvcli.dll
0x731b0000 - 0x731bb000 	C:\Windows\system32\cscapi.dll
0x73180000 - 0x7318a000 	C:\Windows\system32\slc.dll
0x6f490000 - 0x6f4b4000 	C:\Program Files (x86)\Java\jdk1.7.0_13\jre\bin\dcpr.dll
0x026d0000 - 0x026e5000 	C:\Windows\System32\jmutil.dll
0x00f10000 - 0x00f1d000 	C:\Windows\System32\jmvfw.dll
0x70b00000 - 0x70b13000 	C:\Windows\system32\AVICAP32.dll
0x72e60000 - 0x72e69000 	C:\Windows\system32\VERSION.dll
0x6ee20000 - 0x6ee41000 	C:\Windows\system32\MSVFW32.dll
0x6ec50000 - 0x6ec89000 	C:\Windows\system32\MMDevAPI.DLL
0x6ff60000 - 0x6ff90000 	C:\Windows\system32\wdmaud.drv
0x702a0000 - 0x702a4000 	C:\Windows\system32\ksuser.dll
0x70290000 - 0x70297000 	C:\Windows\system32\AVRT.dll
0x6ec10000 - 0x6ec46000 	C:\Windows\system32\AUDIOSES.DLL
0x6f480000 - 0x6f488000 	C:\Windows\system32\msacm32.drv
0x73240000 - 0x73254000 	C:\Windows\system32\MSACM32.dll
0x6ecd0000 - 0x6ecd7000 	C:\Windows\system32\midimap.dll
0x6d810000 - 0x6d824000 	C:\Windows\SysWOW64\devenum.dll
0x702b0000 - 0x702d1000 	C:\Windows\system32\ntmarta.dll
0x75a50000 - 0x75a95000 	C:\Windows\syswow64\WLDAP32.dll
0x75c70000 - 0x75c9d000 	C:\Windows\syswow64\WINTRUST.dll
0x756b0000 - 0x757ce000 	C:\Windows\syswow64\CRYPT32.dll
0x75aa0000 - 0x75aac000 	C:\Windows\syswow64\MSASN1.dll
0x6ecc0000 - 0x6eccb000 	C:\Windows\system32\msdmo.dll
0x6d600000 - 0x6d633000 	C:\Windows\SysWOW64\ksproxy.ax
0x6d640000 - 0x6d803000 	C:\Windows\SysWOW64\d3d9.dll
0x6ea80000 - 0x6ea86000 	C:\Windows\SysWOW64\d3d8thk.dll
0x6ea90000 - 0x6ea99000 	C:\Windows\SysWOW64\vidcap.ax
0x6d5e0000 - 0x6d5fd000 	C:\Windows\SysWOW64\kswdmcap.ax
0x6d4c0000 - 0x6d5dc000 	C:\Windows\SysWOW64\MFC42.dll
0x6d430000 - 0x6d4bc000 	C:\Windows\SysWOW64\ODBC32.dll
0x6d3f0000 - 0x6d428000 	C:\Windows\SysWOW64\odbcint.dll
0x6d3b0000 - 0x6d3e2000 	C:\Windows\SysWOW64\qcap.dll
0x689a0000 - 0x68b17000 	C:\Windows\SysWOW64\quartz.dll
0x6e9a0000 - 0x6e9a6000 	C:\Windows\system32\DCIMAN32.DLL
0x6d390000 - 0x6d3a1000 	C:\Windows\system32\vfwwdm32.dll
0x71620000 - 0x71629000 	C:\Windows\system32\msyuv.dll
0x02640000 - 0x02648000 	C:\Windows\System32\jmddraw.dll
0x6d2a0000 - 0x6d387000 	C:\Windows\system32\DDRAW.dll
0x6cf70000 - 0x6d061000 	C:\Windows\system32\nvumdshim.dll
0x08370000 - 0x08958000 	C:\Windows\system32\igdumd32.dll
0x02680000 - 0x0268b000 	C:\Windows\System32\jmvcm.dll
0x6d840000 - 0x6d846000 	C:\Program Files (x86)\Java\jdk1.7.0_13\jre\bin\jawt.dll
0x04fd0000 - 0x04fd9000 	C:\Windows\System32\jmfjawt.dll

VM Arguments:
jvm_args: -Dfile.encoding=UTF-8 
java_command: proyectofinal.ProyectoFinal
Launcher Type: SUN_STANDARD

Environment Variables:
CLASSPATH=.;.;.;.;.;C:\PROGRA~2\JMF21~1.1E\lib\sound.jar;C:\PROGRA~2\JMF21~1.1E\lib\jmf.jar;C:\PROGRA~2\JMF21~1.1E\lib;
PATH=C:\Program Files (x86)\NVIDIA Corporation\PhysX\Common;C:\Windows\system32;C:\Windows;C:\Windows\System32\Wbem;C:\Windows\System32\WindowsPowerShell\v1.0\;C:\Program Files (x86)\Intel\OpenCL SDK\2.0\bin\x86;C:\Program Files (x86)\Intel\OpenCL SDK\2.0\bin\x64;C:\Users\francisco\AppData\Local\Smartbar\Application\;C:\Users\francisco\AppData\Local\Smartbar\Application\
USERNAME=francisco
OS=Windows_NT
PROCESSOR_IDENTIFIER=Intel64 Family 6 Model 58 Stepping 9, GenuineIntel



---------------  S Y S T E M  ---------------

OS: Windows 7 , 64 bit Build 7600 

CPU:total 4 (2 cores per cpu, 2 threads per core) family 6 model 58 stepping 9, cmov, cx8, fxsr, mmx, sse, sse2, sse3, ssse3, sse4.1, sse4.2, popcnt, ht, tsc, tscinvbit, tscinv

Memory: 4k page, physical 8202604k(5223560k free), swap 16403300k(13241764k free)

vm_info: Java HotSpot(TM) Client VM (23.7-b01) for windows-x86 JRE (1.7.0_13-b20), built on Jan 30 2013 10:03:58 by "java_re" with unknown MS VC++:1600

time: Tue Jul 09 10:44:51 2013
elapsed time: 17 seconds

