#
# A fatal error has been detected by the Java Runtime Environment:
#
#  EXCEPTION_ACCESS_VIOLATION (0xc0000005) at pc=0x049b1a9b, pid=776, tid=2156
#
# JRE version: 7.0_13-b20
# Java VM: Java HotSpot(TM) Client VM (23.7-b01 mixed mode, sharing windows-x86 )
# Problematic frame:
# C  [jmddraw.dll+0x1a9b]  Java_com_sun_media_renderer_video_DDRenderer_dxDraw+0x1db
#
# Failed to write core dump. Minidumps are not enabled by default on client versions of Windows
#
# If you would like to submit a bug report, please visit:
#   http://bugreport.sun.com/bugreport/crash.jsp
# The crash happened outside the Java Virtual Machine in native code.
# See problematic frame for where to report the bug.
#

---------------  T H R E A D  ---------------

Current thread (0x04e90000):  JavaThread "Loop thread: com.sun.media.renderer.video.DDRenderer@60d2d2" [_thread_in_native, id=2156, stack(0x0c730000,0x0c780000)]

siginfo: ExceptionCode=0xc0000005, writing address 0x00000000

Registers:
EAX=0x00000000, EBX=0x07b402e0, ECX=0x00000000, EDX=0x2d56f690
ESP=0x0c77f018, EBP=0x0dd30020, ESI=0x04e90128, EDI=0x00000000
EIP=0x049b1a9b, EFLAGS=0x00010206

Top of Stack: (sp=0x0c77f018)
0x0c77f018:   04e90000 3742a170 0c77f168 3742a170
0x0c77f028:   0d870000 00000000 0dd30020 05ec44c0
0x0c77f038:   00000000 2d56f690 00000a00 00000004
0x0c77f048:   00e693f0 00000006 04e90000 0000016f
0x0c77f058:   04e90124 00e09400 00000000 00000000
0x0c77f068:   00000000 00000000 00000280 000001e0
0x0c77f078:   00000188 00000000 2d56f690 04d4f816
0x0c77f088:   2d56f690 04e90000 0c77f0b4 65fb3e69 

Instructions: (pc=0x049b1a9b)
0x049b1a7b:   85 c0 0f 84 31 01 00 00 83 f8 20 0f 84 28 01 00
0x049b1a8b:   00 50 e8 6b 07 00 00 8b 54 24 28 8b f8 83 c4 04
0x049b1a9b:   89 17 8b 43 1c 8d 54 24 24 8b 08 52 8d 54 24 38
0x049b1aab:   57 52 50 ff 51 0c 57 e8 17 07 00 00 83 c4 04 c7 


Register to memory mapping:

EAX=0x00000000 is an unknown value
EBX=0x07b402e0 is an unknown value
ECX=0x00000000 is an unknown value
EDX=0x2d56f690 is an oop
com.sun.media.CircularBuffer 
 - klass: 'com/sun/media/CircularBuffer'
ESP=0x0c77f018 is pointing into the stack for thread: 0x04e90000
EBP=0x0dd30020 is an unknown value
ESI=0x04e90128 is an unknown value
EDI=0x00000000 is an unknown value


Stack: [0x0c730000,0x0c780000],  sp=0x0c77f018,  free space=316k
Native frames: (J=compiled Java code, j=interpreted, Vv=VM code, C=native code)
C  [jmddraw.dll+0x1a9b]  Java_com_sun_media_renderer_video_DDRenderer_dxDraw+0x1db

Java frames: (J=compiled Java code, j=interpreted, Vv=VM code)
j  com.sun.media.renderer.video.DDRenderer.dxDraw(Ljava/lang/Object;JII)Z+0
j  com.sun.media.renderer.video.DDRenderer.doProcess(Ljavax/media/Buffer;)I+217
j  com.sun.media.renderer.video.BasicVideoRenderer.process(Ljavax/media/Buffer;)I+18
j  com.sun.media.BasicRendererModule.processBuffer(Ljavax/media/Buffer;)I+357
j  com.sun.media.BasicRendererModule.scheduleBuffer(Ljavax/media/Buffer;)Z+164
j  com.sun.media.BasicRendererModule.doProcess()Z+330
j  com.sun.media.RenderThread.process()Z+4
j  com.sun.media.util.LoopThread.run()V+14
v  ~StubRoutines::call_stub

---------------  P R O C E S S  ---------------

Java Threads: ( => current thread )
=>0x04e90000 JavaThread "Loop thread: com.sun.media.renderer.video.DDRenderer@60d2d2" [_thread_in_native, id=2156, stack(0x0c730000,0x0c780000)]
  0x04e8f400 JavaThread "Loop thread: com.sun.media.parser.RawBufferParser$FrameTrack@127f6d2" [_thread_blocked, id=3628, stack(0x0c890000,0x0c8e0000)]
  0x04ef0400 JavaThread "Progress Slider thread" [_thread_blocked, id=1408, stack(0x0c6e0000,0x0c730000)]
  0x04eefc00 JavaThread "Loop thread" [_thread_blocked, id=3968, stack(0x0c240000,0x0c290000)]
  0x04eef400 JavaThread "VFW TransferDataThread" [_thread_blocked, id=1508, stack(0x0c820000,0x0c870000)]
  0x04eef000 JavaThread "VFW VideoPollThread" [_thread_blocked, id=4584, stack(0x0c640000,0x0c690000)]
  0x04eeac00 JavaThread "JMF thread: SendEventQueue: com.sun.media.PlaybackEngine" [_thread_blocked, id=4736, stack(0x0c0a0000,0x0c0f0000)]
  0x04ee9800 JavaThread "JMF thread: SendEventQueue: com.sun.media.content.unknown.Handler" [_thread_blocked, id=2588, stack(0x09fc0000,0x0a010000)]
  0x04eedc00 JavaThread "VFW Request Thread" [_thread_blocked, id=1628, stack(0x0bb80000,0x0bbd0000)]
  0x04eee400 JavaThread "JMF AMController Event Thread: Loop thread" [_thread_blocked, id=5028, stack(0x0c180000,0x0c1d0000)]
  0x04eeb000 JavaThread "Loop thread" [_thread_blocked, id=2144, stack(0x09ba0000,0x09bf0000)]
  0x04ee9c00 JavaThread "JMF thread: SendEventQueue: com.sun.media.amovie.AMController" [_thread_blocked, id=3728, stack(0x07540000,0x07590000)]
  0x04eea400 JavaThread "JMF thread: SendEventQueue: com.sun.media.content.audio.mpeg.Handler" [_thread_blocked, id=2148, stack(0x09ab0000,0x09b00000)]
  0x04eed800 JavaThread "Loop thread: com.sun.media.parser.video.AviParser$AudioTrack@296cad" [_thread_blocked, id=4868, stack(0x0a9d0000,0x0aa20000)]
  0x04eed000 JavaThread "Loop thread: com.sun.media.parser.video.AviParser$VideoTrack@407e62" [_thread_blocked, id=4932, stack(0x0aea0000,0x0aef0000)]
  0x04eec800 JavaThread "Loop thread: com.sun.media.renderer.audio.JavaSoundRenderer@14c9c62" [_thread_blocked, id=1712, stack(0x0a400000,0x0a450000)]
  0x04eec400 JavaThread "Java Sound Event Dispatcher" daemon [_thread_blocked, id=3712, stack(0x0aab0000,0x0ab00000)]
  0x04eebc00 JavaThread "Loop thread: com.sun.media.renderer.video.DDRenderer@295b9a" [_thread_blocked, id=3268, stack(0x0a330000,0x0a380000)]
  0x04ee9000 JavaThread "Loop thread" [_thread_blocked, id=4804, stack(0x07340000,0x07390000)]
  0x04ee6800 JavaThread "JMF thread: SendEventQueue: com.sun.media.PlaybackEngine" [_thread_blocked, id=3576, stack(0x06fd0000,0x07020000)]
  0x06093c00 JavaThread "JMF thread: SendEventQueue: com.sun.media.content.unknown.Handler" [_thread_blocked, id=3008, stack(0x05860000,0x058b0000)]
  0x04e70800 JavaThread "TimerQueue" daemon [_thread_blocked, id=3924, stack(0x04b90000,0x04be0000)]
  0x00e6b400 JavaThread "DestroyJavaVM" [_thread_blocked, id=4196, stack(0x00f50000,0x00fa0000)]
  0x04dd8c00 JavaThread "AWT-EventQueue-0" [_thread_blocked, id=2552, stack(0x05130000,0x05180000)]
  0x04d99000 JavaThread "AWT-Shutdown" [_thread_blocked, id=1148, stack(0x050c0000,0x05110000)]
  0x04d96800 JavaThread "Java2D Disposer" daemon [_thread_blocked, id=1204, stack(0x004b0000,0x00500000)]
  0x00e10c00 JavaThread "Service Thread" daemon [_thread_blocked, id=4828, stack(0x00f00000,0x00f50000)]
  0x00e0c000 JavaThread "C1 CompilerThread0" daemon [_thread_blocked, id=4764, stack(0x04c60000,0x04cb0000)]
  0x00e0ac00 JavaThread "Attach Listener" daemon [_thread_blocked, id=1244, stack(0x04aa0000,0x04af0000)]
  0x00e07800 JavaThread "Signal Dispatcher" daemon [_thread_blocked, id=1208, stack(0x04810000,0x04860000)]
  0x00df3c00 JavaThread "Finalizer" daemon [_thread_blocked, id=3272, stack(0x011d0000,0x01220000)]
  0x00df2400 JavaThread "Reference Handler" daemon [_thread_blocked, id=2676, stack(0x01300000,0x01350000)]

Other Threads:
  0x00df0800 VMThread [stack: 0x047c0000,0x04810000] [id=260]
  0x00e27400 WatcherThread [stack: 0x04ce0000,0x04d30000] [id=4944]

VM state:not at safepoint (normal execution)

VM Mutex/Monitor currently owned by a thread: None

Heap
 def new generation   total 13056K, used 3961K [0x27010000, 0x27e30000, 0x2c560000)
  eden space 11648K,  21% used [0x27010000, 0x2728e480, 0x27b70000)
  from space 1408K, 100% used [0x27cd0000, 0x27e30000, 0x27e30000)
  to   space 1408K,   0% used [0x27b70000, 0x27b70000, 0x27cd0000)
 tenured generation   total 28740K, used 22125K [0x2c560000, 0x2e171000, 0x37010000)
   the space 28740K,  76% used [0x2c560000, 0x2dafb728, 0x2dafb800, 0x2e171000)
 compacting perm gen  total 12288K, used 5180K [0x37010000, 0x37c10000, 0x3b010000)
   the space 12288K,  42% used [0x37010000, 0x3751f108, 0x3751f200, 0x37c10000)
    ro space 10240K,  45% used [0x3b010000, 0x3b496fa8, 0x3b497000, 0x3ba10000)
    rw space 12288K,  54% used [0x3ba10000, 0x3c09a9a0, 0x3c09aa00, 0x3c610000)

Card table byte_map: [0x01110000,0x011c0000] byte_map_base: 0x00fd7f80

Polling page: 0x00240000

Code Cache  [0x02780000, 0x02a88000, 0x04780000)
 total_blobs=2016 nmethods=1745 adapters=204 free_code_cache=29669Kb largest_free_block=30379328

Compilation events (10 events):
Event: 418.739 Thread 0x00e0c000 1749             javax.media.Buffer::setOffset (6 bytes)
Event: 418.739 Thread 0x00e0c000 nmethod 1749 0x02a86a08 code [0x02a86b00, 0x02a86b80]
Event: 422.459 Thread 0x00e0c000 1750             javax.media.Buffer::isEOM (15 bytes)
Event: 422.459 Thread 0x00e0c000 nmethod 1750 0x02a86bc8 code [0x02a86cc0, 0x02a86d50]
Event: 424.061 Thread 0x00e0c000 1751             javax.media.Buffer::setFlags (6 bytes)
Event: 424.062 Thread 0x00e0c000 nmethod 1751 0x02a86d88 code [0x02a86e80, 0x02a86f00]
Event: 425.459 Thread 0x00e0c000 1752             com.sun.media.ExtBuffer::getNativeData (5 bytes)
Event: 425.459 Thread 0x00e0c000 nmethod 1752 0x02a86f48 code [0x02a87040, 0x02a870c0]
Event: 425.559 Thread 0x00e0c000 1753             javax.media.format.VideoFormat::getSize (5 bytes)
Event: 425.559 Thread 0x00e0c000 nmethod 1753 0x02a87108 code [0x02a87200, 0x02a87280]

GC Heap History (10 events):
Event: 383.980 GC heap before
{Heap before GC invocations=176 (full 3):
 def new generation   total 10496K, used 9836K [0x27010000, 0x27b70000, 0x2c560000)
  eden space 9344K, 100% used [0x27010000, 0x27930000, 0x27930000)
  from space 1152K,  42% used [0x27930000, 0x279ab078, 0x27a50000)
  to   space 1152K,   0% used [0x27a50000, 0x27a50000, 0x27b70000)
 tenured generation   total 23096K, used 16341K [0x2c560000, 0x2dbee000, 0x37010000)
   the space 23096K,  70% used [0x2c560000, 0x2d5554d8, 0x2d555600, 0x2dbee000)
 compacting perm gen  total 12288K, used 5074K [0x37010000, 0x37c10000, 0x3b010000)
   the space 12288K,  41% used [0x37010000, 0x37504868, 0x37504a00, 0x37c10000)
    ro space 10240K,  45% used [0x3b010000, 0x3b496fa8, 0x3b497000, 0x3ba10000)
    rw space 12288K,  54% used [0x3ba10000, 0x3c09a9a0, 0x3c09aa00, 0x3c610000)
Event: 383.981 GC heap after
Heap after GC invocations=177 (full 3):
 def new generation   total 10496K, used 506K [0x27010000, 0x27b70000, 0x2c560000)
  eden space 9344K,   0% used [0x27010000, 0x27010000, 0x27930000)
  from space 1152K,  43% used [0x27a50000, 0x27ace8c8, 0x27b70000)
  to   space 1152K,   0% used [0x27930000, 0x27930000, 0x27a50000)
 tenured generation   total 23096K, used 16341K [0x2c560000, 0x2dbee000, 0x37010000)
   the space 23096K,  70% used [0x2c560000, 0x2d5554d8, 0x2d555600, 0x2dbee000)
 compacting perm gen  total 12288K, used 5074K [0x37010000, 0x37c10000, 0x3b010000)
   the space 12288K,  41% used [0x37010000, 0x37504868, 0x37504a00, 0x37c10000)
    ro space 10240K,  45% used [0x3b010000, 0x3b496fa8, 0x3b497000, 0x3ba10000)
    rw space 12288K,  54% used [0x3ba10000, 0x3c09a9a0, 0x3c09aa00, 0x3c610000)
}
Event: 385.210 GC heap before
{Heap before GC invocations=177 (full 3):
 def new generation   total 10496K, used 9850K [0x27010000, 0x27b70000, 0x2c560000)
  eden space 9344K, 100% used [0x27010000, 0x27930000, 0x27930000)
  from space 1152K,  43% used [0x27a50000, 0x27ace8c8, 0x27b70000)
  to   space 1152K,   0% used [0x27930000, 0x27930000, 0x27a50000)
 tenured generation   total 23096K, used 16341K [0x2c560000, 0x2dbee000, 0x37010000)
   the space 23096K,  70% used [0x2c560000, 0x2d5554d8, 0x2d555600, 0x2dbee000)
 compacting perm gen  total 12288K, used 5074K [0x37010000, 0x37c10000, 0x3b010000)
   the space 12288K,  41% used [0x37010000, 0x37504868, 0x37504a00, 0x37c10000)
    ro space 10240K,  45% used [0x3b010000, 0x3b496fa8, 0x3b497000, 0x3ba10000)
    rw space 12288K,  54% used [0x3ba10000, 0x3c09a9a0, 0x3c09aa00, 0x3c610000)
Event: 385.211 GC heap after
Heap after GC invocations=178 (full 3):
 def new generation   total 10496K, used 508K [0x27010000, 0x27b70000, 0x2c560000)
  eden space 9344K,   0% used [0x27010000, 0x27010000, 0x27930000)
  from space 1152K,  44% used [0x27930000, 0x279af100, 0x27a50000)
  to   space 1152K,   0% used [0x27a50000, 0x27a50000, 0x27b70000)
 tenured generation   total 23096K, used 16341K [0x2c560000, 0x2dbee000, 0x37010000)
   the space 23096K,  70% used [0x2c560000, 0x2d5554d8, 0x2d555600, 0x2dbee000)
 compacting perm gen  total 12288K, used 5074K [0x37010000, 0x37c10000, 0x3b010000)
   the space 12288K,  41% used [0x37010000, 0x37504868, 0x37504a00, 0x37c10000)
    ro space 10240K,  45% used [0x3b010000, 0x3b496fa8, 0x3b497000, 0x3ba10000)
    rw space 12288K,  54% used [0x3ba10000, 0x3c09a9a0, 0x3c09aa00, 0x3c610000)
}
Event: 392.687 GC heap before
{Heap before GC invocations=178 (full 3):
 def new generation   total 10496K, used 9852K [0x27010000, 0x27b70000, 0x2c560000)
  eden space 9344K, 100% used [0x27010000, 0x27930000, 0x27930000)
  from space 1152K,  44% used [0x27930000, 0x279af100, 0x27a50000)
  to   space 1152K,   0% used [0x27a50000, 0x27a50000, 0x27b70000)
 tenured generation   total 23096K, used 16341K [0x2c560000, 0x2dbee000, 0x37010000)
   the space 23096K,  70% used [0x2c560000, 0x2d5554d8, 0x2d555600, 0x2dbee000)
 compacting perm gen  total 12288K, used 5198K [0x37010000, 0x37c10000, 0x3b010000)
   the space 12288K,  42% used [0x37010000, 0x375238b8, 0x37523a00, 0x37c10000)
    ro space 10240K,  45% used [0x3b010000, 0x3b496fa8, 0x3b497000, 0x3ba10000)
    rw space 12288K,  54% used [0x3ba10000, 0x3c09a9a0, 0x3c09aa00, 0x3c610000)
Event: 392.691 GC heap after
Heap after GC invocations=179 (full 3):
 def new generation   total 10496K, used 1152K [0x27010000, 0x27b70000, 0x2c560000)
  eden space 9344K,   0% used [0x27010000, 0x27010000, 0x27930000)
  from space 1152K, 100% used [0x27a50000, 0x27b70000, 0x27b70000)
  to   space 1152K,   0% used [0x27930000, 0x27930000, 0x27a50000)
 tenured generation   total 23096K, used 16843K [0x2c560000, 0x2dbee000, 0x37010000)
   the space 23096K,  72% used [0x2c560000, 0x2d5d2fd0, 0x2d5d3000, 0x2dbee000)
 compacting perm gen  total 12288K, used 5198K [0x37010000, 0x37c10000, 0x3b010000)
   the space 12288K,  42% used [0x37010000, 0x375238b8, 0x37523a00, 0x37c10000)
    ro space 10240K,  45% used [0x3b010000, 0x3b496fa8, 0x3b497000, 0x3ba10000)
    rw space 12288K,  54% used [0x3ba10000, 0x3c09a9a0, 0x3c09aa00, 0x3c610000)
}
Event: 397.211 GC heap before
{Heap before GC invocations=179 (full 3):
 def new generation   total 10496K, used 9809K [0x27010000, 0x27b70000, 0x2c560000)
  eden space 9344K,  92% used [0x27010000, 0x278844e0, 0x27930000)
  from space 1152K, 100% used [0x27a50000, 0x27b70000, 0x27b70000)
  to   space 1152K,   0% used [0x27930000, 0x27930000, 0x27a50000)
 tenured generation   total 23096K, used 16843K [0x2c560000, 0x2dbee000, 0x37010000)
   the space 23096K,  72% used [0x2c560000, 0x2d5d2fd0, 0x2d5d3000, 0x2dbee000)
 compacting perm gen  total 12288K, used 5228K [0x37010000, 0x37c10000, 0x3b010000)
   the space 12288K,  42% used [0x37010000, 0x3752b0b0, 0x3752b200, 0x37c10000)
    ro space 10240K,  45% used [0x3b010000, 0x3b496fa8, 0x3b497000, 0x3ba10000)
    rw space 12288K,  54% used [0x3ba10000, 0x3c09a9a0, 0x3c09aa00, 0x3c610000)
Event: 397.254 GC heap after
Heap after GC invocations=180 (full 4):
 def new generation   total 13056K, used 0K [0x27010000, 0x27e30000, 0x2c560000)
  eden space 11648K,   0% used [0x27010000, 0x27010000, 0x27b70000)
  from space 1408K,   0% used [0x27b70000, 0x27b70000, 0x27cd0000)
  to   space 1408K,   0% used [0x27cd0000, 0x27cd0000, 0x27e30000)
 tenured generation   total 28740K, used 17243K [0x2c560000, 0x2e171000, 0x37010000)
   the space 28740K,  59% used [0x2c560000, 0x2d636f78, 0x2d637000, 0x2e171000)
 compacting perm gen  total 12288K, used 5178K [0x37010000, 0x37c10000, 0x3b010000)
   the space 12288K,  42% used [0x37010000, 0x3751ebc0, 0x3751ec00, 0x37c10000)
    ro space 10240K,  45% used [0x3b010000, 0x3b496fa8, 0x3b497000, 0x3ba10000)
    rw space 12288K,  54% used [0x3ba10000, 0x3c09a9a0, 0x3c09aa00, 0x3c610000)
}
Event: 409.420 GC heap before
{Heap before GC invocations=180 (full 4):
 def new generation   total 13056K, used 11648K [0x27010000, 0x27e30000, 0x2c560000)
  eden space 11648K, 100% used [0x27010000, 0x27b70000, 0x27b70000)
  from space 1408K,   0% used [0x27b70000, 0x27b70000, 0x27cd0000)
  to   space 1408K,   0% used [0x27cd0000, 0x27cd0000, 0x27e30000)
 tenured generation   total 28740K, used 17243K [0x2c560000, 0x2e171000, 0x37010000)
   the space 28740K,  59% used [0x2c560000, 0x2d636f78, 0x2d637000, 0x2e171000)
 compacting perm gen  total 12288K, used 5178K [0x37010000, 0x37c10000, 0x3b010000)
   the space 12288K,  42% used [0x37010000, 0x3751ebf0, 0x3751ec00, 0x37c10000)
    ro space 10240K,  45% used [0x3b010000, 0x3b496fa8, 0x3b497000, 0x3ba10000)
    rw space 12288K,  54% used [0x3ba10000, 0x3c09a9a0, 0x3c09aa00, 0x3c610000)
Event: 409.424 GC heap after
Heap after GC invocations=181 (full 4):
 def new generation   total 13056K, used 1408K [0x27010000, 0x27e30000, 0x2c560000)
  eden space 11648K,   0% used [0x27010000, 0x27010000, 0x27b70000)
  from space 1408K, 100% used [0x27cd0000, 0x27e30000, 0x27e30000)
  to   space 1408K,   0% used [0x27b70000, 0x27b70000, 0x27cd0000)
 tenured generation   total 28740K, used 22125K [0x2c560000, 0x2e171000, 0x37010000)
   the space 28740K,  76% used [0x2c560000, 0x2dafb728, 0x2dafb800, 0x2e171000)
 compacting perm gen  total 12288K, used 5178K [0x37010000, 0x37c10000, 0x3b010000)
   the space 12288K,  42% used [0x37010000, 0x3751ebf0, 0x3751ec00, 0x37c10000)
    ro space 10240K,  45% used [0x3b010000, 0x3b496fa8, 0x3b497000, 0x3ba10000)
    rw space 12288K,  54% used [0x3ba10000, 0x3c09a9a0, 0x3c09aa00, 0x3c610000)
}

Deoptimization events (0 events):
No events

Internal exceptions (10 events):
Event: 392.696 Thread 0x04eee800 Threw 0x2701c460 at C:\jdk7u2_32P\jdk7u13_2932_new\hotspot\src\share\vm\prims\jvm.cpp:1166
Event: 392.698 Thread 0x04eee800 Threw 0x270217d8 at C:\jdk7u2_32P\jdk7u13_2932_new\hotspot\src\share\vm\prims\jvm.cpp:1166
Event: 392.723 Thread 0x04eefc00 Threw 0x270360d0 at C:\jdk7u2_32P\jdk7u13_2932_new\hotspot\src\share\vm\prims\jvm.cpp:1166
Event: 392.725 Thread 0x04eefc00 Threw 0x2703eae0 at C:\jdk7u2_32P\jdk7u13_2932_new\hotspot\src\share\vm\prims\jvm.cpp:1166
Event: 392.726 Thread 0x04eefc00 Threw 0x270414b0 at C:\jdk7u2_32P\jdk7u13_2932_new\hotspot\src\share\vm\prims\jvm.cpp:1166
Event: 392.735 Thread 0x04dd8c00 Threw 0x2705f810 at C:\jdk7u2_32P\jdk7u13_2932_new\hotspot\src\share\vm\prims\jvm.cpp:1166
Event: 392.736 Thread 0x04dd8c00 Threw 0x270617b0 at C:\jdk7u2_32P\jdk7u13_2932_new\hotspot\src\share\vm\prims\jvm.cpp:1166
Event: 392.736 Thread 0x04dd8c00 Threw 0x27062d38 at C:\jdk7u2_32P\jdk7u13_2932_new\hotspot\src\share\vm\prims\jvm.cpp:1166
Event: 392.736 Thread 0x04dd8c00 Threw 0x27062fa0 at C:\jdk7u2_32P\jdk7u13_2932_new\hotspot\src\share\vm\classfile\systemDictionary.cpp:168
Event: 392.736 Thread 0x04dd8c00 Threw 0x27062fa0 at C:\jdk7u2_32P\jdk7u13_2932_new\hotspot\src\share\vm\prims\jvm.cpp:1170

Events (10 events):
Event: 429.750 Executing VM operation: RevokeBias done
Event: 430.288 Thread 0x04eee800 Thread added: 0x04eee800
Event: 430.288 Thread 0x04eeb800 Thread added: 0x04eeb800
Event: 430.288 Thread 0x04ef0800 Thread added: 0x04ef0800
Event: 430.288 Thread 0x04ef0800 Thread exited: 0x04ef0800
Event: 430.289 loading class 0x05edecd8
Event: 430.289 loading class 0x05edecd8 done
Event: 430.289 Thread 0x04eeb800 Thread exited: 0x04eeb800
Event: 430.297 Thread 0x04d9a800 Thread exited: 0x04d9a800
Event: 430.298 Thread 0x05ee1c00 Thread exited: 0x05ee1c00


Dynamic libraries:
0x01350000 - 0x0137f000 	C:\Program Files (x86)\Java\jdk1.7.0_13\bin\java.exe
0x77750000 - 0x778d0000 	C:\Windows\SysWOW64\ntdll.dll
0x71ac0000 - 0x71aff000 	C:\Program Files\AVAST Software\Avast\snxhk.dll
0x76980000 - 0x76a90000 	C:\Windows\syswow64\KERNEL32.dll
0x76450000 - 0x76497000 	C:\Windows\syswow64\KERNELBASE.dll
0x765e0000 - 0x76680000 	C:\Windows\syswow64\ADVAPI32.dll
0x76690000 - 0x7673c000 	C:\Windows\syswow64\msvcrt.dll
0x76a90000 - 0x76aa9000 	C:\Windows\SysWOW64\sechost.dll
0x755c0000 - 0x756b0000 	C:\Windows\syswow64\RPCRT4.dll
0x74e30000 - 0x74e90000 	C:\Windows\syswow64\SspiCli.dll
0x74e20000 - 0x74e2c000 	C:\Windows\syswow64\CRYPTBASE.dll
0x75390000 - 0x75490000 	C:\Windows\syswow64\USER32.dll
0x75270000 - 0x75300000 	C:\Windows\syswow64\GDI32.dll
0x77720000 - 0x7772a000 	C:\Windows\syswow64\LPK.dll
0x76540000 - 0x765de000 	C:\Windows\syswow64\USP10.dll
0x715f0000 - 0x7178e000 	C:\Windows\WinSxS\x86_microsoft.windows.common-controls_6595b64144ccf1df_6.0.7600.16661_none_420fe3fa2b8113bd\COMCTL32.dll
0x764d0000 - 0x76527000 	C:\Windows\syswow64\SHLWAPI.dll
0x74e90000 - 0x74ef0000 	C:\Windows\system32\IMM32.DLL
0x751a0000 - 0x7526c000 	C:\Windows\syswow64\MSCTF.dll
0x71c10000 - 0x71c46000 	C:\Windows\SysWOW64\nvinit.dll
0x0f000000 - 0x0f006000 	C:\Program Files (x86)\NVIDIA Corporation\CoProcManager\_etoured.dll
0x6fe10000 - 0x6fe5c000 	C:\Program Files (x86)\NVIDIA Corporation\CoProcManager\nvd3d9wrap.dll
0x76cf0000 - 0x76e8d000 	C:\Windows\syswow64\SETUPAPI.dll
0x75300000 - 0x75327000 	C:\Windows\syswow64\CFGMGR32.dll
0x750f0000 - 0x7517f000 	C:\Windows\syswow64\OLEAUT32.dll
0x76b00000 - 0x76c5c000 	C:\Windows\syswow64\ole32.dll
0x75180000 - 0x75192000 	C:\Windows\syswow64\DEVOBJ.dll
0x6fdd0000 - 0x6fe03000 	C:\Program Files (x86)\NVIDIA Corporation\CoProcManager\nvdxgiwrap.dll
0x6f650000 - 0x6f70e000 	C:\Program Files (x86)\Java\jdk1.7.0_13\jre\bin\msvcr100.dll
0x65e70000 - 0x661bd000 	C:\Program Files (x86)\Java\jdk1.7.0_13\jre\bin\client\jvm.dll
0x73e20000 - 0x73e27000 	C:\Windows\system32\WSOCK32.dll
0x750b0000 - 0x750e5000 	C:\Windows\syswow64\WS2_32.dll
0x75490000 - 0x75496000 	C:\Windows\syswow64\NSI.dll
0x711a0000 - 0x711d2000 	C:\Windows\system32\WINMM.dll
0x76680000 - 0x76685000 	C:\Windows\syswow64\PSAPI.DLL
0x72db0000 - 0x72dbc000 	C:\Program Files (x86)\Java\jdk1.7.0_13\jre\bin\verify.dll
0x72d90000 - 0x72db0000 	C:\Program Files (x86)\Java\jdk1.7.0_13\jre\bin\java.dll
0x72d70000 - 0x72d83000 	C:\Program Files (x86)\Java\jdk1.7.0_13\jre\bin\zip.dll
0x6f500000 - 0x6f642000 	C:\Program Files (x86)\Java\jdk1.7.0_13\jre\bin\awt.dll
0x71790000 - 0x71810000 	C:\Windows\system32\uxtheme.dll
0x6fdb0000 - 0x6fdc3000 	C:\Windows\system32\dwmapi.dll
0x756b0000 - 0x762f9000 	C:\Windows\syswow64\SHELL32.dll
0x72d40000 - 0x72d6a000 	C:\Program Files (x86)\Java\jdk1.7.0_13\jre\bin\fontmanager.dll
0x71a90000 - 0x71aa4000 	C:\Program Files (x86)\Java\jdk1.7.0_13\jre\bin\net.dll
0x70e80000 - 0x70ebc000 	C:\Windows\system32\mswsock.dll
0x6e6b0000 - 0x6e6b6000 	C:\Windows\System32\wship6.dll
0x71580000 - 0x7158e000 	C:\Program Files (x86)\Java\jdk1.7.0_13\jre\bin\nio.dll
0x700a0000 - 0x700d1000 	C:\Program Files (x86)\Java\jdk1.7.0_13\jre\bin\t2k.dll
0x754a0000 - 0x75523000 	C:\Windows\syswow64\CLBCatQ.DLL
0x6e080000 - 0x6e17b000 	C:\Windows\system32\WindowsCodecs.dll
0x72270000 - 0x722bb000 	C:\Windows\system32\apphelp.dll
0x10000000 - 0x10022000 	C:\Users\francisco\AppData\Roaming\Dropbox\bin\DropboxExt.19.dll
0x72180000 - 0x7226b000 	C:\Windows\system32\dbghelp.dll
0x73eb0000 - 0x73f3e000 	C:\Windows\WinSxS\x86_microsoft.vc90.crt_1fc8b3b9a1e18e3b_9.0.30729.6161_none_50934f2ebcb7eb57\MSVCP90.dll
0x749c0000 - 0x74a63000 	C:\Windows\WinSxS\x86_microsoft.vc90.crt_1fc8b3b9a1e18e3b_9.0.30729.6161_none_50934f2ebcb7eb57\MSVCR90.dll
0x6ea10000 - 0x6ea41000 	C:\Windows\system32\EhStorShell.dll
0x6f310000 - 0x6f405000 	C:\Windows\system32\PROPSYS.dll
0x6e8b0000 - 0x6e91f000 	C:\Windows\system32\ntshrui.dll
0x71a10000 - 0x71a29000 	C:\Windows\system32\srvcli.dll
0x71570000 - 0x7157b000 	C:\Windows\system32\cscapi.dll
0x70090000 - 0x7009a000 	C:\Windows\system32\slc.dll
0x70060000 - 0x70084000 	C:\Program Files (x86)\Java\jdk1.7.0_13\jre\bin\dcpr.dll
0x6ed10000 - 0x6ed94000 	C:\Windows\WinSxS\x86_microsoft.windows.common-controls_6595b64144ccf1df_5.82.7600.16661_none_ebfb56996c72aefc\comctl32.dll
0x70f20000 - 0x70f41000 	C:\Windows\system32\ntmarta.dll
0x76ab0000 - 0x76af5000 	C:\Windows\syswow64\WLDAP32.dll
0x6d850000 - 0x6d9e8000 	C:\Windows\system32\NetworkExplorer.dll
0x72bf0000 - 0x72c1e000 	C:\Windows\System32\shdocvw.dll
0x711e0000 - 0x711eb000 	C:\Windows\system32\profapi.dll
0x734f0000 - 0x73502000 	C:\Windows\system32\MPR.dll
0x72c40000 - 0x72c48000 	C:\Windows\System32\drprov.dll
0x71a40000 - 0x71a69000 	C:\Windows\System32\WINSTA.dll
0x72c20000 - 0x72c34000 	C:\Windows\System32\ntlanman.dll
0x72bd0000 - 0x72be7000 	C:\Windows\System32\davclnt.dll
0x72bc0000 - 0x72bc8000 	C:\Windows\System32\DAVHLPR.dll
0x71a00000 - 0x71a0f000 	C:\Windows\system32\wkscli.dll
0x71a30000 - 0x71a39000 	C:\Windows\system32\netutils.dll
0x72b30000 - 0x72bb9000 	C:\Windows\system32\PortableDeviceApi.dll
0x764a0000 - 0x764cd000 	C:\Windows\syswow64\WINTRUST.dll
0x76330000 - 0x7644e000 	C:\Windows\syswow64\CRYPT32.dll
0x755b0000 - 0x755bc000 	C:\Windows\syswow64\MSASN1.dll
0x70030000 - 0x70052000 	C:\Windows\system32\EhStorAPI.dll
0x6f4f0000 - 0x6f4f9000 	C:\Windows\system32\LINKINFO.dll
0x04860000 - 0x04875000 	C:\Windows\System32\jmutil.dll
0x012e0000 - 0x012ee000 	C:\Windows\System32\jmcvid.dll
0x04950000 - 0x0495b000 	C:\Windows\System32\jmvcm.dll
0x6e960000 - 0x6e981000 	C:\Windows\system32\MSVFW32.dll
0x049b0000 - 0x049b8000 	C:\Windows\System32\jmddraw.dll
0x6ce90000 - 0x6cf77000 	C:\Windows\system32\DDRAW.dll
0x6f4e0000 - 0x6f4e6000 	C:\Windows\system32\DCIMAN32.dll
0x65b30000 - 0x65c21000 	C:\Windows\system32\nvumdshim.dll
0x07d70000 - 0x08358000 	C:\Windows\system32\igdumd32.dll
0x6f4d0000 - 0x6f4da000 	C:\Program Files (x86)\Java\jdk1.7.0_13\jre\bin\jsound.dll
0x6e9c0000 - 0x6e9c9000 	C:\Program Files (x86)\Java\jdk1.7.0_13\jre\bin\jsoundds.dll
0x72dc0000 - 0x72e32000 	C:\Windows\system32\DSOUND.dll
0x73a30000 - 0x73a55000 	C:\Windows\system32\POWRPROF.dll
0x6e920000 - 0x6e959000 	C:\Windows\system32\MMDevAPI.DLL
0x6e860000 - 0x6e890000 	C:\Windows\system32\wdmaud.drv
0x6e7f0000 - 0x6e7f4000 	C:\Windows\system32\ksuser.dll
0x6e7e0000 - 0x6e7e7000 	C:\Windows\system32\AVRT.dll
0x6e7a0000 - 0x6e7d6000 	C:\Windows\system32\AUDIOSES.DLL
0x6e790000 - 0x6e798000 	C:\Windows\system32\msacm32.drv
0x73510000 - 0x73524000 	C:\Windows\system32\MSACM32.dll
0x6e780000 - 0x6e787000 	C:\Windows\system32\midimap.dll
0x6e770000 - 0x6e776000 	C:\Program Files (x86)\Java\jdk1.7.0_13\jre\bin\jawt.dll
0x09ee0000 - 0x09ee9000 	C:\Windows\System32\jmfjawt.dll
0x05cf0000 - 0x05cfd000 	C:\Windows\System32\jmam.dll
0x659b0000 - 0x65b27000 	C:\Windows\SysWOW64\quartz.dll
0x6e750000 - 0x6e764000 	C:\Windows\SysWOW64\devenum.dll
0x6e740000 - 0x6e74b000 	C:\Windows\system32\msdmo.dll
0x6e240000 - 0x6e280000 	C:\Windows\system32\DShowRdpFilter.dll
0x722c0000 - 0x722cd000 	C:\Windows\system32\WTSAPI32.dll
0x6e200000 - 0x6e235000 	C:\Windows\SysWOW64\qasf.dll
0x6ddf0000 - 0x6de07000 	C:\Windows\SysWOW64\mp3dmod.dll
0x6d7f0000 - 0x6d849000 	C:\Windows\system32\mfplat.DLL
0x099d0000 - 0x09a15000 	C:\Program Files (x86)\GRETECH\GomPlayer\codecs\MpaDecFilter.ax
0x71590000 - 0x715e1000 	C:\Windows\system32\WINSPOOL.DRV
0x65990000 - 0x659a2000 	C:\Windows\SysWOW64\l3codeca.acm
0x65890000 - 0x65981000 	C:\Windows\SysWOW64\msmpeg2adec.dll
0x65860000 - 0x65885000 	C:\Program Files (x86)\Java\jdk1.7.0_13\jre\bin\jpeg.dll
0x657d0000 - 0x6585e000 	C:\Program Files (x86)\Java\jdk1.7.0_13\jre\bin\mlib_image.dll
0x657a0000 - 0x657cd000 	C:\Program Files (x86)\Java\jdk1.7.0_13\jre\bin\kcms.dll
0x055b0000 - 0x055bd000 	C:\Windows\System32\jmvfw.dll
0x65780000 - 0x65793000 	C:\Windows\system32\AVICAP32.dll
0x73e10000 - 0x73e19000 	C:\Windows\system32\VERSION.dll
0x65720000 - 0x65753000 	C:\Windows\SysWOW64\ksproxy.ax
0x65550000 - 0x65713000 	C:\Windows\SysWOW64\d3d9.dll
0x6d7e0000 - 0x6d7e6000 	C:\Windows\SysWOW64\d3d8thk.dll
0x65540000 - 0x65549000 	C:\Windows\SysWOW64\vidcap.ax

VM Arguments:
jvm_args: -Dfile.encoding=UTF-8 
java_command: proyectofinal.ProyectoFinal
Launcher Type: SUN_STANDARD

Environment Variables:
CLASSPATH=.;.;.;.;.;C:\PROGRA~2\JMF21~1.1E\lib\sound.jar;C:\PROGRA~2\JMF21~1.1E\lib\jmf.jar;C:\PROGRA~2\JMF21~1.1E\lib;
PATH=C:\Program Files (x86)\NVIDIA Corporation\PhysX\Common;C:\Windows\system32;C:\Windows;C:\Windows\System32\Wbem;C:\Windows\System32\WindowsPowerShell\v1.0\;C:\Program Files (x86)\Intel\OpenCL SDK\2.0\bin\x86;C:\Program Files (x86)\Intel\OpenCL SDK\2.0\bin\x64;C:\Users\francisco\AppData\Local\Smartbar\Application\;C:\Users\francisco\AppData\Local\Smartbar\Application\
USERNAME=francisco
OS=Windows_NT
PROCESSOR_IDENTIFIER=Intel64 Family 6 Model 58 Stepping 9, GenuineIntel



---------------  S Y S T E M  ---------------

OS: Windows 7 , 64 bit Build 7600 

CPU:total 4 (2 cores per cpu, 2 threads per core) family 6 model 58 stepping 9, cmov, cx8, fxsr, mmx, sse, sse2, sse3, ssse3, sse4.1, sse4.2, popcnt, ht, tsc, tscinvbit, tscinv

Memory: 4k page, physical 8202604k(5949948k free), swap 16403300k(13943356k free)

vm_info: Java HotSpot(TM) Client VM (23.7-b01) for windows-x86 JRE (1.7.0_13-b20), built on Jan 30 2013 10:03:58 by "java_re" with unknown MS VC++:1600

time: Fri Jun 21 21:34:34 2013
elapsed time: 430 seconds

