#
# A fatal error has been detected by the Java Runtime Environment:
#
#  EXCEPTION_ACCESS_VIOLATION (0xc0000005) at pc=0x050a1a9b, pid=3056, tid=5800
#
# JRE version: 7.0_13-b20
# Java VM: Java HotSpot(TM) Client VM (23.7-b01 mixed mode, sharing windows-x86 )
# Problematic frame:
# C  [jmddraw.dll+0x1a9b]  Java_com_sun_media_renderer_video_DDRenderer_dxDraw+0x1db
#
# Failed to write core dump. Minidumps are not enabled by default on client versions of Windows
#
# If you would like to submit a bug report, please visit:
#   http://bugreport.sun.com/bugreport/crash.jsp
# The crash happened outside the Java Virtual Machine in native code.
# See problematic frame for where to report the bug.
#

---------------  T H R E A D  ---------------

Current thread (0x04c93800):  JavaThread "Loop thread: com.sun.media.renderer.video.DDRenderer@507aaf" [_thread_in_native, id=5800, stack(0x07220000,0x07270000)]

siginfo: ExceptionCode=0xc0000005, writing address 0x00000000

Registers:
EAX=0x00000000, EBX=0x081402e0, ECX=0x00000000, EDX=0x2cbc80a0
ESP=0x0726f1a8, EBP=0x0bb60020, ESI=0x04c93928, EDI=0x00000000
EIP=0x050a1a9b, EFLAGS=0x00010202

Top of Stack: (sp=0x0726f1a8)
0x0726f1a8:   04c93800 37367930 0726f2f8 37367930
0x0726f1b8:   0b2a0000 00000000 0bb60020 05eed730
0x0726f1c8:   00000000 2cbc80a0 00000a00 00000004
0x0726f1d8:   022493f0 00000006 04c93800 00000126
0x0726f1e8:   04c938f8 00000001 00000000 00000000
0x0726f1f8:   00000000 00000000 00000280 000001e0
0x0726f208:   00000000 0726f238 2cbc80a0 05f014fe
0x0726f218:   2cbc80a0 04c93800 0726f244 66cb3e69 

Instructions: (pc=0x050a1a9b)
0x050a1a7b:   85 c0 0f 84 31 01 00 00 83 f8 20 0f 84 28 01 00
0x050a1a8b:   00 50 e8 6b 07 00 00 8b 54 24 28 8b f8 83 c4 04
0x050a1a9b:   89 17 8b 43 1c 8d 54 24 24 8b 08 52 8d 54 24 38
0x050a1aab:   57 52 50 ff 51 0c 57 e8 17 07 00 00 83 c4 04 c7 


Register to memory mapping:

EAX=0x00000000 is an unknown value
EBX=0x081402e0 is an unknown value
ECX=0x00000000 is an unknown value
EDX=0x2cbc80a0 is an oop
com.sun.media.CircularBuffer 
 - klass: 'com/sun/media/CircularBuffer'
ESP=0x0726f1a8 is pointing into the stack for thread: 0x04c93800
EBP=0x0bb60020 is an unknown value
ESI=0x04c93928 is an unknown value
EDI=0x00000000 is an unknown value


Stack: [0x07220000,0x07270000],  sp=0x0726f1a8,  free space=316k
Native frames: (J=compiled Java code, j=interpreted, Vv=VM code, C=native code)
C  [jmddraw.dll+0x1a9b]  Java_com_sun_media_renderer_video_DDRenderer_dxDraw+0x1db

Java frames: (J=compiled Java code, j=interpreted, Vv=VM code)
j  com.sun.media.renderer.video.DDRenderer.dxDraw(Ljava/lang/Object;JII)Z+0
j  com.sun.media.renderer.video.DDRenderer.doProcess(Ljavax/media/Buffer;)I+217
j  com.sun.media.renderer.video.BasicVideoRenderer.process(Ljavax/media/Buffer;)I+18
j  com.sun.media.BasicRendererModule.processBuffer(Ljavax/media/Buffer;)I+357
j  com.sun.media.BasicRendererModule.scheduleBuffer(Ljavax/media/Buffer;)Z+164
j  com.sun.media.BasicRendererModule.doProcess()Z+330
j  com.sun.media.RenderThread.process()Z+4
j  com.sun.media.util.LoopThread.run()V+14
v  ~StubRoutines::call_stub

---------------  P R O C E S S  ---------------

Java Threads: ( => current thread )
  0x04c91c00 JavaThread "Thread-0" daemon [_thread_in_native, id=4660, stack(0x0c380000,0x0c3d0000)]
=>0x04c93800 JavaThread "Loop thread: com.sun.media.renderer.video.DDRenderer@507aaf" [_thread_in_native, id=5800, stack(0x07220000,0x07270000)]
  0x04c94800 JavaThread "Loop thread: com.sun.media.parser.RawBufferParser$FrameTrack@a79114" [_thread_blocked, id=2828, stack(0x08040000,0x08090000)]
  0x04c92000 JavaThread "Progress Slider thread" [_thread_blocked, id=6140, stack(0x07f90000,0x07fe0000)]
  0x04c93400 JavaThread "Loop thread" [_thread_blocked, id=4784, stack(0x09f40000,0x09f90000)]
  0x04c92c00 JavaThread "VFW TransferDataThread" [_thread_blocked, id=4132, stack(0x080f0000,0x08140000)]
  0x04c92800 JavaThread "VFW VideoPollThread" [_thread_blocked, id=664, stack(0x07ea0000,0x07ef0000)]
  0x04c91400 JavaThread "JMF thread: SendEventQueue: com.sun.media.PlaybackEngine" [_thread_blocked, id=4980, stack(0x07c20000,0x07c70000)]
  0x04c90800 JavaThread "JMF thread: SendEventQueue: com.sun.media.content.unknown.Handler" [_thread_blocked, id=4872, stack(0x06ac0000,0x06b10000)]
  0x04c90c00 JavaThread "VFW Request Thread" [_thread_blocked, id=6128, stack(0x06830000,0x06880000)]
  0x04c90000 JavaThread "TimerQueue" daemon [_thread_blocked, id=5924, stack(0x05cf0000,0x05d40000)]
  0x04c8fc00 JavaThread "DestroyJavaVM" [_thread_blocked, id=5224, stack(0x00500000,0x00550000)]
  0x04c8f400 JavaThread "AWT-EventQueue-0" [_thread_blocked, id=3548, stack(0x05310000,0x05360000)]
  0x04c8d400 JavaThread "AWT-Shutdown" [_thread_blocked, id=2012, stack(0x05050000,0x050a0000)]
  0x04c8a800 JavaThread "Java2D Disposer" daemon [_thread_blocked, id=5912, stack(0x04e40000,0x04e90000)]
  0x02487800 JavaThread "Service Thread" daemon [_thread_blocked, id=984, stack(0x04960000,0x049b0000)]
  0x02483000 JavaThread "C1 CompilerThread0" daemon [_thread_blocked, id=5748, stack(0x049e0000,0x04a30000)]
  0x02482400 JavaThread "Attach Listener" daemon [_thread_blocked, id=4136, stack(0x04a40000,0x04a90000)]
  0x02477800 JavaThread "Signal Dispatcher" daemon [_thread_blocked, id=2064, stack(0x04910000,0x04960000)]
  0x02463c00 JavaThread "Finalizer" daemon [_thread_blocked, id=5616, stack(0x048a0000,0x048f0000)]
  0x02462400 JavaThread "Reference Handler" daemon [_thread_blocked, id=1372, stack(0x04670000,0x046c0000)]

Other Threads:
  0x02460800 VMThread [stack: 0x04610000,0x04660000] [id=4696]
  0x02491400 WatcherThread [stack: 0x04790000,0x047e0000] [id=3544]

VM state:not at safepoint (normal execution)

VM Mutex/Monitor currently owned by a thread: None

Heap
 def new generation   total 7616K, used 4291K [0x27010000, 0x27850000, 0x2c560000)
  eden space 6784K,  54% used [0x27010000, 0x273aae40, 0x276b0000)
  from space 832K,  72% used [0x27780000, 0x27816010, 0x27850000)
  to   space 832K,   0% used [0x276b0000, 0x276b0000, 0x27780000)
 tenured generation   total 16792K, used 16074K [0x2c560000, 0x2d5c6000, 0x37010000)
   the space 16792K,  95% used [0x2c560000, 0x2d512bb8, 0x2d512c00, 0x2d5c6000)
 compacting perm gen  total 12288K, used 3669K [0x37010000, 0x37c10000, 0x3b010000)
   the space 12288K,  29% used [0x37010000, 0x373a57e8, 0x373a5800, 0x37c10000)
    ro space 10240K,  45% used [0x3b010000, 0x3b496fa8, 0x3b497000, 0x3ba10000)
    rw space 12288K,  54% used [0x3ba10000, 0x3c09a9a0, 0x3c09aa00, 0x3c610000)

Card table byte_map: [0x044b0000,0x04560000] byte_map_base: 0x04377f80

Polling page: 0x00260000

Code Cache  [0x024b0000, 0x02600000, 0x044b0000)
 total_blobs=719 nmethods=470 adapters=183 free_code_cache=31452Kb largest_free_block=32206848

Compilation events (10 events):
Event: 19.164 Thread 0x02483000  468   !         sun.awt.PostEventQueue::flush (84 bytes)
Event: 19.165 Thread 0x02483000 nmethod 468 0x025f8248 code [0x025f8360, 0x025f8648]
Event: 19.165 Thread 0x02483000  469             java.awt.EventQueue::eventToCacheIndex (69 bytes)
Event: 19.165 Thread 0x02483000 nmethod 469 0x025f8808 code [0x025f8900, 0x025f8a20]
Event: 19.258 Thread 0x02483000  470             java.awt.Component::getInputContext (16 bytes)
Event: 19.258 Thread 0x02483000 nmethod 470 0x025f8a88 code [0x025f8b90, 0x025f8c3c]
Event: 19.389 Thread 0x02483000  471             javax.media.Buffer::setFlags (6 bytes)
Event: 19.389 Thread 0x02483000 nmethod 471 0x025f8c88 code [0x025f8d80, 0x025f8e00]
Event: 19.564 Thread 0x02483000  472             javax.media.Buffer::isEOM (15 bytes)
Event: 19.564 Thread 0x02483000 nmethod 472 0x025f8e48 code [0x025f8f40, 0x025f8fd0]

GC Heap History (10 events):
Event: 1.436 GC heap before
{Heap before GC invocations=2 (full 0):
 def new generation   total 4928K, used 4928K [0x27010000, 0x27560000, 0x2c560000)
  eden space 4416K, 100% used [0x27010000, 0x27460000, 0x27460000)
  from space 512K, 100% used [0x27460000, 0x274e0000, 0x274e0000)
  to   space 512K,   0% used [0x274e0000, 0x274e0000, 0x27560000)
 tenured generation   total 10944K, used 2488K [0x2c560000, 0x2d010000, 0x37010000)
   the space 10944K,  22% used [0x2c560000, 0x2c7ce3a0, 0x2c7ce400, 0x2d010000)
 compacting perm gen  total 12288K, used 2411K [0x37010000, 0x37c10000, 0x3b010000)
   the space 12288K,  19% used [0x37010000, 0x3726afe8, 0x3726b000, 0x37c10000)
    ro space 10240K,  45% used [0x3b010000, 0x3b496fa8, 0x3b497000, 0x3ba10000)
    rw space 12288K,  54% used [0x3ba10000, 0x3c09a9a0, 0x3c09aa00, 0x3c610000)
Event: 1.441 GC heap after
Heap after GC invocations=3 (full 0):
 def new generation   total 4928K, used 40K [0x27010000, 0x27560000, 0x2c560000)
  eden space 4416K,   0% used [0x27010000, 0x27010000, 0x27460000)
  from space 512K,   7% used [0x274e0000, 0x274ea0a8, 0x27560000)
  to   space 512K,   0% used [0x27460000, 0x27460000, 0x274e0000)
 tenured generation   total 10944K, used 6766K [0x2c560000, 0x2d010000, 0x37010000)
   the space 10944K,  61% used [0x2c560000, 0x2cbfbac0, 0x2cbfbc00, 0x2d010000)
 compacting perm gen  total 12288K, used 2411K [0x37010000, 0x37c10000, 0x3b010000)
   the space 12288K,  19% used [0x37010000, 0x3726afe8, 0x3726b000, 0x37c10000)
    ro space 10240K,  45% used [0x3b010000, 0x3b496fa8, 0x3b497000, 0x3ba10000)
    rw space 12288K,  54% used [0x3ba10000, 0x3c09a9a0, 0x3c09aa00, 0x3c610000)
}
Event: 5.747 GC heap before
{Heap before GC invocations=3 (full 0):
 def new generation   total 4928K, used 4456K [0x27010000, 0x27560000, 0x2c560000)
  eden space 4416K, 100% used [0x27010000, 0x27460000, 0x27460000)
  from space 512K,   7% used [0x274e0000, 0x274ea0a8, 0x27560000)
  to   space 512K,   0% used [0x27460000, 0x27460000, 0x274e0000)
 tenured generation   total 10944K, used 6766K [0x2c560000, 0x2d010000, 0x37010000)
   the space 10944K,  61% used [0x2c560000, 0x2cbfbac0, 0x2cbfbc00, 0x2d010000)
 compacting perm gen  total 12288K, used 3065K [0x37010000, 0x37c10000, 0x3b010000)
   the space 12288K,  24% used [0x37010000, 0x3730e6d8, 0x3730e800, 0x37c10000)
    ro space 10240K,  45% used [0x3b010000, 0x3b496fa8, 0x3b497000, 0x3ba10000)
    rw space 12288K,  54% used [0x3ba10000, 0x3c09a9a0, 0x3c09aa00, 0x3c610000)
Event: 5.751 GC heap after
Heap after GC invocations=4 (full 0):
 def new generation   total 4928K, used 512K [0x27010000, 0x27560000, 0x2c560000)
  eden space 4416K,   0% used [0x27010000, 0x27010000, 0x27460000)
  from space 512K, 100% used [0x27460000, 0x274e0000, 0x274e0000)
  to   space 512K,   0% used [0x274e0000, 0x274e0000, 0x27560000)
 tenured generation   total 10944K, used 7774K [0x2c560000, 0x2d010000, 0x37010000)
   the space 10944K,  71% used [0x2c560000, 0x2ccf7ae0, 0x2ccf7c00, 0x2d010000)
 compacting perm gen  total 12288K, used 3065K [0x37010000, 0x37c10000, 0x3b010000)
   the space 12288K,  24% used [0x37010000, 0x3730e6d8, 0x3730e800, 0x37c10000)
    ro space 10240K,  45% used [0x3b010000, 0x3b496fa8, 0x3b497000, 0x3ba10000)
    rw space 12288K,  54% used [0x3ba10000, 0x3c09a9a0, 0x3c09aa00, 0x3c610000)
}
Event: 6.952 GC heap before
{Heap before GC invocations=4 (full 0):
 def new generation   total 4928K, used 4928K [0x27010000, 0x27560000, 0x2c560000)
  eden space 4416K, 100% used [0x27010000, 0x27460000, 0x27460000)
  from space 512K, 100% used [0x27460000, 0x274e0000, 0x274e0000)
  to   space 512K,   0% used [0x274e0000, 0x274e0000, 0x27560000)
 tenured generation   total 10944K, used 7774K [0x2c560000, 0x2d010000, 0x37010000)
   the space 10944K,  71% used [0x2c560000, 0x2ccf7b78, 0x2ccf7c00, 0x2d010000)
 compacting perm gen  total 12288K, used 3635K [0x37010000, 0x37c10000, 0x3b010000)
   the space 12288K,  29% used [0x37010000, 0x3739cf28, 0x3739d000, 0x37c10000)
    ro space 10240K,  45% used [0x3b010000, 0x3b496fa8, 0x3b497000, 0x3ba10000)
    rw space 12288K,  54% used [0x3ba10000, 0x3c09a9a0, 0x3c09aa00, 0x3c610000)
Event: 6.962 GC heap after
Heap after GC invocations=5 (full 0):
 def new generation   total 4928K, used 512K [0x27010000, 0x27560000, 0x2c560000)
  eden space 4416K,   0% used [0x27010000, 0x27010000, 0x27460000)
  from space 512K, 100% used [0x274e0000, 0x27560000, 0x27560000)
  to   space 512K,   0% used [0x27460000, 0x27460000, 0x274e0000)
 tenured generation   total 10944K, used 8859K [0x2c560000, 0x2d010000, 0x37010000)
   the space 10944K,  80% used [0x2c560000, 0x2ce06dc0, 0x2ce06e00, 0x2d010000)
 compacting perm gen  total 12288K, used 3635K [0x37010000, 0x37c10000, 0x3b010000)
   the space 12288K,  29% used [0x37010000, 0x3739cf28, 0x3739d000, 0x37c10000)
    ro space 10240K,  45% used [0x3b010000, 0x3b496fa8, 0x3b497000, 0x3ba10000)
    rw space 12288K,  54% used [0x3ba10000, 0x3c09a9a0, 0x3c09aa00, 0x3c610000)
}
Event: 9.624 GC heap before
{Heap before GC invocations=5 (full 0):
 def new generation   total 4928K, used 3786K [0x27010000, 0x27560000, 0x2c560000)
  eden space 4416K,  74% used [0x27010000, 0x273429a8, 0x27460000)
  from space 512K, 100% used [0x274e0000, 0x27560000, 0x27560000)
  to   space 512K,   0% used [0x27460000, 0x27460000, 0x274e0000)
 tenured generation   total 10944K, used 8859K [0x2c560000, 0x2d010000, 0x37010000)
   the space 10944K,  80% used [0x2c560000, 0x2ce06dc0, 0x2ce06e00, 0x2d010000)
 compacting perm gen  total 12288K, used 3669K [0x37010000, 0x37c10000, 0x3b010000)
   the space 12288K,  29% used [0x37010000, 0x373a5648, 0x373a5800, 0x37c10000)
    ro space 10240K,  45% used [0x3b010000, 0x3b496fa8, 0x3b497000, 0x3ba10000)
    rw space 12288K,  54% used [0x3ba10000, 0x3c09a9a0, 0x3c09aa00, 0x3c610000)
Event: 9.665 GC heap after
Heap after GC invocations=6 (full 1):
 def new generation   total 7616K, used 0K [0x27010000, 0x27850000, 0x2c560000)
  eden space 6784K,   0% used [0x27010000, 0x27010000, 0x276b0000)
  from space 832K,   0% used [0x276b0000, 0x276b0000, 0x27780000)
  to   space 832K,   0% used [0x27780000, 0x27780000, 0x27850000)
 tenured generation   total 16792K, used 10074K [0x2c560000, 0x2d5c6000, 0x37010000)
   the space 16792K,  59% used [0x2c560000, 0x2cf36b58, 0x2cf36c00, 0x2d5c6000)
 compacting perm gen  total 12288K, used 3669K [0x37010000, 0x37c10000, 0x3b010000)
   the space 12288K,  29% used [0x37010000, 0x373a5648, 0x373a5800, 0x37c10000)
    ro space 10240K,  45% used [0x3b010000, 0x3b496fa8, 0x3b497000, 0x3ba10000)
    rw space 12288K,  54% used [0x3ba10000, 0x3c09a9a0, 0x3c09aa00, 0x3c610000)
}
Event: 9.748 GC heap before
{Heap before GC invocations=6 (full 1):
 def new generation   total 7616K, used 6631K [0x27010000, 0x27850000, 0x2c560000)
  eden space 6784K,  97% used [0x27010000, 0x27689dd8, 0x276b0000)
  from space 832K,   0% used [0x276b0000, 0x276b0000, 0x27780000)
  to   space 832K,   0% used [0x27780000, 0x27780000, 0x27850000)
 tenured generation   total 16792K, used 10074K [0x2c560000, 0x2d5c6000, 0x37010000)
   the space 16792K,  59% used [0x2c560000, 0x2cf36b58, 0x2cf36c00, 0x2d5c6000)
 compacting perm gen  total 12288K, used 3669K [0x37010000, 0x37c10000, 0x3b010000)
   the space 12288K,  29% used [0x37010000, 0x373a5648, 0x373a5800, 0x37c10000)
    ro space 10240K,  45% used [0x3b010000, 0x3b496fa8, 0x3b497000, 0x3ba10000)
    rw space 12288K,  54% used [0x3ba10000, 0x3c09a9a0, 0x3c09aa00, 0x3c610000)
Event: 9.754 GC heap after
Heap after GC invocations=7 (full 1):
 def new generation   total 7616K, used 600K [0x27010000, 0x27850000, 0x2c560000)
  eden space 6784K,   0% used [0x27010000, 0x27010000, 0x276b0000)
  from space 832K,  72% used [0x27780000, 0x27816010, 0x27850000)
  to   space 832K,   0% used [0x276b0000, 0x276b0000, 0x27780000)
 tenured generation   total 16792K, used 16074K [0x2c560000, 0x2d5c6000, 0x37010000)
   the space 16792K,  95% used [0x2c560000, 0x2d512bb8, 0x2d512c00, 0x2d5c6000)
 compacting perm gen  total 12288K, used 3669K [0x37010000, 0x37c10000, 0x3b010000)
   the space 12288K,  29% used [0x37010000, 0x373a5648, 0x373a5800, 0x37c10000)
    ro space 10240K,  45% used [0x3b010000, 0x3b496fa8, 0x3b497000, 0x3ba10000)
    rw space 12288K,  54% used [0x3ba10000, 0x3c09a9a0, 0x3c09aa00, 0x3c610000)
}

Deoptimization events (0 events):
No events

Internal exceptions (10 events):
Event: 5.924 Thread 0x04c8f400 Threw 0x27289fe0 at C:\jdk7u2_32P\jdk7u13_2932_new\hotspot\src\share\vm\prims\jvm.cpp:1166
Event: 5.924 Thread 0x04c8f400 Threw 0x2728c790 at C:\jdk7u2_32P\jdk7u13_2932_new\hotspot\src\share\vm\prims\jvm.cpp:1166
Event: 5.925 Thread 0x04c8f400 Threw 0x27290ee0 at C:\jdk7u2_32P\jdk7u13_2932_new\hotspot\src\share\vm\prims\jvm.cpp:1166
Event: 5.926 Thread 0x04c8f400 Threw 0x27295ba8 at C:\jdk7u2_32P\jdk7u13_2932_new\hotspot\src\share\vm\prims\jvm.cpp:1166
Event: 5.935 Thread 0x04c8f400 Threw 0x27345048 at C:\jdk7u2_32P\jdk7u13_2932_new\hotspot\src\share\vm\prims\jvm.cpp:1166
Event: 5.942 Thread 0x04c8f400 Threw 0x2734e958 at C:\jdk7u2_32P\jdk7u13_2932_new\hotspot\src\share\vm\prims\jvm.cpp:1166
Event: 5.943 Thread 0x04c8f400 Threw 0x27350208 at C:\jdk7u2_32P\jdk7u13_2932_new\hotspot\src\share\vm\prims\jvm.cpp:1166
Event: 5.962 Thread 0x04c8f400 Threw 0x273d5fa8 at C:\jdk7u2_32P\jdk7u13_2932_new\hotspot\src\share\vm\prims\jvm.cpp:1166
Event: 9.598 Thread 0x04c93800 Threw 0x272a3fe8 at C:\jdk7u2_32P\jdk7u13_2932_new\hotspot\src\share\vm\prims\jvm.cpp:1166
Event: 9.601 Thread 0x04c93800 Threw 0x272a7708 at C:\jdk7u2_32P\jdk7u13_2932_new\hotspot\src\share\vm\prims\jvm.cpp:1166

Events (10 events):
Event: 18.110 Executing VM operation: RevokeBias
Event: 18.110 Executing VM operation: RevokeBias done
Event: 19.124 Executing VM operation: RevokeBias
Event: 19.124 Executing VM operation: RevokeBias done
Event: 19.124 Executing VM operation: RevokeBias
Event: 19.124 Executing VM operation: RevokeBias done
Event: 19.712 Thread 0x04c91c00 Thread added: 0x04c91c00
Event: 19.712 Thread 0x04c94000 Thread added: 0x04c94000
Event: 19.713 Thread 0x04c94000 Thread exited: 0x04c94000
Event: 19.718 Thread 0x04c8f000 Thread exited: 0x04c8f000


Dynamic libraries:
0x003c0000 - 0x003ef000 	C:\Program Files (x86)\Java\jdk1.7.0_13\bin\java.exe
0x77e60000 - 0x77fe0000 	C:\Windows\SysWOW64\ntdll.dll
0x719c0000 - 0x719ff000 	C:\Program Files\AVAST Software\Avast\snxhk.dll
0x76b10000 - 0x76c20000 	C:\Windows\syswow64\KERNEL32.dll
0x76c20000 - 0x76c67000 	C:\Windows\syswow64\KERNELBASE.dll
0x77450000 - 0x774f0000 	C:\Windows\syswow64\ADVAPI32.dll
0x774f0000 - 0x7759c000 	C:\Windows\syswow64\msvcrt.dll
0x77380000 - 0x77399000 	C:\Windows\SysWOW64\sechost.dll
0x758c0000 - 0x759b0000 	C:\Windows\syswow64\RPCRT4.dll
0x75540000 - 0x755a0000 	C:\Windows\syswow64\SspiCli.dll
0x75530000 - 0x7553c000 	C:\Windows\syswow64\CRYPTBASE.dll
0x76c70000 - 0x76d70000 	C:\Windows\syswow64\USER32.dll
0x76990000 - 0x76a20000 	C:\Windows\syswow64\GDI32.dll
0x75b10000 - 0x75b1a000 	C:\Windows\syswow64\LPK.dll
0x768f0000 - 0x7698e000 	C:\Windows\syswow64\USP10.dll
0x71bb0000 - 0x71d4e000 	C:\Windows\WinSxS\x86_microsoft.windows.common-controls_6595b64144ccf1df_6.0.7600.16661_none_420fe3fa2b8113bd\COMCTL32.dll
0x76890000 - 0x768e7000 	C:\Windows\syswow64\SHLWAPI.dll
0x772c0000 - 0x77320000 	C:\Windows\system32\IMM32.DLL
0x76f00000 - 0x76fcc000 	C:\Windows\syswow64\MSCTF.dll
0x71a00000 - 0x71a36000 	C:\Windows\SysWOW64\nvinit.dll
0x0f000000 - 0x0f006000 	C:\Program Files (x86)\NVIDIA Corporation\CoProcManager\_etoured.dll
0x73650000 - 0x7369c000 	C:\Program Files (x86)\NVIDIA Corporation\CoProcManager\nvd3d9wrap.dll
0x755c0000 - 0x7575d000 	C:\Windows\syswow64\SETUPAPI.dll
0x77320000 - 0x77347000 	C:\Windows\syswow64\CFGMGR32.dll
0x75bb0000 - 0x75c3f000 	C:\Windows\syswow64\OLEAUT32.dll
0x759b0000 - 0x75b0c000 	C:\Windows\syswow64\ole32.dll
0x755a0000 - 0x755b2000 	C:\Windows\syswow64\DEVOBJ.dll
0x73610000 - 0x73643000 	C:\Program Files (x86)\NVIDIA Corporation\CoProcManager\nvdxgiwrap.dll
0x6d270000 - 0x6d32e000 	C:\Program Files (x86)\Java\jdk1.7.0_13\jre\bin\msvcr100.dll
0x66b70000 - 0x66ebd000 	C:\Program Files (x86)\Java\jdk1.7.0_13\jre\bin\client\jvm.dll
0x731d0000 - 0x731d7000 	C:\Windows\system32\WSOCK32.dll
0x75760000 - 0x75795000 	C:\Windows\syswow64\WS2_32.dll
0x76dc0000 - 0x76dc6000 	C:\Windows\syswow64\NSI.dll
0x716f0000 - 0x71722000 	C:\Windows\system32\WINMM.dll
0x77e30000 - 0x77e35000 	C:\Windows\syswow64\PSAPI.DLL
0x73be0000 - 0x73bec000 	C:\Program Files (x86)\Java\jdk1.7.0_13\jre\bin\verify.dll
0x736c0000 - 0x736e0000 	C:\Program Files (x86)\Java\jdk1.7.0_13\jre\bin\java.dll
0x70640000 - 0x70653000 	C:\Program Files (x86)\Java\jdk1.7.0_13\jre\bin\zip.dll
0x6cf50000 - 0x6d092000 	C:\Program Files (x86)\Java\jdk1.7.0_13\jre\bin\awt.dll
0x73dd0000 - 0x73e50000 	C:\Windows\system32\uxtheme.dll
0x735e0000 - 0x735f3000 	C:\Windows\system32\dwmapi.dll
0x75c40000 - 0x76889000 	C:\Windows\syswow64\SHELL32.dll
0x70610000 - 0x7063a000 	C:\Program Files (x86)\Java\jdk1.7.0_13\jre\bin\fontmanager.dll
0x70260000 - 0x70274000 	C:\Program Files (x86)\Java\jdk1.7.0_13\jre\bin\net.dll
0x72060000 - 0x7209c000 	C:\Windows\system32\mswsock.dll
0x72040000 - 0x72046000 	C:\Windows\System32\wship6.dll
0x73bf0000 - 0x73bfe000 	C:\Program Files (x86)\Java\jdk1.7.0_13\jre\bin\nio.dll
0x6f930000 - 0x6f961000 	C:\Program Files (x86)\Java\jdk1.7.0_13\jre\bin\t2k.dll
0x76a20000 - 0x76aa3000 	C:\Windows\syswow64\CLBCatQ.DLL
0x67110000 - 0x6720b000 	C:\Windows\system32\WindowsCodecs.dll
0x73160000 - 0x731ab000 	C:\Windows\system32\apphelp.dll
0x10000000 - 0x10022000 	C:\Users\francisco\AppData\Roaming\Dropbox\bin\DropboxExt.19.dll
0x72ed0000 - 0x72fbb000 	C:\Windows\system32\dbghelp.dll
0x745c0000 - 0x7464e000 	C:\Windows\WinSxS\x86_microsoft.vc90.crt_1fc8b3b9a1e18e3b_9.0.30729.6161_none_50934f2ebcb7eb57\MSVCP90.dll
0x74650000 - 0x746f3000 	C:\Windows\WinSxS\x86_microsoft.vc90.crt_1fc8b3b9a1e18e3b_9.0.30729.6161_none_50934f2ebcb7eb57\MSVCR90.dll
0x6f6c0000 - 0x6f6f1000 	C:\Windows\system32\EhStorShell.dll
0x73ad0000 - 0x73bc5000 	C:\Windows\system32\PROPSYS.dll
0x6da00000 - 0x6da6f000 	C:\Windows\system32\ntshrui.dll
0x72240000 - 0x72259000 	C:\Windows\system32\srvcli.dll
0x73450000 - 0x7345b000 	C:\Windows\system32\cscapi.dll
0x736b0000 - 0x736ba000 	C:\Windows\system32\slc.dll
0x6f980000 - 0x6f9a4000 	C:\Program Files (x86)\Java\jdk1.7.0_13\jre\bin\dcpr.dll
0x045d0000 - 0x045e5000 	C:\Windows\System32\jmutil.dll
0x02350000 - 0x0235d000 	C:\Windows\System32\jmvfw.dll
0x6f910000 - 0x6f923000 	C:\Windows\system32\AVICAP32.dll
0x731c0000 - 0x731c9000 	C:\Windows\system32\VERSION.dll
0x6f690000 - 0x6f6b1000 	C:\Windows\system32\MSVFW32.dll
0x6f0a0000 - 0x6f0d9000 	C:\Windows\system32\MMDevAPI.DLL
0x6f660000 - 0x6f690000 	C:\Windows\system32\wdmaud.drv
0x73040000 - 0x73044000 	C:\Windows\system32\ksuser.dll
0x71a40000 - 0x71a47000 	C:\Windows\system32\AVRT.dll
0x6f060000 - 0x6f096000 	C:\Windows\system32\AUDIOSES.DLL
0x72ff0000 - 0x72ff8000 	C:\Windows\system32\msacm32.drv
0x73000000 - 0x73014000 	C:\Windows\system32\MSACM32.dll
0x70600000 - 0x70607000 	C:\Windows\system32\midimap.dll
0x6e730000 - 0x6e744000 	C:\Windows\SysWOW64\devenum.dll
0x71b80000 - 0x71ba1000 	C:\Windows\system32\ntmarta.dll
0x76d70000 - 0x76db5000 	C:\Windows\syswow64\WLDAP32.dll
0x77350000 - 0x7737d000 	C:\Windows\syswow64\WINTRUST.dll
0x76de0000 - 0x76efe000 	C:\Windows\syswow64\CRYPT32.dll
0x76dd0000 - 0x76ddc000 	C:\Windows\syswow64\MSASN1.dll
0x707c0000 - 0x707cb000 	C:\Windows\system32\msdmo.dll
0x6d3b0000 - 0x6d3e3000 	C:\Windows\SysWOW64\ksproxy.ax
0x66f40000 - 0x67103000 	C:\Windows\SysWOW64\d3d9.dll
0x70250000 - 0x70256000 	C:\Windows\SysWOW64\d3d8thk.dll
0x6f970000 - 0x6f979000 	C:\Windows\SysWOW64\vidcap.ax
0x6d390000 - 0x6d3ad000 	C:\Windows\SysWOW64\kswdmcap.ax
0x66a50000 - 0x66b6c000 	C:\Windows\SysWOW64\MFC42.dll
0x669c0000 - 0x66a4c000 	C:\Windows\SysWOW64\ODBC32.dll
0x6d350000 - 0x6d388000 	C:\Windows\SysWOW64\odbcint.dll
0x6cf10000 - 0x6cf42000 	C:\Windows\SysWOW64\qcap.dll
0x66840000 - 0x669b7000 	C:\Windows\SysWOW64\quartz.dll
0x6f050000 - 0x6f056000 	C:\Windows\system32\DCIMAN32.DLL
0x6f030000 - 0x6f041000 	C:\Windows\system32\vfwwdm32.dll
0x730a0000 - 0x730a9000 	C:\Windows\system32\msyuv.dll
0x050a0000 - 0x050a8000 	C:\Windows\System32\jmddraw.dll
0x66750000 - 0x66837000 	C:\Windows\system32\DDRAW.dll
0x66650000 - 0x66741000 	C:\Windows\system32\nvumdshim.dll
0x08240000 - 0x08828000 	C:\Windows\system32\igdumd32.dll
0x052e0000 - 0x052eb000 	C:\Windows\System32\jmvcm.dll
0x6d9f0000 - 0x6d9f6000 	C:\Program Files (x86)\Java\jdk1.7.0_13\jre\bin\jawt.dll
0x05bc0000 - 0x05bc9000 	C:\Windows\System32\jmfjawt.dll

VM Arguments:
jvm_args: -Dfile.encoding=UTF-8 
java_command: proyectofinal.ProyectoFinal
Launcher Type: SUN_STANDARD

Environment Variables:
CLASSPATH=.;.;.;.;.;C:\PROGRA~2\JMF21~1.1E\lib\sound.jar;C:\PROGRA~2\JMF21~1.1E\lib\jmf.jar;C:\PROGRA~2\JMF21~1.1E\lib;
PATH=C:\Program Files (x86)\NVIDIA Corporation\PhysX\Common;C:\Windows\system32;C:\Windows;C:\Windows\System32\Wbem;C:\Windows\System32\WindowsPowerShell\v1.0\;C:\Program Files (x86)\Intel\OpenCL SDK\2.0\bin\x86;C:\Program Files (x86)\Intel\OpenCL SDK\2.0\bin\x64;C:\Users\francisco\AppData\Local\Smartbar\Application\;C:\Users\francisco\AppData\Local\Smartbar\Application\
USERNAME=francisco
OS=Windows_NT
PROCESSOR_IDENTIFIER=Intel64 Family 6 Model 58 Stepping 9, GenuineIntel



---------------  S Y S T E M  ---------------

OS: Windows 7 , 64 bit Build 7600 

CPU:total 4 (2 cores per cpu, 2 threads per core) family 6 model 58 stepping 9, cmov, cx8, fxsr, mmx, sse, sse2, sse3, ssse3, sse4.1, sse4.2, popcnt, ht, tsc, tscinvbit, tscinv

Memory: 4k page, physical 8202604k(5589556k free), swap 16403300k(13654396k free)

vm_info: Java HotSpot(TM) Client VM (23.7-b01) for windows-x86 JRE (1.7.0_13-b20), built on Jan 30 2013 10:03:58 by "java_re" with unknown MS VC++:1600

time: Fri Jun 21 12:07:56 2013
elapsed time: 19 seconds

