#
# A fatal error has been detected by the Java Runtime Environment:
#
#  EXCEPTION_ACCESS_VIOLATION (0xc0000005) at pc=0x050e1a9b, pid=1412, tid=5988
#
# JRE version: 7.0_13-b20
# Java VM: Java HotSpot(TM) Client VM (23.7-b01 mixed mode, sharing windows-x86 )
# Problematic frame:
# C  [jmddraw.dll+0x1a9b]  Java_com_sun_media_renderer_video_DDRenderer_dxDraw+0x1db
#
# Failed to write core dump. Minidumps are not enabled by default on client versions of Windows
#
# If you would like to submit a bug report, please visit:
#   http://bugreport.sun.com/bugreport/crash.jsp
# The crash happened outside the Java Virtual Machine in native code.
# See problematic frame for where to report the bug.
#

---------------  T H R E A D  ---------------

Current thread (0x04cebc00):  JavaThread "Loop thread: com.sun.media.renderer.video.DDRenderer@5aa997" [_thread_in_native, id=5988, stack(0x0a4b0000,0x0a500000)]

siginfo: ExceptionCode=0xc0000005, writing address 0x00000000

Registers:
EAX=0x00000000, EBX=0x07fe02e0, ECX=0x00000000, EDX=0x2cbc04a0
ESP=0x0a4ff108, EBP=0x0ba10020, ESI=0x04cebd28, EDI=0x00000000
EIP=0x050e1a9b, EFLAGS=0x00010202

Top of Stack: (sp=0x0a4ff108)
0x0a4ff108:   04cebc00 3736a538 0a4ff258 3736a538
0x0a4ff118:   0b3b0000 00000000 0ba10020 05d78ae8
0x0a4ff128:   00000000 2cbc04a0 00000a00 00000004
0x0a4ff138:   00c593f0 00000006 04cebc00 00000126
0x0a4ff148:   04cebcf8 00000001 00000000 00000000
0x0a4ff158:   00000000 00000000 00000280 000001e0
0x0a4ff168:   00000000 0a4ff198 2cbc04a0 04d8e7ce
0x0a4ff178:   2cbc04a0 04cebc00 0a4ff1a4 63fd3e69 

Instructions: (pc=0x050e1a9b)
0x050e1a7b:   85 c0 0f 84 31 01 00 00 83 f8 20 0f 84 28 01 00
0x050e1a8b:   00 50 e8 6b 07 00 00 8b 54 24 28 8b f8 83 c4 04
0x050e1a9b:   89 17 8b 43 1c 8d 54 24 24 8b 08 52 8d 54 24 38
0x050e1aab:   57 52 50 ff 51 0c 57 e8 17 07 00 00 83 c4 04 c7 


Register to memory mapping:

EAX=0x00000000 is an unknown value
EBX=0x07fe02e0 is an unknown value
ECX=0x00000000 is an unknown value
EDX=0x2cbc04a0 is an oop
com.sun.media.CircularBuffer 
 - klass: 'com/sun/media/CircularBuffer'
ESP=0x0a4ff108 is pointing into the stack for thread: 0x04cebc00
EBP=0x0ba10020 is an unknown value
ESI=0x04cebd28 is an unknown value
EDI=0x00000000 is an unknown value


Stack: [0x0a4b0000,0x0a500000],  sp=0x0a4ff108,  free space=316k
Native frames: (J=compiled Java code, j=interpreted, Vv=VM code, C=native code)
C  [jmddraw.dll+0x1a9b]  Java_com_sun_media_renderer_video_DDRenderer_dxDraw+0x1db

Java frames: (J=compiled Java code, j=interpreted, Vv=VM code)
j  com.sun.media.renderer.video.DDRenderer.dxDraw(Ljava/lang/Object;JII)Z+0
j  com.sun.media.renderer.video.DDRenderer.doProcess(Ljavax/media/Buffer;)I+217
j  com.sun.media.renderer.video.BasicVideoRenderer.process(Ljavax/media/Buffer;)I+18
j  com.sun.media.BasicRendererModule.processBuffer(Ljavax/media/Buffer;)I+357
j  com.sun.media.BasicRendererModule.scheduleBuffer(Ljavax/media/Buffer;)Z+164
j  com.sun.media.BasicRendererModule.doProcess()Z+330
j  com.sun.media.RenderThread.process()Z+4
j  com.sun.media.util.LoopThread.run()V+14
v  ~StubRoutines::call_stub

---------------  P R O C E S S  ---------------

Java Threads: ( => current thread )
  0x04ceb000 JavaThread "Thread-0" daemon [_thread_in_native, id=5776, stack(0x0c430000,0x0c480000)]
=>0x04cebc00 JavaThread "Loop thread: com.sun.media.renderer.video.DDRenderer@5aa997" [_thread_in_native, id=5988, stack(0x0a4b0000,0x0a500000)]
  0x04cea800 JavaThread "Loop thread: com.sun.media.parser.RawBufferParser$FrameTrack@43d0cb" [_thread_blocked, id=1804, stack(0x0a3e0000,0x0a430000)]
  0x04cea400 JavaThread "Progress Slider thread" [_thread_blocked, id=1528, stack(0x06800000,0x06850000)]
  0x04ce9800 JavaThread "Loop thread" [_thread_blocked, id=5820, stack(0x0a230000,0x0a280000)]
  0x04ce9000 JavaThread "VFW TransferDataThread" [_thread_blocked, id=5196, stack(0x08160000,0x081b0000)]
  0x04d39000 JavaThread "VFW VideoPollThread" [_thread_blocked, id=5412, stack(0x07cf0000,0x07d40000)]
  0x05c8e800 JavaThread "JMF thread: SendEventQueue: com.sun.media.PlaybackEngine" [_thread_blocked, id=6016, stack(0x07070000,0x070c0000)]
  0x04ec9c00 JavaThread "JMF thread: SendEventQueue: com.sun.media.content.unknown.Handler" [_thread_blocked, id=4732, stack(0x07ca0000,0x07cf0000)]
  0x05d5a000 JavaThread "VFW Request Thread" [_thread_blocked, id=3268, stack(0x07020000,0x07070000)]
  0x04e5d000 JavaThread "TimerQueue" daemon [_thread_blocked, id=5572, stack(0x049a0000,0x049f0000)]
  0x00c5b400 JavaThread "DestroyJavaVM" [_thread_blocked, id=4036, stack(0x00eb0000,0x00f00000)]
  0x04d89c00 JavaThread "AWT-EventQueue-0" [_thread_blocked, id=5452, stack(0x05730000,0x05780000)]
  0x04d4a800 JavaThread "AWT-Shutdown" [_thread_blocked, id=6008, stack(0x04910000,0x04960000)]
  0x04d48400 JavaThread "Java2D Disposer" daemon [_thread_blocked, id=3900, stack(0x05080000,0x050d0000)]
  0x01092c00 JavaThread "Service Thread" daemon [_thread_blocked, id=5600, stack(0x04b50000,0x04ba0000)]
  0x0108dc00 JavaThread "C1 CompilerThread0" daemon [_thread_blocked, id=4180, stack(0x04890000,0x048e0000)]
  0x0108cc00 JavaThread "Attach Listener" daemon [_thread_blocked, id=5956, stack(0x04a50000,0x04aa0000)]
  0x01087800 JavaThread "Signal Dispatcher" daemon [_thread_blocked, id=3584, stack(0x04a00000,0x04a50000)]
  0x01073c00 JavaThread "Finalizer" daemon [_thread_blocked, id=3152, stack(0x04830000,0x04880000)]
  0x01072400 JavaThread "Reference Handler" daemon [_thread_blocked, id=4688, stack(0x01350000,0x013a0000)]

Other Threads:
  0x01070800 VMThread [stack: 0x012a0000,0x012f0000] [id=5596]
  0x010a9000 WatcherThread [stack: 0x04c90000,0x04ce0000] [id=1636]

VM state:not at safepoint (normal execution)

VM Mutex/Monitor currently owned by a thread: None

Heap
 def new generation   total 14848K, used 11832K [0x27010000, 0x28020000, 0x2c560000)
  eden space 13248K,  88% used [0x27010000, 0x27b81288, 0x27d00000)
  from space 1600K,   7% used [0x27e90000, 0x27eace10, 0x28020000)
  to   space 1600K,   0% used [0x27d00000, 0x27d00000, 0x27e90000)
 tenured generation   total 32732K, used 19639K [0x2c560000, 0x2e557000, 0x37010000)
   the space 32732K,  60% used [0x2c560000, 0x2d88dce8, 0x2d88de00, 0x2e557000)
 compacting perm gen  total 12288K, used 3731K [0x37010000, 0x37c10000, 0x3b010000)
   the space 12288K,  30% used [0x37010000, 0x373b4da0, 0x373b4e00, 0x37c10000)
    ro space 10240K,  45% used [0x3b010000, 0x3b496fa8, 0x3b497000, 0x3ba10000)
    rw space 12288K,  54% used [0x3ba10000, 0x3c09a9a0, 0x3c09aa00, 0x3c610000)

Card table byte_map: [0x00f00000,0x00fb0000] byte_map_base: 0x00dc7f80

Polling page: 0x00260000

Code Cache  [0x027e0000, 0x02998000, 0x047e0000)
 total_blobs=1067 nmethods=817 adapters=183 free_code_cache=31012Kb largest_free_block=31755840

Compilation events (10 events):
Event: 20.156 Thread 0x0108dc00  816             java.awt.geom.Rectangle2D$Float::getHeight (6 bytes)
Event: 20.156 Thread 0x0108dc00 nmethod 816 0x02995c08 code [0x02995d00, 0x02995d80]
Event: 20.156 Thread 0x0108dc00  817             java.awt.MultipleGradientPaint::getTransparency (5 bytes)
Event: 20.156 Thread 0x0108dc00 nmethod 817 0x02995dc8 code [0x02995ec0, 0x02995f40]
Event: 20.256 Thread 0x0108dc00  818             java.util.WeakHashMap::getTable (9 bytes)
Event: 20.256 Thread 0x0108dc00 nmethod 818 0x02995f88 code [0x02996080, 0x0299611c]
Event: 20.256 Thread 0x0108dc00  819             java.util.WeakHashMap::maskNull (12 bytes)
Event: 20.256 Thread 0x0108dc00 nmethod 819 0x02996188 code [0x02996280, 0x02996300]
Event: 20.256 Thread 0x0108dc00  820             java.util.WeakHashMap::hash (65 bytes)
Event: 20.257 Thread 0x0108dc00 nmethod 820 0x02996348 code [0x02996470, 0x029965f4]

GC Heap History (10 events):
Event: 13.726 GC heap before
{Heap before GC invocations=10 (full 2):
 def new generation   total 14848K, used 13362K [0x27010000, 0x28020000, 0x2c560000)
  eden space 13248K, 100% used [0x27010000, 0x27d00000, 0x27d00000)
  from space 1600K,   7% used [0x27d00000, 0x27d1c9a0, 0x27e90000)
  to   space 1600K,   0% used [0x27e90000, 0x27e90000, 0x28020000)
 tenured generation   total 32732K, used 19639K [0x2c560000, 0x2e557000, 0x37010000)
   the space 32732K,  60% used [0x2c560000, 0x2d88dce8, 0x2d88de00, 0x2e557000)
 compacting perm gen  total 12288K, used 3719K [0x37010000, 0x37c10000, 0x3b010000)
   the space 12288K,  30% used [0x37010000, 0x373b1ea0, 0x373b2000, 0x37c10000)
    ro space 10240K,  45% used [0x3b010000, 0x3b496fa8, 0x3b497000, 0x3ba10000)
    rw space 12288K,  54% used [0x3ba10000, 0x3c09a9a0, 0x3c09aa00, 0x3c610000)
Event: 13.726 GC heap after
Heap after GC invocations=11 (full 2):
 def new generation   total 14848K, used 115K [0x27010000, 0x28020000, 0x2c560000)
  eden space 13248K,   0% used [0x27010000, 0x27010000, 0x27d00000)
  from space 1600K,   7% used [0x27e90000, 0x27eace10, 0x28020000)
  to   space 1600K,   0% used [0x27d00000, 0x27d00000, 0x27e90000)
 tenured generation   total 32732K, used 19639K [0x2c560000, 0x2e557000, 0x37010000)
   the space 32732K,  60% used [0x2c560000, 0x2d88dce8, 0x2d88de00, 0x2e557000)
 compacting perm gen  total 12288K, used 3719K [0x37010000, 0x37c10000, 0x3b010000)
   the space 12288K,  30% used [0x37010000, 0x373b1ea0, 0x373b2000, 0x37c10000)
    ro space 10240K,  45% used [0x3b010000, 0x3b496fa8, 0x3b497000, 0x3ba10000)
    rw space 12288K,  54% used [0x3ba10000, 0x3c09a9a0, 0x3c09aa00, 0x3c610000)
}
Event: 15.083 GC heap before
{Heap before GC invocations=11 (full 2):
 def new generation   total 14848K, used 13363K [0x27010000, 0x28020000, 0x2c560000)
  eden space 13248K, 100% used [0x27010000, 0x27d00000, 0x27d00000)
  from space 1600K,   7% used [0x27e90000, 0x27eace10, 0x28020000)
  to   space 1600K,   0% used [0x27d00000, 0x27d00000, 0x27e90000)
 tenured generation   total 32732K, used 19639K [0x2c560000, 0x2e557000, 0x37010000)
   the space 32732K,  60% used [0x2c560000, 0x2d88dce8, 0x2d88de00, 0x2e557000)
 compacting perm gen  total 12288K, used 3719K [0x37010000, 0x37c10000, 0x3b010000)
   the space 12288K,  30% used [0x37010000, 0x373b1ea0, 0x373b2000, 0x37c10000)
    ro space 10240K,  45% used [0x3b010000, 0x3b496fa8, 0x3b497000, 0x3ba10000)
    rw space 12288K,  54% used [0x3ba10000, 0x3c09a9a0, 0x3c09aa00, 0x3c610000)
Event: 15.084 GC heap after
Heap after GC invocations=12 (full 2):
 def new generation   total 14848K, used 114K [0x27010000, 0x28020000, 0x2c560000)
  eden space 13248K,   0% used [0x27010000, 0x27010000, 0x27d00000)
  from space 1600K,   7% used [0x27d00000, 0x27d1ca80, 0x27e90000)
  to   space 1600K,   0% used [0x27e90000, 0x27e90000, 0x28020000)
 tenured generation   total 32732K, used 19639K [0x2c560000, 0x2e557000, 0x37010000)
   the space 32732K,  60% used [0x2c560000, 0x2d88dce8, 0x2d88de00, 0x2e557000)
 compacting perm gen  total 12288K, used 3719K [0x37010000, 0x37c10000, 0x3b010000)
   the space 12288K,  30% used [0x37010000, 0x373b1ea0, 0x373b2000, 0x37c10000)
    ro space 10240K,  45% used [0x3b010000, 0x3b496fa8, 0x3b497000, 0x3ba10000)
    rw space 12288K,  54% used [0x3ba10000, 0x3c09a9a0, 0x3c09aa00, 0x3c610000)
}
Event: 16.427 GC heap before
{Heap before GC invocations=12 (full 2):
 def new generation   total 14848K, used 13362K [0x27010000, 0x28020000, 0x2c560000)
  eden space 13248K, 100% used [0x27010000, 0x27d00000, 0x27d00000)
  from space 1600K,   7% used [0x27d00000, 0x27d1ca80, 0x27e90000)
  to   space 1600K,   0% used [0x27e90000, 0x27e90000, 0x28020000)
 tenured generation   total 32732K, used 19639K [0x2c560000, 0x2e557000, 0x37010000)
   the space 32732K,  60% used [0x2c560000, 0x2d88dce8, 0x2d88de00, 0x2e557000)
 compacting perm gen  total 12288K, used 3719K [0x37010000, 0x37c10000, 0x3b010000)
   the space 12288K,  30% used [0x37010000, 0x373b1ea0, 0x373b2000, 0x37c10000)
    ro space 10240K,  45% used [0x3b010000, 0x3b496fa8, 0x3b497000, 0x3ba10000)
    rw space 12288K,  54% used [0x3ba10000, 0x3c09a9a0, 0x3c09aa00, 0x3c610000)
Event: 16.427 GC heap after
Heap after GC invocations=13 (full 2):
 def new generation   total 14848K, used 115K [0x27010000, 0x28020000, 0x2c560000)
  eden space 13248K,   0% used [0x27010000, 0x27010000, 0x27d00000)
  from space 1600K,   7% used [0x27e90000, 0x27eacd40, 0x28020000)
  to   space 1600K,   0% used [0x27d00000, 0x27d00000, 0x27e90000)
 tenured generation   total 32732K, used 19639K [0x2c560000, 0x2e557000, 0x37010000)
   the space 32732K,  60% used [0x2c560000, 0x2d88dce8, 0x2d88de00, 0x2e557000)
 compacting perm gen  total 12288K, used 3719K [0x37010000, 0x37c10000, 0x3b010000)
   the space 12288K,  30% used [0x37010000, 0x373b1ea0, 0x373b2000, 0x37c10000)
    ro space 10240K,  45% used [0x3b010000, 0x3b496fa8, 0x3b497000, 0x3ba10000)
    rw space 12288K,  54% used [0x3ba10000, 0x3c09a9a0, 0x3c09aa00, 0x3c610000)
}
Event: 17.763 GC heap before
{Heap before GC invocations=13 (full 2):
 def new generation   total 14848K, used 13363K [0x27010000, 0x28020000, 0x2c560000)
  eden space 13248K, 100% used [0x27010000, 0x27d00000, 0x27d00000)
  from space 1600K,   7% used [0x27e90000, 0x27eacd40, 0x28020000)
  to   space 1600K,   0% used [0x27d00000, 0x27d00000, 0x27e90000)
 tenured generation   total 32732K, used 19639K [0x2c560000, 0x2e557000, 0x37010000)
   the space 32732K,  60% used [0x2c560000, 0x2d88dce8, 0x2d88de00, 0x2e557000)
 compacting perm gen  total 12288K, used 3719K [0x37010000, 0x37c10000, 0x3b010000)
   the space 12288K,  30% used [0x37010000, 0x373b1ea0, 0x373b2000, 0x37c10000)
    ro space 10240K,  45% used [0x3b010000, 0x3b496fa8, 0x3b497000, 0x3ba10000)
    rw space 12288K,  54% used [0x3ba10000, 0x3c09a9a0, 0x3c09aa00, 0x3c610000)
Event: 17.764 GC heap after
Heap after GC invocations=14 (full 2):
 def new generation   total 14848K, used 114K [0x27010000, 0x28020000, 0x2c560000)
  eden space 13248K,   0% used [0x27010000, 0x27010000, 0x27d00000)
  from space 1600K,   7% used [0x27d00000, 0x27d1ca80, 0x27e90000)
  to   space 1600K,   0% used [0x27e90000, 0x27e90000, 0x28020000)
 tenured generation   total 32732K, used 19639K [0x2c560000, 0x2e557000, 0x37010000)
   the space 32732K,  60% used [0x2c560000, 0x2d88dce8, 0x2d88de00, 0x2e557000)
 compacting perm gen  total 12288K, used 3719K [0x37010000, 0x37c10000, 0x3b010000)
   the space 12288K,  30% used [0x37010000, 0x373b1ea0, 0x373b2000, 0x37c10000)
    ro space 10240K,  45% used [0x3b010000, 0x3b496fa8, 0x3b497000, 0x3ba10000)
    rw space 12288K,  54% used [0x3ba10000, 0x3c09a9a0, 0x3c09aa00, 0x3c610000)
}
Event: 19.110 GC heap before
{Heap before GC invocations=14 (full 2):
 def new generation   total 14848K, used 13362K [0x27010000, 0x28020000, 0x2c560000)
  eden space 13248K, 100% used [0x27010000, 0x27d00000, 0x27d00000)
  from space 1600K,   7% used [0x27d00000, 0x27d1ca80, 0x27e90000)
  to   space 1600K,   0% used [0x27e90000, 0x27e90000, 0x28020000)
 tenured generation   total 32732K, used 19639K [0x2c560000, 0x2e557000, 0x37010000)
   the space 32732K,  60% used [0x2c560000, 0x2d88dce8, 0x2d88de00, 0x2e557000)
 compacting perm gen  total 12288K, used 3719K [0x37010000, 0x37c10000, 0x3b010000)
   the space 12288K,  30% used [0x37010000, 0x373b1ea0, 0x373b2000, 0x37c10000)
    ro space 10240K,  45% used [0x3b010000, 0x3b496fa8, 0x3b497000, 0x3ba10000)
    rw space 12288K,  54% used [0x3ba10000, 0x3c09a9a0, 0x3c09aa00, 0x3c610000)
Event: 19.111 GC heap after
Heap after GC invocations=15 (full 2):
 def new generation   total 14848K, used 115K [0x27010000, 0x28020000, 0x2c560000)
  eden space 13248K,   0% used [0x27010000, 0x27010000, 0x27d00000)
  from space 1600K,   7% used [0x27e90000, 0x27eace10, 0x28020000)
  to   space 1600K,   0% used [0x27d00000, 0x27d00000, 0x27e90000)
 tenured generation   total 32732K, used 19639K [0x2c560000, 0x2e557000, 0x37010000)
   the space 32732K,  60% used [0x2c560000, 0x2d88dce8, 0x2d88de00, 0x2e557000)
 compacting perm gen  total 12288K, used 3719K [0x37010000, 0x37c10000, 0x3b010000)
   the space 12288K,  30% used [0x37010000, 0x373b1ea0, 0x373b2000, 0x37c10000)
    ro space 10240K,  45% used [0x3b010000, 0x3b496fa8, 0x3b497000, 0x3ba10000)
    rw space 12288K,  54% used [0x3ba10000, 0x3c09a9a0, 0x3c09aa00, 0x3c610000)
}

Deoptimization events (0 events):
No events

Internal exceptions (10 events):
Event: 5.794 Thread 0x04d89c00 Threw 0x27298860 at C:\jdk7u2_32P\jdk7u13_2932_new\hotspot\src\share\vm\prims\jvm.cpp:1166
Event: 5.803 Thread 0x04d89c00 Threw 0x2731bc90 at C:\jdk7u2_32P\jdk7u13_2932_new\hotspot\src\share\vm\prims\jvm.cpp:1166
Event: 5.809 Thread 0x04d89c00 Threw 0x27325580 at C:\jdk7u2_32P\jdk7u13_2932_new\hotspot\src\share\vm\prims\jvm.cpp:1166
Event: 5.809 Thread 0x04d89c00 Threw 0x27377c10 at C:\jdk7u2_32P\jdk7u13_2932_new\hotspot\src\share\vm\prims\jvm.cpp:1166
Event: 5.828 Thread 0x04d89c00 Threw 0x273d8b80 at C:\jdk7u2_32P\jdk7u13_2932_new\hotspot\src\share\vm\prims\jvm.cpp:1166
Event: 7.914 Thread 0x04cebc00 Threw 0x272af340 at C:\jdk7u2_32P\jdk7u13_2932_new\hotspot\src\share\vm\prims\jvm.cpp:1166
Event: 7.922 Thread 0x04cebc00 Threw 0x272b2a60 at C:\jdk7u2_32P\jdk7u13_2932_new\hotspot\src\share\vm\prims\jvm.cpp:1166
Event: 9.091 Thread 0x04d89c00 Threw 0x27324128 at C:\jdk7u2_32P\jdk7u13_2932_new\hotspot\src\share\vm\prims\jvm.cpp:1166
Event: 9.113 Thread 0x04d89c00 Threw 0x2735c938 at C:\jdk7u2_32P\jdk7u13_2932_new\hotspot\src\share\vm\prims\jvm.cpp:1166
Event: 9.114 Thread 0x04d89c00 Threw 0x2735ed48 at C:\jdk7u2_32P\jdk7u13_2932_new\hotspot\src\share\vm\prims\jvm.cpp:1166

Events (10 events):
Event: 20.255 loading class 0x3c6c4b30 done
Event: 20.255 loading class 0x3c6c4aa8 done
Event: 20.811 Executing VM operation: RevokeBias
Event: 20.811 Executing VM operation: RevokeBias done
Event: 20.811 Executing VM operation: RevokeBias
Event: 20.811 Executing VM operation: RevokeBias done
Event: 21.015 Thread 0x04ceb000 Thread added: 0x04ceb000
Event: 21.015 Thread 0x04ceb800 Thread added: 0x04ceb800
Event: 21.015 Thread 0x04ceb800 Thread exited: 0x04ceb800
Event: 21.021 Thread 0x04d4c000 Thread exited: 0x04d4c000


Dynamic libraries:
0x013b0000 - 0x013df000 	C:\Program Files (x86)\Java\jdk1.7.0_13\bin\java.exe
0x77b00000 - 0x77c80000 	C:\Windows\SysWOW64\ntdll.dll
0x732f0000 - 0x7332f000 	C:\Program Files\AVAST Software\Avast\snxhk.dll
0x757d0000 - 0x758e0000 	C:\Windows\syswow64\KERNEL32.dll
0x76e80000 - 0x76ec7000 	C:\Windows\syswow64\KERNELBASE.dll
0x75580000 - 0x75620000 	C:\Windows\syswow64\ADVAPI32.dll
0x77190000 - 0x7723c000 	C:\Windows\syswow64\msvcrt.dll
0x75a30000 - 0x75a49000 	C:\Windows\SysWOW64\sechost.dll
0x76c50000 - 0x76d40000 	C:\Windows\syswow64\RPCRT4.dll
0x751e0000 - 0x75240000 	C:\Windows\syswow64\SspiCli.dll
0x751d0000 - 0x751dc000 	C:\Windows\syswow64\CRYPTBASE.dll
0x76d40000 - 0x76e40000 	C:\Windows\syswow64\USER32.dll
0x75240000 - 0x752d0000 	C:\Windows\syswow64\GDI32.dll
0x001d0000 - 0x001da000 	C:\Windows\syswow64\LPK.dll
0x75900000 - 0x7599e000 	C:\Windows\syswow64\USP10.dll
0x708b0000 - 0x70a4e000 	C:\Windows\WinSxS\x86_microsoft.windows.common-controls_6595b64144ccf1df_6.0.7600.16661_none_420fe3fa2b8113bd\COMCTL32.dll
0x75cd0000 - 0x75d27000 	C:\Windows\syswow64\SHLWAPI.dll
0x752d0000 - 0x75330000 	C:\Windows\system32\IMM32.DLL
0x76ed0000 - 0x76f9c000 	C:\Windows\syswow64\MSCTF.dll
0x721a0000 - 0x721d6000 	C:\Windows\SysWOW64\nvinit.dll
0x0f000000 - 0x0f006000 	C:\Program Files (x86)\NVIDIA Corporation\CoProcManager\_etoured.dll
0x70a50000 - 0x70a9c000 	C:\Program Files (x86)\NVIDIA Corporation\CoProcManager\nvd3d9wrap.dll
0x75340000 - 0x754dd000 	C:\Windows\syswow64\SETUPAPI.dll
0x75ca0000 - 0x75cc7000 	C:\Windows\syswow64\CFGMGR32.dll
0x75620000 - 0x756af000 	C:\Windows\syswow64\OLEAUT32.dll
0x75ab0000 - 0x75c0c000 	C:\Windows\syswow64\ole32.dll
0x758e0000 - 0x758f2000 	C:\Windows\syswow64\DEVOBJ.dll
0x704d0000 - 0x70503000 	C:\Program Files (x86)\NVIDIA Corporation\CoProcManager\nvdxgiwrap.dll
0x6c010000 - 0x6c0ce000 	C:\Program Files (x86)\Java\jdk1.7.0_13\jre\bin\msvcr100.dll
0x63e90000 - 0x641dd000 	C:\Program Files (x86)\Java\jdk1.7.0_13\jre\bin\client\jvm.dll
0x72e70000 - 0x72e77000 	C:\Windows\system32\WSOCK32.dll
0x76e40000 - 0x76e75000 	C:\Windows\syswow64\WS2_32.dll
0x75330000 - 0x75336000 	C:\Windows\syswow64\NSI.dll
0x71e30000 - 0x71e62000 	C:\Windows\system32\WINMM.dll
0x754e0000 - 0x754e5000 	C:\Windows\syswow64\PSAPI.DLL
0x70ad0000 - 0x70adc000 	C:\Program Files (x86)\Java\jdk1.7.0_13\jre\bin\verify.dll
0x6c350000 - 0x6c370000 	C:\Program Files (x86)\Java\jdk1.7.0_13\jre\bin\java.dll
0x6c330000 - 0x6c343000 	C:\Program Files (x86)\Java\jdk1.7.0_13\jre\bin\zip.dll
0x68790000 - 0x688d2000 	C:\Program Files (x86)\Java\jdk1.7.0_13\jre\bin\awt.dll
0x70f50000 - 0x70fd0000 	C:\Windows\system32\uxtheme.dll
0x70aa0000 - 0x70ab0000 	C:\ProgramData\RealNetworks\RealDownloader\BrowserPlugins\Chrome\Hook\rndlchrome10browserrecordhelper.dll
0x75d30000 - 0x76979000 	C:\Windows\syswow64\SHELL32.dll
0x6f510000 - 0x6f579000 	C:\Windows\system32\MSVCP100.dll
0x70550000 - 0x70563000 	C:\Windows\system32\dwmapi.dll
0x6c300000 - 0x6c32a000 	C:\Program Files (x86)\Java\jdk1.7.0_13\jre\bin\fontmanager.dll
0x6c1a0000 - 0x6c1b4000 	C:\Program Files (x86)\Java\jdk1.7.0_13\jre\bin\net.dll
0x70090000 - 0x700cc000 	C:\Windows\system32\mswsock.dll
0x73a10000 - 0x73a16000 	C:\Windows\System32\wship6.dll
0x70ae0000 - 0x70aee000 	C:\Program Files (x86)\Java\jdk1.7.0_13\jre\bin\nio.dll
0x6bfd0000 - 0x6c001000 	C:\Program Files (x86)\Java\jdk1.7.0_13\jre\bin\t2k.dll
0x76980000 - 0x76a03000 	C:\Windows\syswow64\CLBCatQ.DLL
0x6cca0000 - 0x6cd9b000 	C:\Windows\system32\WindowsCodecs.dll
0x72c60000 - 0x72cab000 	C:\Windows\system32\apphelp.dll
0x10000000 - 0x10022000 	C:\Users\francisco\AppData\Roaming\Dropbox\bin\DropboxExt.19.dll
0x72ac0000 - 0x72bab000 	C:\Windows\system32\dbghelp.dll
0x72f00000 - 0x72f8e000 	C:\Windows\WinSxS\x86_microsoft.vc90.crt_1fc8b3b9a1e18e3b_9.0.30729.6161_none_50934f2ebcb7eb57\MSVCP90.dll
0x72f90000 - 0x73033000 	C:\Windows\WinSxS\x86_microsoft.vc90.crt_1fc8b3b9a1e18e3b_9.0.30729.6161_none_50934f2ebcb7eb57\MSVCR90.dll
0x71620000 - 0x71651000 	C:\Windows\system32\EhStorShell.dll
0x6f380000 - 0x6f475000 	C:\Windows\system32\PROPSYS.dll
0x68db0000 - 0x68e1f000 	C:\Windows\system32\ntshrui.dll
0x71550000 - 0x71569000 	C:\Windows\system32\srvcli.dll
0x6ecc0000 - 0x6eccb000 	C:\Windows\system32\cscapi.dll
0x70b00000 - 0x70b0a000 	C:\Windows\system32\slc.dll
0x6bfa0000 - 0x6bfc4000 	C:\Program Files (x86)\Java\jdk1.7.0_13\jre\bin\dcpr.dll
0x01270000 - 0x01285000 	C:\Windows\System32\jmutil.dll
0x010e0000 - 0x010ed000 	C:\Windows\System32\jmvfw.dll
0x68e70000 - 0x68e83000 	C:\Windows\system32\AVICAP32.dll
0x72e60000 - 0x72e69000 	C:\Windows\system32\VERSION.dll
0x68e40000 - 0x68e61000 	C:\Windows\system32\MSVFW32.dll
0x70c30000 - 0x70c69000 	C:\Windows\system32\MMDevAPI.DLL
0x68760000 - 0x68790000 	C:\Windows\system32\wdmaud.drv
0x70ce0000 - 0x70ce4000 	C:\Windows\system32\ksuser.dll
0x73180000 - 0x73187000 	C:\Windows\system32\AVRT.dll
0x70c70000 - 0x70ca6000 	C:\Windows\system32\AUDIOSES.DLL
0x6e990000 - 0x6e998000 	C:\Windows\system32\msacm32.drv
0x73240000 - 0x73254000 	C:\Windows\system32\MSACM32.dll
0x6c2f0000 - 0x6c2f7000 	C:\Windows\system32\midimap.dll
0x6c9f0000 - 0x6ca04000 	C:\Windows\SysWOW64\devenum.dll
0x702b0000 - 0x702d1000 	C:\Windows\system32\ntmarta.dll
0x75a50000 - 0x75a95000 	C:\Windows\syswow64\WLDAP32.dll
0x75c70000 - 0x75c9d000 	C:\Windows\syswow64\WINTRUST.dll
0x756b0000 - 0x757ce000 	C:\Windows\syswow64\CRYPT32.dll
0x75aa0000 - 0x75aac000 	C:\Windows\syswow64\MSASN1.dll
0x6c1c0000 - 0x6c1cb000 	C:\Windows\system32\msdmo.dll
0x68720000 - 0x68753000 	C:\Windows\SysWOW64\ksproxy.ax
0x6cf70000 - 0x6d133000 	C:\Windows\SysWOW64\d3d9.dll
0x73be0000 - 0x73be6000 	C:\Windows\SysWOW64\d3d8thk.dll
0x6bf90000 - 0x6bf99000 	C:\Windows\SysWOW64\vidcap.ax
0x68700000 - 0x6871d000 	C:\Windows\SysWOW64\kswdmcap.ax
0x685e0000 - 0x686fc000 	C:\Windows\SysWOW64\MFC42.dll
0x67be0000 - 0x67c6c000 	C:\Windows\SysWOW64\ODBC32.dll
0x67ba0000 - 0x67bd8000 	C:\Windows\SysWOW64\odbcint.dll
0x67b60000 - 0x67b92000 	C:\Windows\SysWOW64\qcap.dll
0x679e0000 - 0x67b57000 	C:\Windows\SysWOW64\quartz.dll
0x698a0000 - 0x698a6000 	C:\Windows\system32\DCIMAN32.DLL
0x685c0000 - 0x685d1000 	C:\Windows\system32\vfwwdm32.dll
0x70ac0000 - 0x70ac9000 	C:\Windows\system32\msyuv.dll
0x050e0000 - 0x050e8000 	C:\Windows\System32\jmddraw.dll
0x678f0000 - 0x679d7000 	C:\Windows\system32\DDRAW.dll
0x6ce70000 - 0x6cf61000 	C:\Windows\system32\nvumdshim.dll
0x081b0000 - 0x08798000 	C:\Windows\system32\igdumd32.dll
0x05b10000 - 0x05b1b000 	C:\Windows\System32\jmvcm.dll
0x68e30000 - 0x68e36000 	C:\Program Files (x86)\Java\jdk1.7.0_13\jre\bin\jawt.dll
0x05a60000 - 0x05a69000 	C:\Windows\System32\jmfjawt.dll

VM Arguments:
jvm_args: -Dfile.encoding=UTF-8 
java_command: proyectofinal.ProyectoFinal
Launcher Type: SUN_STANDARD

Environment Variables:
CLASSPATH=.;.;.;.;.;C:\PROGRA~2\JMF21~1.1E\lib\sound.jar;C:\PROGRA~2\JMF21~1.1E\lib\jmf.jar;C:\PROGRA~2\JMF21~1.1E\lib;
PATH=C:\Program Files (x86)\NVIDIA Corporation\PhysX\Common;C:\Windows\system32;C:\Windows;C:\Windows\System32\Wbem;C:\Windows\System32\WindowsPowerShell\v1.0\;C:\Program Files (x86)\Intel\OpenCL SDK\2.0\bin\x86;C:\Program Files (x86)\Intel\OpenCL SDK\2.0\bin\x64;C:\Users\francisco\AppData\Local\Smartbar\Application\;C:\Users\francisco\AppData\Local\Smartbar\Application\
USERNAME=francisco
OS=Windows_NT
PROCESSOR_IDENTIFIER=Intel64 Family 6 Model 58 Stepping 9, GenuineIntel



---------------  S Y S T E M  ---------------

OS: Windows 7 , 64 bit Build 7600 

CPU:total 4 (2 cores per cpu, 2 threads per core) family 6 model 58 stepping 9, cmov, cx8, fxsr, mmx, sse, sse2, sse3, ssse3, sse4.1, sse4.2, popcnt, ht, tsc, tscinvbit, tscinv

Memory: 4k page, physical 8202604k(5219880k free), swap 16403300k(13198088k free)

vm_info: Java HotSpot(TM) Client VM (23.7-b01) for windows-x86 JRE (1.7.0_13-b20), built on Jan 30 2013 10:03:58 by "java_re" with unknown MS VC++:1600

time: Tue Jul 09 10:11:36 2013
elapsed time: 21 seconds

