#
# A fatal error has been detected by the Java Runtime Environment:
#
#  EXCEPTION_ACCESS_VIOLATION (0xc0000005) at pc=0x05131a9b, pid=4312, tid=5968
#
# JRE version: 7.0_13-b20
# Java VM: Java HotSpot(TM) Client VM (23.7-b01 mixed mode, sharing windows-x86 )
# Problematic frame:
# C  [jmddraw.dll+0x1a9b]  Java_com_sun_media_renderer_video_DDRenderer_dxDraw+0x1db
#
# Failed to write core dump. Minidumps are not enabled by default on client versions of Windows
#
# If you would like to submit a bug report, please visit:
#   http://bugreport.sun.com/bugreport/crash.jsp
# The crash happened outside the Java Virtual Machine in native code.
# See problematic frame for where to report the bug.
#

---------------  T H R E A D  ---------------

Current thread (0x05df0800):  JavaThread "Loop thread: com.sun.media.renderer.video.DDRenderer@76e112" [_thread_in_native, id=5968, stack(0x0a150000,0x0a1a0000)]

siginfo: ExceptionCode=0xc0000005, writing address 0x00000000

Registers:
EAX=0x00000000, EBX=0x081b02e0, ECX=0x00000000, EDX=0x2cbe8d28
ESP=0x0a19f748, EBP=0x0bae0020, ESI=0x05df0928, EDI=0x00000000
EIP=0x05131a9b, EFLAGS=0x00010206

Top of Stack: (sp=0x0a19f748)
0x0a19f748:   05df0800 37367a00 0a19f898 37367a00
0x0a19f758:   0b220000 00000000 0bae0020 05dffa18
0x0a19f768:   00000000 2cbe8d28 00000a00 00000004
0x0a19f778:   027693f0 00000006 05df0800 00000550
0x0a19f788:   05df099c 00000001 00000000 00000000
0x0a19f798:   00000000 00000000 00000280 000001e0
0x0a19f7a8:   00000000 0a19f7d8 2cbe8d28 04e4f606
0x0a19f7b8:   2cbe8d28 05df0800 0a19f7e4 61f03e69 

Instructions: (pc=0x05131a9b)
0x05131a7b:   85 c0 0f 84 31 01 00 00 83 f8 20 0f 84 28 01 00
0x05131a8b:   00 50 e8 6b 07 00 00 8b 54 24 28 8b f8 83 c4 04
0x05131a9b:   89 17 8b 43 1c 8d 54 24 24 8b 08 52 8d 54 24 38
0x05131aab:   57 52 50 ff 51 0c 57 e8 17 07 00 00 83 c4 04 c7 


Register to memory mapping:

EAX=0x00000000 is an unknown value
EBX=0x081b02e0 is an unknown value
ECX=0x00000000 is an unknown value
EDX=0x2cbe8d28 is an oop
com.sun.media.CircularBuffer 
 - klass: 'com/sun/media/CircularBuffer'
ESP=0x0a19f748 is pointing into the stack for thread: 0x05df0800
EBP=0x0bae0020 is an unknown value
ESI=0x05df0928 is an unknown value
EDI=0x00000000 is an unknown value


Stack: [0x0a150000,0x0a1a0000],  sp=0x0a19f748,  free space=317k
Native frames: (J=compiled Java code, j=interpreted, Vv=VM code, C=native code)
C  [jmddraw.dll+0x1a9b]  Java_com_sun_media_renderer_video_DDRenderer_dxDraw+0x1db

Java frames: (J=compiled Java code, j=interpreted, Vv=VM code)
j  com.sun.media.renderer.video.DDRenderer.dxDraw(Ljava/lang/Object;JII)Z+0
j  com.sun.media.renderer.video.DDRenderer.doProcess(Ljavax/media/Buffer;)I+217
j  com.sun.media.renderer.video.BasicVideoRenderer.process(Ljavax/media/Buffer;)I+18
j  com.sun.media.BasicRendererModule.processBuffer(Ljavax/media/Buffer;)I+357
j  com.sun.media.BasicRendererModule.scheduleBuffer(Ljavax/media/Buffer;)Z+164
j  com.sun.media.BasicRendererModule.doProcess()Z+330
j  com.sun.media.RenderThread.process()Z+4
j  com.sun.media.util.LoopThread.run()V+14
v  ~StubRoutines::call_stub

---------------  P R O C E S S  ---------------

Java Threads: ( => current thread )
  0x05def000 JavaThread "Thread-0" daemon [_thread_in_native, id=5296, stack(0x07b80000,0x07bd0000)]
=>0x05df0800 JavaThread "Loop thread: com.sun.media.renderer.video.DDRenderer@76e112" [_thread_in_native, id=5968, stack(0x0a150000,0x0a1a0000)]
  0x05defc00 JavaThread "Loop thread: com.sun.media.parser.RawBufferParser$FrameTrack@74a7af" [_thread_blocked, id=4424, stack(0x0a350000,0x0a3a0000)]
  0x05def800 JavaThread "Progress Slider thread" [_thread_blocked, id=3060, stack(0x080a0000,0x080f0000)]
  0x05dee800 JavaThread "Loop thread" [_thread_blocked, id=5640, stack(0x06690000,0x066e0000)]
  0x05dee400 JavaThread "VFW TransferDataThread" [_thread_blocked, id=4996, stack(0x07020000,0x07070000)]
  0x05dedc00 JavaThread "VFW VideoPollThread" [_thread_blocked, id=5804, stack(0x08160000,0x081b0000)]
  0x05dc3000 JavaThread "JMF thread: SendEventQueue: com.sun.media.PlaybackEngine" [_thread_blocked, id=1200, stack(0x07bd0000,0x07c20000)]
  0x05d96c00 JavaThread "JMF thread: SendEventQueue: com.sun.media.content.unknown.Handler" [_thread_blocked, id=5696, stack(0x07c30000,0x07c80000)]
  0x05d94800 JavaThread "VFW Request Thread" [_thread_blocked, id=4396, stack(0x06590000,0x065e0000)]
  0x04d9d400 JavaThread "TimerQueue" daemon [_thread_blocked, id=3340, stack(0x04a70000,0x04ac0000)]
  0x0276b400 JavaThread "DestroyJavaVM" [_thread_blocked, id=3996, stack(0x01e30000,0x01e80000)]
  0x04d07400 JavaThread "AWT-EventQueue-0" [_thread_blocked, id=4664, stack(0x04ad0000,0x04b20000)]
  0x04cc5800 JavaThread "AWT-Shutdown" [_thread_blocked, id=3128, stack(0x05090000,0x050e0000)]
  0x04cc2c00 JavaThread "Java2D Disposer" daemon [_thread_blocked, id=1852, stack(0x04b90000,0x04be0000)]
  0x02461000 JavaThread "Service Thread" daemon [_thread_blocked, id=5312, stack(0x04b30000,0x04b80000)]
  0x0245c000 JavaThread "C1 CompilerThread0" daemon [_thread_blocked, id=5068, stack(0x04780000,0x047d0000)]
  0x0245ac00 JavaThread "Attach Listener" daemon [_thread_blocked, id=3164, stack(0x01de0000,0x01e30000)]
  0x02457800 JavaThread "Signal Dispatcher" daemon [_thread_blocked, id=6020, stack(0x04a10000,0x04a60000)]
  0x02443c00 JavaThread "Finalizer" daemon [_thread_blocked, id=5972, stack(0x049c0000,0x04a10000)]
  0x02442400 JavaThread "Reference Handler" daemon [_thread_blocked, id=3052, stack(0x01f80000,0x01fd0000)]

Other Threads:
  0x02440800 VMThread [stack: 0x04810000,0x04860000] [id=4964]
  0x02473800 WatcherThread [stack: 0x04870000,0x048c0000] [id=5468]

VM state:not at safepoint (normal execution)

VM Mutex/Monitor currently owned by a thread: None

Heap
 def new generation   total 7872K, used 4909K [0x27010000, 0x27890000, 0x2c560000)
  eden space 7040K,  61% used [0x27010000, 0x274454a8, 0x276f0000)
  from space 832K,  72% used [0x277c0000, 0x27856218, 0x27890000)
  to   space 832K,   0% used [0x276f0000, 0x276f0000, 0x277c0000)
 tenured generation   total 17196K, used 16315K [0x2c560000, 0x2d62b000, 0x37010000)
   the space 17196K,  94% used [0x2c560000, 0x2d54ef28, 0x2d54f000, 0x2d62b000)
 compacting perm gen  total 12288K, used 3645K [0x37010000, 0x37c10000, 0x3b010000)
   the space 12288K,  29% used [0x37010000, 0x3739f6d8, 0x3739f800, 0x37c10000)
    ro space 10240K,  45% used [0x3b010000, 0x3b496fa8, 0x3b497000, 0x3ba10000)
    rw space 12288K,  54% used [0x3ba10000, 0x3c09a9a0, 0x3c09aa00, 0x3c610000)

Card table byte_map: [0x02580000,0x02630000] byte_map_base: 0x02447f80

Polling page: 0x00270000

Code Cache  [0x02770000, 0x028c8000, 0x04770000)
 total_blobs=758 nmethods=509 adapters=183 free_code_cache=31407Kb largest_free_block=32161408

Compilation events (10 events):
Event: 16.506 Thread 0x0245c000  506             com.sun.media.BasicJMD::updateConnector (91 bytes)
Event: 16.507 Thread 0x0245c000 nmethod 506 0x028c30c8 code [0x028c3230, 0x028c33f8]
Event: 17.409 Thread 0x0245c000  509             javax.media.Buffer::getTimeStamp (5 bytes)
Event: 17.409 Thread 0x0245c000 nmethod 509 0x028c3a88 code [0x028c3b80, 0x028c3c00]
Event: 17.566 Thread 0x0245c000  510             com.sun.media.ExtBuffer::getNativeData (5 bytes)
Event: 17.566 Thread 0x0245c000 nmethod 510 0x028c3c48 code [0x028c3d40, 0x028c3dc0]
Event: 17.596 Thread 0x0245c000  511             com.sun.media.protocol.vfw.VFWSourceStream::getStarted (5 bytes)
Event: 17.596 Thread 0x0245c000 nmethod 511 0x028c3e08 code [0x028c3f00, 0x028c3f80]
Event: 17.858 Thread 0x0245c000  512             sun.java2d.pipe.Region::<init> (26 bytes)
Event: 17.858 Thread 0x0245c000 nmethod 512 0x028c3fc8 code [0x028c40c0, 0x028c4150]

GC Heap History (10 events):
Event: 1.560 GC heap before
{Heap before GC invocations=2 (full 0):
 def new generation   total 4928K, used 4792K [0x27010000, 0x27560000, 0x2c560000)
  eden space 4416K, 100% used [0x27010000, 0x27460000, 0x27460000)
  from space 512K,  73% used [0x27460000, 0x274be088, 0x274e0000)
  to   space 512K,   0% used [0x274e0000, 0x274e0000, 0x27560000)
 tenured generation   total 10944K, used 2625K [0x2c560000, 0x2d010000, 0x37010000)
   the space 10944K,  23% used [0x2c560000, 0x2c7f04c8, 0x2c7f0600, 0x2d010000)
 compacting perm gen  total 12288K, used 2412K [0x37010000, 0x37c10000, 0x3b010000)
   the space 12288K,  19% used [0x37010000, 0x3726b0d8, 0x3726b200, 0x37c10000)
    ro space 10240K,  45% used [0x3b010000, 0x3b496fa8, 0x3b497000, 0x3ba10000)
    rw space 12288K,  54% used [0x3ba10000, 0x3c09a9a0, 0x3c09aa00, 0x3c610000)
Event: 1.564 GC heap after
Heap after GC invocations=3 (full 0):
 def new generation   total 4928K, used 31K [0x27010000, 0x27560000, 0x2c560000)
  eden space 4416K,   0% used [0x27010000, 0x27010000, 0x27460000)
  from space 512K,   6% used [0x274e0000, 0x274e7d28, 0x27560000)
  to   space 512K,   0% used [0x27460000, 0x27460000, 0x274e0000)
 tenured generation   total 10944K, used 6761K [0x2c560000, 0x2d010000, 0x37010000)
   the space 10944K,  61% used [0x2c560000, 0x2cbfa7c0, 0x2cbfa800, 0x2d010000)
 compacting perm gen  total 12288K, used 2412K [0x37010000, 0x37c10000, 0x3b010000)
   the space 12288K,  19% used [0x37010000, 0x3726b0d8, 0x3726b200, 0x37c10000)
    ro space 10240K,  45% used [0x3b010000, 0x3b496fa8, 0x3b497000, 0x3ba10000)
    rw space 12288K,  54% used [0x3ba10000, 0x3c09a9a0, 0x3c09aa00, 0x3c610000)
}
Event: 4.665 GC heap before
{Heap before GC invocations=3 (full 0):
 def new generation   total 4928K, used 4447K [0x27010000, 0x27560000, 0x2c560000)
  eden space 4416K, 100% used [0x27010000, 0x27460000, 0x27460000)
  from space 512K,   6% used [0x274e0000, 0x274e7d28, 0x27560000)
  to   space 512K,   0% used [0x27460000, 0x27460000, 0x274e0000)
 tenured generation   total 10944K, used 6761K [0x2c560000, 0x2d010000, 0x37010000)
   the space 10944K,  61% used [0x2c560000, 0x2cbfa7c0, 0x2cbfa800, 0x2d010000)
 compacting perm gen  total 12288K, used 3069K [0x37010000, 0x37c10000, 0x3b010000)
   the space 12288K,  24% used [0x37010000, 0x3730f550, 0x3730f600, 0x37c10000)
    ro space 10240K,  45% used [0x3b010000, 0x3b496fa8, 0x3b497000, 0x3ba10000)
    rw space 12288K,  54% used [0x3ba10000, 0x3c09a9a0, 0x3c09aa00, 0x3c610000)
Event: 4.674 GC heap after
Heap after GC invocations=4 (full 0):
 def new generation   total 4928K, used 512K [0x27010000, 0x27560000, 0x2c560000)
  eden space 4416K,   0% used [0x27010000, 0x27010000, 0x27460000)
  from space 512K, 100% used [0x27460000, 0x274e0000, 0x274e0000)
  to   space 512K,   0% used [0x274e0000, 0x274e0000, 0x27560000)
 tenured generation   total 10944K, used 7769K [0x2c560000, 0x2d010000, 0x37010000)
   the space 10944K,  70% used [0x2c560000, 0x2ccf6538, 0x2ccf6600, 0x2d010000)
 compacting perm gen  total 12288K, used 3069K [0x37010000, 0x37c10000, 0x3b010000)
   the space 12288K,  24% used [0x37010000, 0x3730f550, 0x3730f600, 0x37c10000)
    ro space 10240K,  45% used [0x3b010000, 0x3b496fa8, 0x3b497000, 0x3ba10000)
    rw space 12288K,  54% used [0x3ba10000, 0x3c09a9a0, 0x3c09aa00, 0x3c610000)
}
Event: 6.083 GC heap before
{Heap before GC invocations=4 (full 0):
 def new generation   total 4928K, used 4928K [0x27010000, 0x27560000, 0x2c560000)
  eden space 4416K, 100% used [0x27010000, 0x27460000, 0x27460000)
  from space 512K, 100% used [0x27460000, 0x274e0000, 0x274e0000)
  to   space 512K,   0% used [0x274e0000, 0x274e0000, 0x27560000)
 tenured generation   total 10944K, used 7769K [0x2c560000, 0x2d010000, 0x37010000)
   the space 10944K,  70% used [0x2c560000, 0x2ccf6538, 0x2ccf6600, 0x2d010000)
 compacting perm gen  total 12288K, used 3633K [0x37010000, 0x37c10000, 0x3b010000)
   the space 12288K,  29% used [0x37010000, 0x3739c7a8, 0x3739c800, 0x37c10000)
    ro space 10240K,  45% used [0x3b010000, 0x3b496fa8, 0x3b497000, 0x3ba10000)
    rw space 12288K,  54% used [0x3ba10000, 0x3c09a9a0, 0x3c09aa00, 0x3c610000)
Event: 6.092 GC heap after
Heap after GC invocations=5 (full 0):
 def new generation   total 4928K, used 512K [0x27010000, 0x27560000, 0x2c560000)
  eden space 4416K,   0% used [0x27010000, 0x27010000, 0x27460000)
  from space 512K, 100% used [0x274e0000, 0x27560000, 0x27560000)
  to   space 512K,   0% used [0x27460000, 0x27460000, 0x274e0000)
 tenured generation   total 10944K, used 8850K [0x2c560000, 0x2d010000, 0x37010000)
   the space 10944K,  80% used [0x2c560000, 0x2ce04a48, 0x2ce04c00, 0x2d010000)
 compacting perm gen  total 12288K, used 3633K [0x37010000, 0x37c10000, 0x3b010000)
   the space 12288K,  29% used [0x37010000, 0x3739c7a8, 0x3739c800, 0x37c10000)
    ro space 10240K,  45% used [0x3b010000, 0x3b496fa8, 0x3b497000, 0x3ba10000)
    rw space 12288K,  54% used [0x3ba10000, 0x3c09a9a0, 0x3c09aa00, 0x3c610000)
}
Event: 10.329 GC heap before
{Heap before GC invocations=5 (full 0):
 def new generation   total 4928K, used 4513K [0x27010000, 0x27560000, 0x2c560000)
  eden space 4416K,  90% used [0x27010000, 0x273f8490, 0x27460000)
  from space 512K, 100% used [0x274e0000, 0x27560000, 0x27560000)
  to   space 512K,   0% used [0x27460000, 0x27460000, 0x274e0000)
 tenured generation   total 10944K, used 8850K [0x2c560000, 0x2d010000, 0x37010000)
   the space 10944K,  80% used [0x2c560000, 0x2ce04a48, 0x2ce04c00, 0x2d010000)
 compacting perm gen  total 12288K, used 3642K [0x37010000, 0x37c10000, 0x3b010000)
   the space 12288K,  29% used [0x37010000, 0x3739ebe0, 0x3739ec00, 0x37c10000)
    ro space 10240K,  45% used [0x3b010000, 0x3b496fa8, 0x3b497000, 0x3ba10000)
    rw space 12288K,  54% used [0x3ba10000, 0x3c09a9a0, 0x3c09aa00, 0x3c610000)
Event: 10.363 GC heap after
Heap after GC invocations=6 (full 1):
 def new generation   total 7872K, used 0K [0x27010000, 0x27890000, 0x2c560000)
  eden space 7040K,   0% used [0x27010000, 0x27010000, 0x276f0000)
  from space 832K,   0% used [0x276f0000, 0x276f0000, 0x277c0000)
  to   space 832K,   0% used [0x277c0000, 0x277c0000, 0x27890000)
 tenured generation   total 17196K, used 10315K [0x2c560000, 0x2d62b000, 0x37010000)
   the space 17196K,  59% used [0x2c560000, 0x2cf72ec8, 0x2cf73000, 0x2d62b000)
 compacting perm gen  total 12288K, used 3642K [0x37010000, 0x37c10000, 0x3b010000)
   the space 12288K,  29% used [0x37010000, 0x3739ebe0, 0x3739ec00, 0x37c10000)
    ro space 10240K,  45% used [0x3b010000, 0x3b496fa8, 0x3b497000, 0x3ba10000)
    rw space 12288K,  54% used [0x3ba10000, 0x3c09a9a0, 0x3c09aa00, 0x3c610000)
}
Event: 10.435 GC heap before
{Heap before GC invocations=6 (full 1):
 def new generation   total 7872K, used 6704K [0x27010000, 0x27890000, 0x2c560000)
  eden space 7040K,  95% used [0x27010000, 0x2769c0d0, 0x276f0000)
  from space 832K,   0% used [0x276f0000, 0x276f0000, 0x277c0000)
  to   space 832K,   0% used [0x277c0000, 0x277c0000, 0x27890000)
 tenured generation   total 17196K, used 10315K [0x2c560000, 0x2d62b000, 0x37010000)
   the space 17196K,  59% used [0x2c560000, 0x2cf72ec8, 0x2cf73000, 0x2d62b000)
 compacting perm gen  total 12288K, used 3642K [0x37010000, 0x37c10000, 0x3b010000)
   the space 12288K,  29% used [0x37010000, 0x3739ebe0, 0x3739ec00, 0x37c10000)
    ro space 10240K,  45% used [0x3b010000, 0x3b496fa8, 0x3b497000, 0x3ba10000)
    rw space 12288K,  54% used [0x3ba10000, 0x3c09a9a0, 0x3c09aa00, 0x3c610000)
Event: 10.441 GC heap after
Heap after GC invocations=7 (full 1):
 def new generation   total 7872K, used 600K [0x27010000, 0x27890000, 0x2c560000)
  eden space 7040K,   0% used [0x27010000, 0x27010000, 0x276f0000)
  from space 832K,  72% used [0x277c0000, 0x27856218, 0x27890000)
  to   space 832K,   0% used [0x276f0000, 0x276f0000, 0x277c0000)
 tenured generation   total 17196K, used 16315K [0x2c560000, 0x2d62b000, 0x37010000)
   the space 17196K,  94% used [0x2c560000, 0x2d54ef28, 0x2d54f000, 0x2d62b000)
 compacting perm gen  total 12288K, used 3642K [0x37010000, 0x37c10000, 0x3b010000)
   the space 12288K,  29% used [0x37010000, 0x3739ebe0, 0x3739ec00, 0x37c10000)
    ro space 10240K,  45% used [0x3b010000, 0x3b496fa8, 0x3b497000, 0x3ba10000)
    rw space 12288K,  54% used [0x3ba10000, 0x3c09a9a0, 0x3c09aa00, 0x3c610000)
}

Deoptimization events (0 events):
No events

Internal exceptions (10 events):
Event: 4.837 Thread 0x04d07400 Threw 0x27288828 at C:\jdk7u2_32P\jdk7u13_2932_new\hotspot\src\share\vm\prims\jvm.cpp:1166
Event: 4.847 Thread 0x04d07400 Threw 0x272f27e0 at C:\jdk7u2_32P\jdk7u13_2932_new\hotspot\src\share\vm\prims\jvm.cpp:1166
Event: 4.853 Thread 0x04d07400 Threw 0x27374ee0 at C:\jdk7u2_32P\jdk7u13_2932_new\hotspot\src\share\vm\prims\jvm.cpp:1166
Event: 4.853 Thread 0x04d07400 Threw 0x27376790 at C:\jdk7u2_32P\jdk7u13_2932_new\hotspot\src\share\vm\prims\jvm.cpp:1166
Event: 4.874 Thread 0x04d07400 Threw 0x273d78b8 at C:\jdk7u2_32P\jdk7u13_2932_new\hotspot\src\share\vm\prims\jvm.cpp:1166
Event: 10.303 Thread 0x05df0800 Threw 0x2735b3c0 at C:\jdk7u2_32P\jdk7u13_2932_new\hotspot\src\share\vm\prims\jvm.cpp:1166
Event: 10.316 Thread 0x05df0800 Threw 0x273f4b38 at C:\jdk7u2_32P\jdk7u13_2932_new\hotspot\src\share\vm\prims\jvm.cpp:1166
Event: 11.853 Thread 0x04d07400 Threw 0x273174b0 at C:\jdk7u2_32P\jdk7u13_2932_new\hotspot\src\share\vm\interpreter\linkResolver.cpp:891
Event: 11.853 Thread 0x04d07400 Threw 0x273174b0 at C:\jdk7u2_32P\jdk7u13_2932_new\hotspot\src\share\vm\prims\jvm.cpp:1170
Event: 11.853 Thread 0x04d07400 Threw 0x273174b0 at C:\jdk7u2_32P\jdk7u13_2932_new\hotspot\src\share\vm\prims\jvm.cpp:1170

Events (10 events):
Event: 16.857 Executing VM operation: RevokeBias
Event: 16.857 Executing VM operation: RevokeBias done
Event: 17.857 Executing VM operation: RevokeBias
Event: 17.857 Executing VM operation: RevokeBias done
Event: 17.857 Executing VM operation: RevokeBias
Event: 17.857 Executing VM operation: RevokeBias done
Event: 18.080 Thread 0x05def000 Thread added: 0x05def000
Event: 18.080 Thread 0x05df0400 Thread added: 0x05df0400
Event: 18.081 Thread 0x05df0400 Thread exited: 0x05df0400
Event: 18.086 Thread 0x04cc7000 Thread exited: 0x04cc7000


Dynamic libraries:
0x00230000 - 0x0025f000 	C:\Program Files (x86)\Java\jdk1.7.0_13\bin\java.exe
0x77e60000 - 0x77fe0000 	C:\Windows\SysWOW64\ntdll.dll
0x719c0000 - 0x719ff000 	C:\Program Files\AVAST Software\Avast\snxhk.dll
0x76b10000 - 0x76c20000 	C:\Windows\syswow64\KERNEL32.dll
0x76c20000 - 0x76c67000 	C:\Windows\syswow64\KERNELBASE.dll
0x77450000 - 0x774f0000 	C:\Windows\syswow64\ADVAPI32.dll
0x774f0000 - 0x7759c000 	C:\Windows\syswow64\msvcrt.dll
0x77380000 - 0x77399000 	C:\Windows\SysWOW64\sechost.dll
0x758c0000 - 0x759b0000 	C:\Windows\syswow64\RPCRT4.dll
0x75540000 - 0x755a0000 	C:\Windows\syswow64\SspiCli.dll
0x75530000 - 0x7553c000 	C:\Windows\syswow64\CRYPTBASE.dll
0x76c70000 - 0x76d70000 	C:\Windows\syswow64\USER32.dll
0x76990000 - 0x76a20000 	C:\Windows\syswow64\GDI32.dll
0x75b10000 - 0x75b1a000 	C:\Windows\syswow64\LPK.dll
0x768f0000 - 0x7698e000 	C:\Windows\syswow64\USP10.dll
0x71bb0000 - 0x71d4e000 	C:\Windows\WinSxS\x86_microsoft.windows.common-controls_6595b64144ccf1df_6.0.7600.16661_none_420fe3fa2b8113bd\COMCTL32.dll
0x76890000 - 0x768e7000 	C:\Windows\syswow64\SHLWAPI.dll
0x772c0000 - 0x77320000 	C:\Windows\system32\IMM32.DLL
0x76f00000 - 0x76fcc000 	C:\Windows\syswow64\MSCTF.dll
0x71a00000 - 0x71a36000 	C:\Windows\SysWOW64\nvinit.dll
0x0f000000 - 0x0f006000 	C:\Program Files (x86)\NVIDIA Corporation\CoProcManager\_etoured.dll
0x73650000 - 0x7369c000 	C:\Program Files (x86)\NVIDIA Corporation\CoProcManager\nvd3d9wrap.dll
0x755c0000 - 0x7575d000 	C:\Windows\syswow64\SETUPAPI.dll
0x77320000 - 0x77347000 	C:\Windows\syswow64\CFGMGR32.dll
0x75bb0000 - 0x75c3f000 	C:\Windows\syswow64\OLEAUT32.dll
0x759b0000 - 0x75b0c000 	C:\Windows\syswow64\ole32.dll
0x755a0000 - 0x755b2000 	C:\Windows\syswow64\DEVOBJ.dll
0x73610000 - 0x73643000 	C:\Program Files (x86)\NVIDIA Corporation\CoProcManager\nvdxgiwrap.dll
0x63200000 - 0x632be000 	C:\Program Files (x86)\Java\jdk1.7.0_13\jre\bin\msvcr100.dll
0x61dc0000 - 0x6210d000 	C:\Program Files (x86)\Java\jdk1.7.0_13\jre\bin\client\jvm.dll
0x731d0000 - 0x731d7000 	C:\Windows\system32\WSOCK32.dll
0x75760000 - 0x75795000 	C:\Windows\syswow64\WS2_32.dll
0x76dc0000 - 0x76dc6000 	C:\Windows\syswow64\NSI.dll
0x716f0000 - 0x71722000 	C:\Windows\system32\WINMM.dll
0x77e30000 - 0x77e35000 	C:\Windows\syswow64\PSAPI.DLL
0x707c0000 - 0x707cc000 	C:\Program Files (x86)\Java\jdk1.7.0_13\jre\bin\verify.dll
0x6e730000 - 0x6e750000 	C:\Program Files (x86)\Java\jdk1.7.0_13\jre\bin\java.dll
0x6f6c0000 - 0x6f6d3000 	C:\Program Files (x86)\Java\jdk1.7.0_13\jre\bin\zip.dll
0x625b0000 - 0x626f2000 	C:\Program Files (x86)\Java\jdk1.7.0_13\jre\bin\awt.dll
0x73dd0000 - 0x73e50000 	C:\Windows\system32\uxtheme.dll
0x735e0000 - 0x735f3000 	C:\Windows\system32\dwmapi.dll
0x75c40000 - 0x76889000 	C:\Windows\syswow64\SHELL32.dll
0x63ba0000 - 0x63bca000 	C:\Program Files (x86)\Java\jdk1.7.0_13\jre\bin\fontmanager.dll
0x6cf00000 - 0x6cf14000 	C:\Program Files (x86)\Java\jdk1.7.0_13\jre\bin\net.dll
0x72060000 - 0x7209c000 	C:\Windows\system32\mswsock.dll
0x72040000 - 0x72046000 	C:\Windows\System32\wship6.dll
0x71a40000 - 0x71a4e000 	C:\Program Files (x86)\Java\jdk1.7.0_13\jre\bin\nio.dll
0x63b60000 - 0x63b91000 	C:\Program Files (x86)\Java\jdk1.7.0_13\jre\bin\t2k.dll
0x76a20000 - 0x76aa3000 	C:\Windows\syswow64\CLBCatQ.DLL
0x62360000 - 0x6245b000 	C:\Windows\system32\WindowsCodecs.dll
0x73160000 - 0x731ab000 	C:\Windows\system32\apphelp.dll
0x10000000 - 0x10022000 	C:\Users\francisco\AppData\Roaming\Dropbox\bin\DropboxExt.19.dll
0x72ed0000 - 0x72fbb000 	C:\Windows\system32\dbghelp.dll
0x745c0000 - 0x7464e000 	C:\Windows\WinSxS\x86_microsoft.vc90.crt_1fc8b3b9a1e18e3b_9.0.30729.6161_none_50934f2ebcb7eb57\MSVCP90.dll
0x74650000 - 0x746f3000 	C:\Windows\WinSxS\x86_microsoft.vc90.crt_1fc8b3b9a1e18e3b_9.0.30729.6161_none_50934f2ebcb7eb57\MSVCR90.dll
0x631c0000 - 0x631f1000 	C:\Windows\system32\EhStorShell.dll
0x73ad0000 - 0x73bc5000 	C:\Windows\system32\PROPSYS.dll
0x63bd0000 - 0x63c3f000 	C:\Windows\system32\ntshrui.dll
0x72240000 - 0x72259000 	C:\Windows\system32\srvcli.dll
0x73040000 - 0x7304b000 	C:\Windows\system32\cscapi.dll
0x730a0000 - 0x730aa000 	C:\Windows\system32\slc.dll
0x63b30000 - 0x63b54000 	C:\Program Files (x86)\Java\jdk1.7.0_13\jre\bin\dcpr.dll
0x047d0000 - 0x047e5000 	C:\Windows\System32\jmutil.dll
0x02560000 - 0x0256d000 	C:\Windows\System32\jmvfw.dll
0x6cee0000 - 0x6cef3000 	C:\Windows\system32\AVICAP32.dll
0x731c0000 - 0x731c9000 	C:\Windows\system32\VERSION.dll
0x63b00000 - 0x63b21000 	C:\Windows\system32\MSVFW32.dll
0x6f970000 - 0x6f9a9000 	C:\Windows\system32\MMDevAPI.DLL
0x63190000 - 0x631c0000 	C:\Windows\system32\wdmaud.drv
0x73450000 - 0x73454000 	C:\Windows\system32\ksuser.dll
0x736b0000 - 0x736b7000 	C:\Windows\system32\AVRT.dll
0x70620000 - 0x70656000 	C:\Windows\system32\AUDIOSES.DLL
0x6f910000 - 0x6f918000 	C:\Windows\system32\msacm32.drv
0x73000000 - 0x73014000 	C:\Windows\system32\MSACM32.dll
0x63c50000 - 0x63c57000 	C:\Windows\system32\midimap.dll
0x63150000 - 0x63164000 	C:\Windows\SysWOW64\devenum.dll
0x71b80000 - 0x71ba1000 	C:\Windows\system32\ntmarta.dll
0x76d70000 - 0x76db5000 	C:\Windows\syswow64\WLDAP32.dll
0x77350000 - 0x7737d000 	C:\Windows\syswow64\WINTRUST.dll
0x76de0000 - 0x76efe000 	C:\Windows\syswow64\CRYPT32.dll
0x76dd0000 - 0x76ddc000 	C:\Windows\syswow64\MSASN1.dll
0x6f030000 - 0x6f03b000 	C:\Windows\system32\msdmo.dll
0x62c00000 - 0x62c33000 	C:\Windows\SysWOW64\ksproxy.ax
0x635d0000 - 0x63793000 	C:\Windows\SysWOW64\d3d9.dll
0x73bf0000 - 0x73bf6000 	C:\Windows\SysWOW64\d3d8thk.dll
0x63c40000 - 0x63c49000 	C:\Windows\SysWOW64\vidcap.ax
0x63130000 - 0x6314d000 	C:\Windows\SysWOW64\kswdmcap.ax
0x62240000 - 0x6235c000 	C:\Windows\SysWOW64\MFC42.dll
0x62520000 - 0x625ac000 	C:\Windows\SysWOW64\ODBC32.dll
0x62bc0000 - 0x62bf8000 	C:\Windows\SysWOW64\odbcint.dll
0x624e0000 - 0x62512000 	C:\Windows\SysWOW64\qcap.dll
0x61c40000 - 0x61db7000 	C:\Windows\SysWOW64\quartz.dll
0x63af0000 - 0x63af6000 	C:\Windows\system32\DCIMAN32.DLL
0x62220000 - 0x62231000 	C:\Windows\system32\vfwwdm32.dll
0x6f6b0000 - 0x6f6b9000 	C:\Windows\system32\msyuv.dll
0x05130000 - 0x05138000 	C:\Windows\System32\jmddraw.dll
0x62130000 - 0x62217000 	C:\Windows\system32\DDRAW.dll
0x6d2f0000 - 0x6d3e1000 	C:\Windows\system32\nvumdshim.dll
0x082b0000 - 0x08898000 	C:\Windows\system32\igdumd32.dll
0x05b40000 - 0x05b4b000 	C:\Windows\System32\jmvcm.dll
0x63180000 - 0x63186000 	C:\Program Files (x86)\Java\jdk1.7.0_13\jre\bin\jawt.dll
0x05b50000 - 0x05b59000 	C:\Windows\System32\jmfjawt.dll

VM Arguments:
jvm_args: -Dfile.encoding=UTF-8 
java_command: proyectofinal.ProyectoFinal
Launcher Type: SUN_STANDARD

Environment Variables:
CLASSPATH=.;.;.;.;.;C:\PROGRA~2\JMF21~1.1E\lib\sound.jar;C:\PROGRA~2\JMF21~1.1E\lib\jmf.jar;C:\PROGRA~2\JMF21~1.1E\lib;
PATH=C:\Program Files (x86)\NVIDIA Corporation\PhysX\Common;C:\Windows\system32;C:\Windows;C:\Windows\System32\Wbem;C:\Windows\System32\WindowsPowerShell\v1.0\;C:\Program Files (x86)\Intel\OpenCL SDK\2.0\bin\x86;C:\Program Files (x86)\Intel\OpenCL SDK\2.0\bin\x64;C:\Users\francisco\AppData\Local\Smartbar\Application\;C:\Users\francisco\AppData\Local\Smartbar\Application\
USERNAME=francisco
OS=Windows_NT
PROCESSOR_IDENTIFIER=Intel64 Family 6 Model 58 Stepping 9, GenuineIntel



---------------  S Y S T E M  ---------------

OS: Windows 7 , 64 bit Build 7600 

CPU:total 4 (2 cores per cpu, 2 threads per core) family 6 model 58 stepping 9, cmov, cx8, fxsr, mmx, sse, sse2, sse3, ssse3, sse4.1, sse4.2, popcnt, ht, tsc, tscinvbit, tscinv

Memory: 4k page, physical 8202604k(5232636k free), swap 16403300k(13261432k free)

vm_info: Java HotSpot(TM) Client VM (23.7-b01) for windows-x86 JRE (1.7.0_13-b20), built on Jan 30 2013 10:03:58 by "java_re" with unknown MS VC++:1600

time: Fri Jun 21 12:21:19 2013
elapsed time: 18 seconds

